[0.652s] Invoking command in '/home/waesco704/ydlidar_ws/build/ydlidar_sdk': /usr/bin/cmake --build /home/waesco704/ydlidar_ws/build/ydlidar_sdk -- -j8 -l8
[0.761s] [ 38%] Built target ydlidar_sdk
[0.809s] [ 45%] Built target scl_test
[0.809s] [ 45%] Built target et_test
[0.818s] [ 49%] Built target sdm18_test
[0.819s] [ 52%] Built target gs_restart
[0.821s] [ 56%] Built target gs_test
[0.824s] [ 60%] Built target gs_test2
[0.828s] [ 63%] Built target sdm_test
[0.833s] [ 67%] Built target gs_ota
[0.872s] [ 70%] Built target tea_test
[0.877s] [ 74%] Built target tmini-sh_test
[0.878s] [ 78%] Built target tmini_test
[0.879s] [ 81%] Built target tri_restart
[0.884s] [ 87%] Built target tri_and_gs_test
[0.884s] [ 89%] Built target tof_test
[0.890s] [ 96%] Built target tia_test
[0.890s] [ 96%] Built target tri_test
[0.913s] [100%] Built target lidar_c_api_test
[1.230s] Invoked command in '/home/waesco704/ydlidar_ws/build/ydlidar_sdk' returned '0': /usr/bin/cmake --build /home/waesco704/ydlidar_ws/build/ydlidar_sdk -- -j8 -l8
[1.233s] Invoking command in '/home/waesco704/ydlidar_ws/build/ydlidar_sdk': /usr/bin/cmake --install /home/waesco704/ydlidar_ws/build/ydlidar_sdk
[1.250s] -- Install configuration: ""
[1.250s] -- Up-to-date: /home/waesco704/ydlidar_ws/install/ydlidar_sdk/include/core/base/datatype.h
[1.251s] -- Up-to-date: /home/waesco704/ydlidar_ws/install/ydlidar_sdk/include/core/base/locker.h
[1.251s] -- Up-to-date: /home/waesco704/ydlidar_ws/install/ydlidar_sdk/include/core/base/thread.h
[1.251s] -- Up-to-date: /home/waesco704/ydlidar_ws/install/ydlidar_sdk/include/core/base/timer.h
[1.252s] -- Up-to-date: /home/waesco704/ydlidar_ws/install/ydlidar_sdk/include/core/base/typedef.h
[1.253s] -- Up-to-date: /home/waesco704/ydlidar_ws/install/ydlidar_sdk/include/core/base/utils.h
[1.253s] -- Up-to-date: /home/waesco704/ydlidar_ws/install/ydlidar_sdk/include/core/base/v8stdint.h
[1.254s] -- Up-to-date: /home/waesco704/ydlidar_ws/install/ydlidar_sdk/include/core/base/ydlidar.h
[1.255s] -- Up-to-date: /home/waesco704/ydlidar_ws/install/ydlidar_sdk/include/core/common/ChannelDevice.h
[1.255s] -- Up-to-date: /home/waesco704/ydlidar_ws/install/ydlidar_sdk/include/core/common/DriverInterface.h
[1.255s] -- Up-to-date: /home/waesco704/ydlidar_ws/install/ydlidar_sdk/include/core/common/ydlidar_datatype.h
[1.255s] -- Up-to-date: /home/waesco704/ydlidar_ws/install/ydlidar_sdk/include/core/common/ydlidar_def.h
[1.255s] -- Up-to-date: /home/waesco704/ydlidar_ws/install/ydlidar_sdk/include/core/common/ydlidar_help.h
[1.257s] -- Up-to-date: /home/waesco704/ydlidar_ws/install/ydlidar_sdk/include/core/common/ydlidar_protocol.h
[1.257s] -- Up-to-date: /home/waesco704/ydlidar_ws/install/ydlidar_sdk/include/core/json/cJSON.h
[1.257s] -- Up-to-date: /home/waesco704/ydlidar_ws/install/ydlidar_sdk/include/core/math/angles.h
[1.257s] -- Up-to-date: /home/waesco704/ydlidar_ws/install/ydlidar_sdk/include/core/network/ActiveSocket.h
[1.258s] -- Up-to-date: /home/waesco704/ydlidar_ws/install/ydlidar_sdk/include/core/network/PassiveSocket.h
[1.258s] -- Up-to-date: /home/waesco704/ydlidar_ws/install/ydlidar_sdk/include/core/network/SimpleSocket.h
[1.258s] -- Up-to-date: /home/waesco704/ydlidar_ws/install/ydlidar_sdk/include/core/network/StatTimer.h
[1.258s] -- Up-to-date: /home/waesco704/ydlidar_ws/install/ydlidar_sdk/include/core/serial/common.h
[1.258s] -- Up-to-date: /home/waesco704/ydlidar_ws/install/ydlidar_sdk/include/core/serial/serial.h
[1.259s] -- Up-to-date: /home/waesco704/ydlidar_ws/install/ydlidar_sdk/include/core/serial/impl/unix/lock.h
[1.259s] -- Up-to-date: /home/waesco704/ydlidar_ws/install/ydlidar_sdk/include/core/serial/impl/unix/unix.h
[1.259s] -- Up-to-date: /home/waesco704/ydlidar_ws/install/ydlidar_sdk/include/core/serial/impl/unix/unix_serial.h
[1.259s] -- Up-to-date: /home/waesco704/ydlidar_ws/install/ydlidar_sdk/include/src/CYdLidar.h
[1.259s] -- Up-to-date: /home/waesco704/ydlidar_ws/install/ydlidar_sdk/include/src/DTSLidarDriver.h
[1.260s] -- Up-to-date: /home/waesco704/ydlidar_ws/install/ydlidar_sdk/include/src/ETLidarDriver.h
[1.260s] -- Up-to-date: /home/waesco704/ydlidar_ws/install/ydlidar_sdk/include/src/GSLidarDriver.h
[1.260s] -- Up-to-date: /home/waesco704/ydlidar_ws/install/ydlidar_sdk/include/src/SDMLidarDriver.h
[1.261s] -- Up-to-date: /home/waesco704/ydlidar_ws/install/ydlidar_sdk/include/src/TiaLidarDriver.h
[1.261s] -- Up-to-date: /home/waesco704/ydlidar_ws/install/ydlidar_sdk/include/src/YDlidarDriver.h
[1.261s] -- Up-to-date: /home/waesco704/ydlidar_ws/install/ydlidar_sdk/include/src/ydlidar_sdk.h
[1.262s] -- Up-to-date: /home/waesco704/ydlidar_ws/install/ydlidar_sdk/include/src/filters/FilterInterface.h
[1.262s] -- Up-to-date: /home/waesco704/ydlidar_ws/install/ydlidar_sdk/include/src/filters/NoiseFilter.h
[1.262s] -- Up-to-date: /home/waesco704/ydlidar_ws/install/ydlidar_sdk/include/src/filters/StrongLightFilter.h
[1.262s] -- Up-to-date: /home/waesco704/ydlidar_ws/install/ydlidar_sdk/include/ydlidar_config.h
[1.262s] -- Up-to-date: /home/waesco704/ydlidar_ws/install/ydlidar_sdk/lib/libydlidar_sdk.a
[1.263s] -- Up-to-date: /home/waesco704/ydlidar_ws/install/ydlidar_sdk/lib/pkgconfig/YDLIDAR_SDK.pc
[1.263s] -- Up-to-date: /home/waesco704/ydlidar_ws/install/ydlidar_sdk/lib/cmake/ydlidar_sdk/ydlidar_sdkConfig.cmake
[1.263s] -- Up-to-date: /home/waesco704/ydlidar_ws/install/ydlidar_sdk/lib/cmake/ydlidar_sdk/ydlidar_sdkTargets.cmake
[1.263s] -- Up-to-date: /home/waesco704/ydlidar_ws/install/ydlidar_sdk/lib/cmake/ydlidar_sdk/ydlidar_sdkConfigVersion.cmake
[1.264s] -- Up-to-date: /home/waesco704/ydlidar_ws/install/ydlidar_sdk/share/YDLIDAR_SDK/FindYDLIDAR_SDK.cmake
[1.264s] -- Up-to-date: /home/waesco704/ydlidar_ws/install/ydlidar_sdk/share/YDLIDAR_SDK
[1.264s] -- Up-to-date: /home/waesco704/ydlidar_ws/install/ydlidar_sdk/share/YDLIDAR_SDK/install_package.cmake
[1.264s] -- Up-to-date: /home/waesco704/ydlidar_ws/install/ydlidar_sdk/share/YDLIDAR_SDK/PackageConfigVersion.cmake.in
[1.264s] -- Up-to-date: /home/waesco704/ydlidar_ws/install/ydlidar_sdk/share/YDLIDAR_SDK/cmake_uninstall.cmake.in
[1.264s] -- Up-to-date: /home/waesco704/ydlidar_ws/install/ydlidar_sdk/share/YDLIDAR_SDK/FindPackage.cmake.in
[1.265s] -- Up-to-date: /home/waesco704/ydlidar_ws/install/ydlidar_sdk/share/YDLIDAR_SDK/PackageConfig.cmake.in
[1.265s] -- Up-to-date: /home/waesco704/ydlidar_ws/install/ydlidar_sdk/share/YDLIDAR_SDK/script_show_final_summary.cmake
[1.265s] -- Up-to-date: /home/waesco704/ydlidar_ws/install/ydlidar_sdk/share/YDLIDAR_SDK/common
[1.265s] -- Up-to-date: /home/waesco704/ydlidar_ws/install/ydlidar_sdk/share/YDLIDAR_SDK/common/ydlidar_base.cmake
[1.265s] -- Up-to-date: /home/waesco704/ydlidar_ws/install/ydlidar_sdk/share/YDLIDAR_SDK/common/ydlidar_parse.cmake
[1.265s] -- Up-to-date: /home/waesco704/ydlidar_ws/install/ydlidar_sdk/share/YDLIDAR_SDK/PkgConfig.pc.in
[1.265s] -- Up-to-date: /home/waesco704/ydlidar_ws/install/ydlidar_sdk/share/YDLIDAR_SDK/LICENSE.txt
[1.266s] -- Up-to-date: /home/waesco704/ydlidar_ws/install/ydlidar_sdk/share/YDLIDAR_SDK/README.md
[1.266s] -- Up-to-date: /home/waesco704/ydlidar_ws/install/ydlidar_sdk/share/YDLIDAR_SDK/doc
[1.266s] -- Up-to-date: /home/waesco704/ydlidar_ws/install/ydlidar_sdk/share/YDLIDAR_SDK/doc/SDK.pdf
[1.266s] -- Up-to-date: /home/waesco704/ydlidar_ws/install/ydlidar_sdk/share/YDLIDAR_SDK/doc/tutorials
[1.267s] -- Up-to-date: /home/waesco704/ydlidar_ws/install/ydlidar_sdk/share/YDLIDAR_SDK/doc/tutorials/writing_lidar_network_adapter_tutorial_c++.md
[1.269s] -- Up-to-date: /home/waesco704/ydlidar_ws/install/ydlidar_sdk/share/YDLIDAR_SDK/doc/tutorials/writing_lidar_tutorial_c++.md
[1.270s] -- Up-to-date: /home/waesco704/ydlidar_ws/install/ydlidar_sdk/share/YDLIDAR_SDK/doc/tutorials/examine_the_simple_lidar_tutorial.md
[1.270s] -- Up-to-date: /home/waesco704/ydlidar_ws/install/ydlidar_sdk/share/YDLIDAR_SDK/doc/tutorials/writing_lidar_tutorial_python.md
[1.270s] -- Up-to-date: /home/waesco704/ydlidar_ws/install/ydlidar_sdk/share/YDLIDAR_SDK/doc/tutorials/writing_lidar_tutorial_c.md
[1.270s] -- Up-to-date: /home/waesco704/ydlidar_ws/install/ydlidar_sdk/share/YDLIDAR_SDK/doc/README.md
[1.271s] -- Up-to-date: /home/waesco704/ydlidar_ws/install/ydlidar_sdk/share/YDLIDAR_SDK/doc/FAQs
[1.271s] -- Up-to-date: /home/waesco704/ydlidar_ws/install/ydlidar_sdk/share/YDLIDAR_SDK/doc/FAQs/Hardware_FAQs.md
[1.271s] -- Up-to-date: /home/waesco704/ydlidar_ws/install/ydlidar_sdk/share/YDLIDAR_SDK/doc/FAQs/Hardware_FAQs_cn.md
[1.272s] -- Up-to-date: /home/waesco704/ydlidar_ws/install/ydlidar_sdk/share/YDLIDAR_SDK/doc/FAQs/README.md
[1.272s] -- Up-to-date: /home/waesco704/ydlidar_ws/install/ydlidar_sdk/share/YDLIDAR_SDK/doc/FAQs/General_FAQs_cn.md
[1.273s] -- Up-to-date: /home/waesco704/ydlidar_ws/install/ydlidar_sdk/share/YDLIDAR_SDK/doc/FAQs/General_FAQs.md
[1.274s] -- Up-to-date: /home/waesco704/ydlidar_ws/install/ydlidar_sdk/share/YDLIDAR_SDK/doc/FAQs/Software_FAQs.md
[1.275s] -- Up-to-date: /home/waesco704/ydlidar_ws/install/ydlidar_sdk/share/YDLIDAR_SDK/doc/FAQs/Software_FAQs_cn.md
[1.275s] -- Up-to-date: /home/waesco704/ydlidar_ws/install/ydlidar_sdk/share/YDLIDAR_SDK/doc/YDLidar-SDK-Communication-Protocol.pdf
[1.275s] -- Up-to-date: /home/waesco704/ydlidar_ws/install/ydlidar_sdk/share/YDLIDAR_SDK/doc/Tutorials.md
[1.276s] -- Up-to-date: /home/waesco704/ydlidar_ws/install/ydlidar_sdk/share/YDLIDAR_SDK/doc/images
[1.277s] -- Up-to-date: /home/waesco704/ydlidar_ws/install/ydlidar_sdk/share/YDLIDAR_SDK/doc/images/YDLidar.jpg
[1.277s] -- Up-to-date: /home/waesco704/ydlidar_ws/install/ydlidar_sdk/share/YDLIDAR_SDK/doc/images/EAI.png
[1.277s] -- Up-to-date: /home/waesco704/ydlidar_ws/install/ydlidar_sdk/share/YDLIDAR_SDK/doc/images/system_workflow.png
[1.278s] -- Up-to-date: /home/waesco704/ydlidar_ws/install/ydlidar_sdk/share/YDLIDAR_SDK/doc/images/sdk_init.png
[1.278s] -- Up-to-date: /home/waesco704/ydlidar_ws/install/ydlidar_sdk/share/YDLIDAR_SDK/doc/images/sdk_architecture.png
[1.279s] -- Up-to-date: /home/waesco704/ydlidar_ws/install/ydlidar_sdk/share/YDLIDAR_SDK/doc/images/communication_mechanism.png
[1.279s] -- Up-to-date: /home/waesco704/ydlidar_ws/install/ydlidar_sdk/share/YDLIDAR_SDK/doc/images/frame_intensity.png
[1.280s] -- Up-to-date: /home/waesco704/ydlidar_ws/install/ydlidar_sdk/share/YDLIDAR_SDK/doc/images/sequence.png
[1.281s] -- Up-to-date: /home/waesco704/ydlidar_ws/install/ydlidar_sdk/share/YDLIDAR_SDK/doc/images/YDLidar.png
[1.282s] -- Up-to-date: /home/waesco704/ydlidar_ws/install/ydlidar_sdk/share/YDLIDAR_SDK/doc/images/sdk_scanning.png
[1.282s] -- Up-to-date: /home/waesco704/ydlidar_ws/install/ydlidar_sdk/share/YDLIDAR_SDK/doc/images/angle_q2.png
[1.282s] -- Up-to-date: /home/waesco704/ydlidar_ws/install/ydlidar_sdk/share/YDLIDAR_SDK/doc/images/FlowChart.png
[1.282s] -- Up-to-date: /home/waesco704/ydlidar_ws/install/ydlidar_sdk/share/YDLIDAR_SDK/doc/images/frame.png
[1.283s] -- Up-to-date: /home/waesco704/ydlidar_ws/install/ydlidar_sdk/share/YDLIDAR_SDK/doc/Dataset.md
[1.284s] -- Up-to-date: /home/waesco704/ydlidar_ws/install/ydlidar_sdk/share/YDLIDAR_SDK/doc/Diagram.md
[1.285s] -- Up-to-date: /home/waesco704/ydlidar_ws/install/ydlidar_sdk/share/YDLIDAR_SDK/doc/YDLidar-SDK-Communication-Protocol.html
[1.285s] -- Up-to-date: /home/waesco704/ydlidar_ws/install/ydlidar_sdk/share/YDLIDAR_SDK/doc/YDLidar-SDK-Communication-Protocol.md
[1.285s] -- Up-to-date: /home/waesco704/ydlidar_ws/install/ydlidar_sdk/share/YDLIDAR_SDK/doc/howto
[1.285s] -- Up-to-date: /home/waesco704/ydlidar_ws/install/ydlidar_sdk/share/YDLIDAR_SDK/doc/howto/how_to_create_a_csharp_project.md
[1.286s] -- Up-to-date: /home/waesco704/ydlidar_ws/install/ydlidar_sdk/share/YDLIDAR_SDK/doc/howto/README.md
[1.286s] -- Up-to-date: /home/waesco704/ydlidar_ws/install/ydlidar_sdk/share/YDLIDAR_SDK/doc/howto/images
[1.287s] -- Up-to-date: /home/waesco704/ydlidar_ws/install/ydlidar_sdk/share/YDLIDAR_SDK/doc/howto/images/csharp_build.png
[1.287s] -- Up-to-date: /home/waesco704/ydlidar_ws/install/ydlidar_sdk/share/YDLIDAR_SDK/doc/howto/images/csharp_project.png
[1.288s] -- Up-to-date: /home/waesco704/ydlidar_ws/install/ydlidar_sdk/share/YDLIDAR_SDK/doc/howto/images/csharp_exception.png
[1.288s] -- Up-to-date: /home/waesco704/ydlidar_ws/install/ydlidar_sdk/share/YDLIDAR_SDK/doc/howto/images/csharp_library.png
[1.289s] -- Up-to-date: /home/waesco704/ydlidar_ws/install/ydlidar_sdk/share/YDLIDAR_SDK/doc/howto/images/sdk_init.png
[1.289s] -- Up-to-date: /home/waesco704/ydlidar_ws/install/ydlidar_sdk/share/YDLIDAR_SDK/doc/howto/images/csharp_running.png
[1.291s] -- Up-to-date: /home/waesco704/ydlidar_ws/install/ydlidar_sdk/share/YDLIDAR_SDK/doc/howto/images/vscode
[1.291s] -- Up-to-date: /home/waesco704/ydlidar_ws/install/ydlidar_sdk/share/YDLIDAR_SDK/doc/howto/images/vscode/tasks.png
[1.291s] -- Up-to-date: /home/waesco704/ydlidar_ws/install/ydlidar_sdk/share/YDLIDAR_SDK/doc/howto/images/vscode/run_tasks.jpg
[1.293s] -- Up-to-date: /home/waesco704/ydlidar_ws/install/ydlidar_sdk/share/YDLIDAR_SDK/doc/howto/images/cpack.png
[1.293s] -- Up-to-date: /home/waesco704/ydlidar_ws/install/ydlidar_sdk/share/YDLIDAR_SDK/doc/howto/images/ttyUSB1.png
[1.294s] -- Up-to-date: /home/waesco704/ydlidar_ws/install/ydlidar_sdk/share/YDLIDAR_SDK/doc/howto/images/ttyUSB0.png
[1.294s] -- Up-to-date: /home/waesco704/ydlidar_ws/install/ydlidar_sdk/share/YDLIDAR_SDK/doc/howto/images/ydlidar_lidar_monitor.png
[1.294s] -- Up-to-date: /home/waesco704/ydlidar_ws/install/ydlidar_sdk/share/YDLIDAR_SDK/doc/howto/images/sequence.png
[1.294s] -- Up-to-date: /home/waesco704/ydlidar_ws/install/ydlidar_sdk/share/YDLIDAR_SDK/doc/howto/images/sdk_scanning.png
[1.295s] -- Up-to-date: /home/waesco704/ydlidar_ws/install/ydlidar_sdk/share/YDLIDAR_SDK/doc/howto/how_to_create_a_udev_rules.md
[1.295s] -- Up-to-date: /home/waesco704/ydlidar_ws/install/ydlidar_sdk/share/YDLIDAR_SDK/doc/howto/how_to_build_and_install.md
[1.295s] -- Up-to-date: /home/waesco704/ydlidar_ws/install/ydlidar_sdk/share/YDLIDAR_SDK/doc/howto/how_to_build_and_debug_using_vscode.md
[1.296s] -- Up-to-date: /home/waesco704/ydlidar_ws/install/ydlidar_sdk/share/YDLIDAR_SDK/doc/howto/how_to_solve_slow_pull_from_cn.md
[1.296s] -- Up-to-date: /home/waesco704/ydlidar_ws/install/ydlidar_sdk/share/YDLIDAR_SDK/doc/howto/how_to_gerenrate_vs_project_by_cmake.md
[1.297s] -- Up-to-date: /home/waesco704/ydlidar_ws/install/ydlidar_sdk/share/YDLIDAR_SDK/doc/howto/how_to_create_a_pull.md
[1.297s] -- Up-to-date: /home/waesco704/ydlidar_ws/install/ydlidar_sdk/share/YDLIDAR_SDK/doc/YDLidar_SDK_Communication_Protocol.pdf
[1.297s] -- Up-to-date: /home/waesco704/ydlidar_ws/install/ydlidar_sdk/share/YDLIDAR_SDK/doc/quickstart
[1.298s] -- Up-to-date: /home/waesco704/ydlidar_ws/install/ydlidar_sdk/share/YDLIDAR_SDK/doc/quickstart/README.md
[1.299s] -- Up-to-date: /home/waesco704/ydlidar_ws/install/ydlidar_sdk/share/YDLIDAR_SDK/doc/quickstart/ydlidar_sdk_software_installation_guide.md
[1.300s] -- Up-to-date: /home/waesco704/ydlidar_ws/install/ydlidar_sdk/share/YDLIDAR_SDK/doc/YDLIDAR_SDK_API_for_Developers.md
[1.300s] -- Up-to-date: /home/waesco704/ydlidar_ws/install/ydlidar_sdk/startup/initenv.sh
[1.300s] -- Up-to-date: /home/waesco704/ydlidar_ws/install/ydlidar_sdk/bin/et_test
[1.300s] -- Up-to-date: /home/waesco704/ydlidar_ws/install/ydlidar_sdk/bin/gs_ota
[1.301s] -- Up-to-date: /home/waesco704/ydlidar_ws/install/ydlidar_sdk/bin/gs_restart
[1.301s] -- Up-to-date: /home/waesco704/ydlidar_ws/install/ydlidar_sdk/bin/gs_test
[1.302s] -- Up-to-date: /home/waesco704/ydlidar_ws/install/ydlidar_sdk/bin/gs_test2
[1.302s] -- Up-to-date: /home/waesco704/ydlidar_ws/install/ydlidar_sdk/bin/scl_test
[1.302s] -- Up-to-date: /home/waesco704/ydlidar_ws/install/ydlidar_sdk/bin/sdm18_test
[1.303s] -- Up-to-date: /home/waesco704/ydlidar_ws/install/ydlidar_sdk/bin/sdm_test
[1.303s] -- Up-to-date: /home/waesco704/ydlidar_ws/install/ydlidar_sdk/bin/tea_test
[1.304s] -- Up-to-date: /home/waesco704/ydlidar_ws/install/ydlidar_sdk/bin/tia_test
[1.304s] -- Up-to-date: /home/waesco704/ydlidar_ws/install/ydlidar_sdk/bin/tmini-sh_test
[1.305s] -- Up-to-date: /home/waesco704/ydlidar_ws/install/ydlidar_sdk/bin/tmini_test
[1.305s] -- Up-to-date: /home/waesco704/ydlidar_ws/install/ydlidar_sdk/bin/tof_test
[1.305s] -- Up-to-date: /home/waesco704/ydlidar_ws/install/ydlidar_sdk/bin/tri_and_gs_test
[1.306s] -- Up-to-date: /home/waesco704/ydlidar_ws/install/ydlidar_sdk/bin/tri_restart
[1.306s] -- Up-to-date: /home/waesco704/ydlidar_ws/install/ydlidar_sdk/bin/tri_test
[1.306s] -- Up-to-date: /home/waesco704/ydlidar_ws/install/ydlidar_sdk/bin/lidar_c_api_test
[1.307s] Invoked command in '/home/waesco704/ydlidar_ws/build/ydlidar_sdk' returned '0': /usr/bin/cmake --install /home/waesco704/ydlidar_ws/build/ydlidar_sdk
