[0.507s] Invoking command in '/home/waesco704/ydlidar_ws/build/ydlidar_ros2_driver': CMAKE_PREFIX_PATH=${CMAKE_PREFIX_PATH}:/home/waesco704/ydlidar_ws/install/my_robot:/opt/ros/humble /usr/bin/cmake --build /home/waesco704/ydlidar_ws/build/ydlidar_ros2_driver -- -j8 -l8
[0.599s] [35m[1mConsolidate compiler generated dependencies of target ydlidar_ros2_driver_client[0m
[0.600s] [35m[1mConsolidate compiler generated dependencies of target ydlidar_ros2_driver_node[0m
[0.645s] [100%] Built target ydlidar_ros2_driver_node
[0.645s] [100%] Built target ydlidar_ros2_driver_client
[0.668s] Invoked command in '/home/waesco704/ydlidar_ws/build/ydlidar_ros2_driver' returned '0': CMAKE_PREFIX_PATH=${CMAKE_PREFIX_PATH}:/home/waesco704/ydlidar_ws/install/my_robot:/opt/ros/humble /usr/bin/cmake --build /home/waesco704/ydlidar_ws/build/ydlidar_ros2_driver -- -j8 -l8
[0.688s] Invoking command in '/home/waesco704/ydlidar_ws/build/ydlidar_ros2_driver': CMAKE_PREFIX_PATH=${CMAKE_PREFIX_PATH}:/home/waesco704/ydlidar_ws/install/my_robot:/opt/ros/humble /usr/bin/cmake --install /home/waesco704/ydlidar_ws/build/ydlidar_ros2_driver
[0.717s] -- Install configuration: ""
[0.719s] -- Up-to-date: /home/waesco704/ydlidar_ws/install/ydlidar_ros2_driver/lib/ydlidar_ros2_driver/ydlidar_ros2_driver_node
[0.720s] -- Up-to-date: /home/waesco704/ydlidar_ws/install/ydlidar_ros2_driver/lib/ydlidar_ros2_driver/ydlidar_ros2_driver_client
[0.720s] -- Up-to-date: /home/waesco704/ydlidar_ws/install/ydlidar_ros2_driver/share/ydlidar_ros2_driver/launch
[0.721s] -- Up-to-date: /home/waesco704/ydlidar_ws/install/ydlidar_ros2_driver/share/ydlidar_ros2_driver/launch/ydlidar_full.launch.py
[0.721s] -- Up-to-date: /home/waesco704/ydlidar_ws/install/ydlidar_ros2_driver/share/ydlidar_ros2_driver/launch/ydlidar_launch.py
[0.721s] -- Up-to-date: /home/waesco704/ydlidar_ws/install/ydlidar_ros2_driver/share/ydlidar_ros2_driver/launch/view_lidar.launch.py
[0.721s] -- Up-to-date: /home/waesco704/ydlidar_ws/install/ydlidar_ros2_driver/share/ydlidar_ros2_driver/launch/ydlidar_launch_view.py
[0.722s] -- Up-to-date: /home/waesco704/ydlidar_ws/install/ydlidar_ros2_driver/share/ydlidar_ros2_driver/launch/ydlidar.py
[0.722s] -- Up-to-date: /home/waesco704/ydlidar_ws/install/ydlidar_ros2_driver/share/ydlidar_ros2_driver/params
[0.722s] -- Up-to-date: /home/waesco704/ydlidar_ws/install/ydlidar_ros2_driver/share/ydlidar_ros2_driver/params/G2.yaml
[0.722s] -- Up-to-date: /home/waesco704/ydlidar_ws/install/ydlidar_ros2_driver/share/ydlidar_ros2_driver/params/TG.yaml
[0.722s] -- Up-to-date: /home/waesco704/ydlidar_ws/install/ydlidar_ros2_driver/share/ydlidar_ros2_driver/params/X4-Pro.yaml
[0.722s] -- Up-to-date: /home/waesco704/ydlidar_ws/install/ydlidar_ros2_driver/share/ydlidar_ros2_driver/params/X2.yaml
[0.722s] -- Up-to-date: /home/waesco704/ydlidar_ws/install/ydlidar_ros2_driver/share/ydlidar_ros2_driver/params/G6.yaml
[0.723s] -- Up-to-date: /home/waesco704/ydlidar_ws/install/ydlidar_ros2_driver/share/ydlidar_ros2_driver/params/G1.yaml
[0.723s] -- Up-to-date: /home/waesco704/ydlidar_ws/install/ydlidar_ros2_driver/share/ydlidar_ros2_driver/params/GS2.yaml
[0.723s] -- Up-to-date: /home/waesco704/ydlidar_ws/install/ydlidar_ros2_driver/share/ydlidar_ros2_driver/params/ydlidar.yaml
[0.723s] -- Up-to-date: /home/waesco704/ydlidar_ws/install/ydlidar_ros2_driver/share/ydlidar_ros2_driver/params/TminiPro.yaml
[0.723s] -- Up-to-date: /home/waesco704/ydlidar_ws/install/ydlidar_ros2_driver/share/ydlidar_ros2_driver/params/X4.yaml
[0.723s] -- Up-to-date: /home/waesco704/ydlidar_ws/install/ydlidar_ros2_driver/share/ydlidar_ros2_driver/params/TEA.yaml
[0.724s] -- Up-to-date: /home/waesco704/ydlidar_ws/install/ydlidar_ros2_driver/share/ydlidar_ros2_driver/startup
[0.724s] -- Up-to-date: /home/waesco704/ydlidar_ws/install/ydlidar_ros2_driver/share/ydlidar_ros2_driver/startup/initenv.sh
[0.724s] -- Up-to-date: /home/waesco704/ydlidar_ws/install/ydlidar_ros2_driver/share/ydlidar_ros2_driver/config
[0.724s] -- Up-to-date: /home/waesco704/ydlidar_ws/install/ydlidar_ros2_driver/share/ydlidar_ros2_driver/config/ydlidar.rviz
[0.725s] -- Up-to-date: /home/waesco704/ydlidar_ws/install/ydlidar_ros2_driver/share/ament_index/resource_index/package_run_dependencies/ydlidar_ros2_driver
[0.728s] -- Up-to-date: /home/waesco704/ydlidar_ws/install/ydlidar_ros2_driver/share/ament_index/resource_index/parent_prefix_path/ydlidar_ros2_driver
[0.729s] -- Up-to-date: /home/waesco704/ydlidar_ws/install/ydlidar_ros2_driver/share/ydlidar_ros2_driver/environment/ament_prefix_path.sh
[0.729s] -- Up-to-date: /home/waesco704/ydlidar_ws/install/ydlidar_ros2_driver/share/ydlidar_ros2_driver/environment/ament_prefix_path.dsv
[0.729s] -- Up-to-date: /home/waesco704/ydlidar_ws/install/ydlidar_ros2_driver/share/ydlidar_ros2_driver/environment/path.sh
[0.729s] -- Up-to-date: /home/waesco704/ydlidar_ws/install/ydlidar_ros2_driver/share/ydlidar_ros2_driver/environment/path.dsv
[0.729s] -- Up-to-date: /home/waesco704/ydlidar_ws/install/ydlidar_ros2_driver/share/ydlidar_ros2_driver/local_setup.bash
[0.729s] -- Up-to-date: /home/waesco704/ydlidar_ws/install/ydlidar_ros2_driver/share/ydlidar_ros2_driver/local_setup.sh
[0.730s] -- Up-to-date: /home/waesco704/ydlidar_ws/install/ydlidar_ros2_driver/share/ydlidar_ros2_driver/local_setup.zsh
[0.730s] -- Up-to-date: /home/waesco704/ydlidar_ws/install/ydlidar_ros2_driver/share/ydlidar_ros2_driver/local_setup.dsv
[0.730s] -- Installing: /home/waesco704/ydlidar_ws/install/ydlidar_ros2_driver/share/ydlidar_ros2_driver/package.dsv
[0.731s] -- Up-to-date: /home/waesco704/ydlidar_ws/install/ydlidar_ros2_driver/share/ament_index/resource_index/packages/ydlidar_ros2_driver
[0.731s] -- Up-to-date: /home/waesco704/ydlidar_ws/install/ydlidar_ros2_driver/share/ydlidar_ros2_driver/cmake/ydlidar_ros2_driverConfig.cmake
[0.731s] -- Up-to-date: /home/waesco704/ydlidar_ws/install/ydlidar_ros2_driver/share/ydlidar_ros2_driver/cmake/ydlidar_ros2_driverConfig-version.cmake
[0.731s] -- Up-to-date: /home/waesco704/ydlidar_ws/install/ydlidar_ros2_driver/share/ydlidar_ros2_driver/package.xml
[0.747s] Invoked command in '/home/waesco704/ydlidar_ws/build/ydlidar_ros2_driver' returned '0': CMAKE_PREFIX_PATH=${CMAKE_PREFIX_PATH}:/home/waesco704/ydlidar_ws/install/my_robot:/opt/ros/humble /usr/bin/cmake --install /home/waesco704/ydlidar_ws/build/ydlidar_ros2_driver
