[2.482s] Invoking command in '/home/waesco704/ydlidar_ws/build/my_robot': PYTHONPATH=/home/waesco704/ydlidar_ws/build/my_robot/prefix_override:/home/waesco704/.local/lib/python3.10/site-packages/colcon_core/task/python/colcon_distutils_commands:/home/waesco704/ydlidar_ws/install/my_robot/lib/python3.10/site-packages:${PYTHONPATH} /usr/bin/python3 -W ignore:setup.py install is deprecated -W ignore:easy_install command is deprecated setup.py develop --uninstall --editable --build-directory /home/waesco704/ydlidar_ws/build/my_robot/build
[3.185s] running develop
[3.678s] Removing /home/waesco704/ydlidar_ws/install/my_robot/lib/python3.10/site-packages/my-robot.egg-link (link to .)
[3.786s] Invoked command in '/home/waesco704/ydlidar_ws/build/my_robot' returned '0': PYTHONPATH=/home/waesco704/ydlidar_ws/build/my_robot/prefix_override:/home/waesco704/.local/lib/python3.10/site-packages/colcon_core/task/python/colcon_distutils_commands:/home/waesco704/ydlidar_ws/install/my_robot/lib/python3.10/site-packages:${PYTHONPATH} /usr/bin/python3 -W ignore:setup.py install is deprecated -W ignore:easy_install command is deprecated setup.py develop --uninstall --editable --build-directory /home/waesco704/ydlidar_ws/build/my_robot/build
[3.792s] Invoking command in '/home/waesco704/ydlidar_ws/src/my_robot': PYTHONPATH=/home/waesco704/ydlidar_ws/build/my_robot/prefix_override:/home/waesco704/.local/lib/python3.10/site-packages/colcon_core/task/python/colcon_distutils_commands:/home/waesco704/ydlidar_ws/install/my_robot/lib/python3.10/site-packages:${PYTHONPATH} /usr/bin/python3 -W ignore:setup.py install is deprecated -W ignore:easy_install command is deprecated setup.py egg_info --egg-base ../../build/my_robot build --build-base /home/waesco704/ydlidar_ws/build/my_robot/build install --record /home/waesco704/ydlidar_ws/build/my_robot/install.log --single-version-externally-managed install_data --force
[4.364s] running egg_info
[4.399s] writing ../../build/my_robot/my_robot.egg-info/PKG-INFO
[4.401s] writing dependency_links to ../../build/my_robot/my_robot.egg-info/dependency_links.txt
[4.401s] writing entry points to ../../build/my_robot/my_robot.egg-info/entry_points.txt
[4.402s] writing requirements to ../../build/my_robot/my_robot.egg-info/requires.txt
[4.402s] writing top-level names to ../../build/my_robot/my_robot.egg-info/top_level.txt
[4.480s] reading manifest file '../../build/my_robot/my_robot.egg-info/SOURCES.txt'
[4.484s] writing manifest file '../../build/my_robot/my_robot.egg-info/SOURCES.txt'
[4.484s] running build
[4.485s] running build_py
[4.485s] copying my_robot/reactive_avoidance.py -> /home/waesco704/ydlidar_ws/build/my_robot/build/lib/my_robot
[4.486s] copying my_robot/serial_bridge.py -> /home/waesco704/ydlidar_ws/build/my_robot/build/lib/my_robot
[4.486s] copying my_robot/cmd_vel_bridge.py -> /home/waesco704/ydlidar_ws/build/my_robot/build/lib/my_robot
[4.487s] copying my_robot/__init__.py -> /home/waesco704/ydlidar_ws/build/my_robot/build/lib/my_robot
[4.488s] copying my_robot/lidar_processor.py -> /home/waesco704/ydlidar_ws/build/my_robot/build/lib/my_robot
[4.489s] running install
[4.498s] running install_lib
[4.538s] creating /home/waesco704/ydlidar_ws/install/my_robot/lib/python3.10/site-packages/my_robot
[4.538s] copying /home/waesco704/ydlidar_ws/build/my_robot/build/lib/my_robot/reactive_avoidance.py -> /home/waesco704/ydlidar_ws/install/my_robot/lib/python3.10/site-packages/my_robot
[4.538s] copying /home/waesco704/ydlidar_ws/build/my_robot/build/lib/my_robot/serial_bridge.py -> /home/waesco704/ydlidar_ws/install/my_robot/lib/python3.10/site-packages/my_robot
[4.539s] copying /home/waesco704/ydlidar_ws/build/my_robot/build/lib/my_robot/cmd_vel_bridge.py -> /home/waesco704/ydlidar_ws/install/my_robot/lib/python3.10/site-packages/my_robot
[4.539s] copying /home/waesco704/ydlidar_ws/build/my_robot/build/lib/my_robot/__init__.py -> /home/waesco704/ydlidar_ws/install/my_robot/lib/python3.10/site-packages/my_robot
[4.539s] copying /home/waesco704/ydlidar_ws/build/my_robot/build/lib/my_robot/lidar_processor.py -> /home/waesco704/ydlidar_ws/install/my_robot/lib/python3.10/site-packages/my_robot
[4.541s] byte-compiling /home/waesco704/ydlidar_ws/install/my_robot/lib/python3.10/site-packages/my_robot/reactive_avoidance.py to reactive_avoidance.cpython-310.pyc
[4.543s] byte-compiling /home/waesco704/ydlidar_ws/install/my_robot/lib/python3.10/site-packages/my_robot/serial_bridge.py to serial_bridge.cpython-310.pyc
[4.545s] byte-compiling /home/waesco704/ydlidar_ws/install/my_robot/lib/python3.10/site-packages/my_robot/cmd_vel_bridge.py to cmd_vel_bridge.cpython-310.pyc
[4.549s] byte-compiling /home/waesco704/ydlidar_ws/install/my_robot/lib/python3.10/site-packages/my_robot/__init__.py to __init__.cpython-310.pyc
[4.550s] byte-compiling /home/waesco704/ydlidar_ws/install/my_robot/lib/python3.10/site-packages/my_robot/lidar_processor.py to lidar_processor.cpython-310.pyc
[4.551s] running install_data
[4.552s] copying resource/my_robot -> /home/waesco704/ydlidar_ws/install/my_robot/share/ament_index/resource_index/packages
[4.552s] copying package.xml -> /home/waesco704/ydlidar_ws/install/my_robot/share/my_robot
[4.553s] copying launch/bringup_slam.launch.py -> /home/waesco704/ydlidar_ws/install/my_robot/share/my_robot/launch
[4.553s] copying launch/bringup_localization.launch.py -> /home/waesco704/ydlidar_ws/install/my_robot/share/my_robot/launch
[4.554s] copying launch/bringup_navigation.launch.py -> /home/waesco704/ydlidar_ws/install/my_robot/share/my_robot/launch
[4.554s] copying config/slam_params_online_async.yaml -> /home/waesco704/ydlidar_ws/install/my_robot/share/my_robot/config
[4.555s] copying config/localization_params.yaml -> /home/waesco704/ydlidar_ws/install/my_robot/share/my_robot/config
[4.556s] copying config/nav2_params.yaml -> /home/waesco704/ydlidar_ws/install/my_robot/share/my_robot/config
[4.556s] copying config/ydlidar_slam_view.rviz -> /home/waesco704/ydlidar_ws/install/my_robot/share/my_robot/config
[4.557s] copying config/navigation_view.rviz -> /home/waesco704/ydlidar_ws/install/my_robot/share/my_robot/config
[4.557s] running install_egg_info
[4.599s] Copying ../../build/my_robot/my_robot.egg-info to /home/waesco704/ydlidar_ws/install/my_robot/lib/python3.10/site-packages/my_robot-0.0.0-py3.10.egg-info
[4.602s] running install_scripts
[4.903s] Installing cmd_vel_bridge script to /home/waesco704/ydlidar_ws/install/my_robot/lib/my_robot
[4.904s] Installing reactive_avoidance script to /home/waesco704/ydlidar_ws/install/my_robot/lib/my_robot
[4.904s] Installing serial_bridge script to /home/waesco704/ydlidar_ws/install/my_robot/lib/my_robot
[4.905s] writing list of installed files to '/home/waesco704/ydlidar_ws/build/my_robot/install.log'
[4.989s] Invoked command in '/home/waesco704/ydlidar_ws/src/my_robot' returned '0': PYTHONPATH=/home/waesco704/ydlidar_ws/build/my_robot/prefix_override:/home/waesco704/.local/lib/python3.10/site-packages/colcon_core/task/python/colcon_distutils_commands:/home/waesco704/ydlidar_ws/install/my_robot/lib/python3.10/site-packages:${PYTHONPATH} /usr/bin/python3 -W ignore:setup.py install is deprecated -W ignore:easy_install command is deprecated setup.py egg_info --egg-base ../../build/my_robot build --build-base /home/waesco704/ydlidar_ws/build/my_robot/build install --record /home/waesco704/ydlidar_ws/build/my_robot/install.log --single-version-externally-managed install_data --force
