[0.507s] Invoking command in '/home/waesco704/ydlidar_ws/build/ydlidar_sdk': /usr/bin/cmake --build /home/waesco704/ydlidar_ws/build/ydlidar_sdk -- -j8 -l8
[0.593s] [35m[1mConsolidate compiler generated dependencies of target ydlidar_sdk[0m
[0.653s] [ 38%] Built target ydlidar_sdk
[0.676s] [35m[1mConsolidate compiler generated dependencies of target et_test[0m
[0.679s] [35m[1mConsolidate compiler generated dependencies of target gs_test2[0m
[0.679s] [35m[1mConsolidate compiler generated dependencies of target gs_test[0m
[0.680s] [35m[1mConsolidate compiler generated dependencies of target gs_restart[0m
[0.681s] [35m[1mConsolidate compiler generated dependencies of target sdm_test[0m
[0.682s] [35m[1mConsolidate compiler generated dependencies of target gs_ota[0m
[0.704s] [ 41%] Built target gs_test
[0.705s] [ 45%] Built target gs_test2
[0.706s] [35m[1mConsolidate compiler generated dependencies of target scl_test[0m
[0.706s] [ 49%] Built target gs_ota
[0.707s] [ 52%] Built target et_test
[0.709s] [35m[1mConsolidate compiler generated dependencies of target sdm18_test[0m
[0.712s] [ 56%] Built target sdm_test
[0.738s] [ 60%] Built target gs_restart
[0.739s] [35m[1mConsolidate compiler generated dependencies of target tea_test[0m
[0.739s] [35m[1mConsolidate compiler generated dependencies of target tia_test[0m
[0.739s] [35m[1mConsolidate compiler generated dependencies of target tmini-sh_test[0m
[0.740s] [35m[1mConsolidate compiler generated dependencies of target tmini_test[0m
[0.740s] [ 63%] Built target scl_test
[0.745s] [ 67%] Built target sdm18_test
[0.751s] [35m[1mConsolidate compiler generated dependencies of target tof_test[0m
[0.754s] [35m[1mConsolidate compiler generated dependencies of target tri_restart[0m
[0.757s] [ 70%] Built target tea_test
[0.757s] [ 74%] Built target tia_test
[0.761s] [35m[1mConsolidate compiler generated dependencies of target tri_and_gs_test[0m
[0.765s] [ 78%] Built target tmini_test
[0.770s] [ 81%] Built target tmini-sh_test
[0.779s] [35m[1mConsolidate compiler generated dependencies of target tri_test[0m
[0.782s] [ 92%] Built target tof_test
[0.783s] [ 92%] Built target tri_restart
[0.784s] [ 92%] Built target tri_and_gs_test
[0.784s] [35m[1mConsolidate compiler generated dependencies of target lidar_c_api_test[0m
[0.803s] [100%] Built target tri_test
[0.803s] [100%] Built target lidar_c_api_test
[0.827s] Invoked command in '/home/waesco704/ydlidar_ws/build/ydlidar_sdk' returned '0': /usr/bin/cmake --build /home/waesco704/ydlidar_ws/build/ydlidar_sdk -- -j8 -l8
[0.831s] Invoking command in '/home/waesco704/ydlidar_ws/build/ydlidar_sdk': /usr/bin/cmake --install /home/waesco704/ydlidar_ws/build/ydlidar_sdk
[0.847s] -- Install configuration: ""
[0.847s] -- Up-to-date: /home/waesco704/ydlidar_ws/install/ydlidar_sdk/include/core/base/datatype.h
[0.848s] -- Up-to-date: /home/waesco704/ydlidar_ws/install/ydlidar_sdk/include/core/base/locker.h
[0.848s] -- Up-to-date: /home/waesco704/ydlidar_ws/install/ydlidar_sdk/include/core/base/thread.h
[0.848s] -- Up-to-date: /home/waesco704/ydlidar_ws/install/ydlidar_sdk/include/core/base/timer.h
[0.848s] -- Up-to-date: /home/waesco704/ydlidar_ws/install/ydlidar_sdk/include/core/base/typedef.h
[0.848s] -- Up-to-date: /home/waesco704/ydlidar_ws/install/ydlidar_sdk/include/core/base/utils.h
[0.849s] -- Up-to-date: /home/waesco704/ydlidar_ws/install/ydlidar_sdk/include/core/base/v8stdint.h
[0.849s] -- Up-to-date: /home/waesco704/ydlidar_ws/install/ydlidar_sdk/include/core/base/ydlidar.h
[0.849s] -- Up-to-date: /home/waesco704/ydlidar_ws/install/ydlidar_sdk/include/core/common/ChannelDevice.h
[0.849s] -- Up-to-date: /home/waesco704/ydlidar_ws/install/ydlidar_sdk/include/core/common/DriverInterface.h
[0.849s] -- Up-to-date: /home/waesco704/ydlidar_ws/install/ydlidar_sdk/include/core/common/ydlidar_datatype.h
[0.849s] -- Up-to-date: /home/waesco704/ydlidar_ws/install/ydlidar_sdk/include/core/common/ydlidar_def.h
[0.849s] -- Up-to-date: /home/waesco704/ydlidar_ws/install/ydlidar_sdk/include/core/common/ydlidar_help.h
[0.850s] -- Up-to-date: /home/waesco704/ydlidar_ws/install/ydlidar_sdk/include/core/common/ydlidar_protocol.h
[0.850s] -- Up-to-date: /home/waesco704/ydlidar_ws/install/ydlidar_sdk/include/core/json/cJSON.h
[0.850s] -- Up-to-date: /home/waesco704/ydlidar_ws/install/ydlidar_sdk/include/core/math/angles.h
[0.851s] -- Up-to-date: /home/waesco704/ydlidar_ws/install/ydlidar_sdk/include/core/network/ActiveSocket.h
[0.851s] -- Up-to-date: /home/waesco704/ydlidar_ws/install/ydlidar_sdk/include/core/network/PassiveSocket.h
[0.851s] -- Up-to-date: /home/waesco704/ydlidar_ws/install/ydlidar_sdk/include/core/network/SimpleSocket.h
[0.851s] -- Up-to-date: /home/waesco704/ydlidar_ws/install/ydlidar_sdk/include/core/network/StatTimer.h
[0.851s] -- Up-to-date: /home/waesco704/ydlidar_ws/install/ydlidar_sdk/include/core/serial/common.h
[0.852s] -- Up-to-date: /home/waesco704/ydlidar_ws/install/ydlidar_sdk/include/core/serial/serial.h
[0.852s] -- Up-to-date: /home/waesco704/ydlidar_ws/install/ydlidar_sdk/include/core/serial/impl/unix/lock.h
[0.852s] -- Up-to-date: /home/waesco704/ydlidar_ws/install/ydlidar_sdk/include/core/serial/impl/unix/unix.h
[0.852s] -- Up-to-date: /home/waesco704/ydlidar_ws/install/ydlidar_sdk/include/core/serial/impl/unix/unix_serial.h
[0.852s] -- Up-to-date: /home/waesco704/ydlidar_ws/install/ydlidar_sdk/include/src/CYdLidar.h
[0.853s] -- Up-to-date: /home/waesco704/ydlidar_ws/install/ydlidar_sdk/include/src/DTSLidarDriver.h
[0.853s] -- Up-to-date: /home/waesco704/ydlidar_ws/install/ydlidar_sdk/include/src/ETLidarDriver.h
[0.853s] -- Up-to-date: /home/waesco704/ydlidar_ws/install/ydlidar_sdk/include/src/GSLidarDriver.h
[0.853s] -- Up-to-date: /home/waesco704/ydlidar_ws/install/ydlidar_sdk/include/src/SDMLidarDriver.h
[0.853s] -- Up-to-date: /home/waesco704/ydlidar_ws/install/ydlidar_sdk/include/src/TiaLidarDriver.h
[0.853s] -- Up-to-date: /home/waesco704/ydlidar_ws/install/ydlidar_sdk/include/src/YDlidarDriver.h
[0.853s] -- Up-to-date: /home/waesco704/ydlidar_ws/install/ydlidar_sdk/include/src/ydlidar_sdk.h
[0.854s] -- Up-to-date: /home/waesco704/ydlidar_ws/install/ydlidar_sdk/include/src/filters/FilterInterface.h
[0.854s] -- Up-to-date: /home/waesco704/ydlidar_ws/install/ydlidar_sdk/include/src/filters/NoiseFilter.h
[0.854s] -- Up-to-date: /home/waesco704/ydlidar_ws/install/ydlidar_sdk/include/src/filters/StrongLightFilter.h
[0.854s] -- Up-to-date: /home/waesco704/ydlidar_ws/install/ydlidar_sdk/include/ydlidar_config.h
[0.854s] -- Up-to-date: /home/waesco704/ydlidar_ws/install/ydlidar_sdk/lib/libydlidar_sdk.a
[0.855s] -- Up-to-date: /home/waesco704/ydlidar_ws/install/ydlidar_sdk/lib/pkgconfig/YDLIDAR_SDK.pc
[0.855s] -- Up-to-date: /home/waesco704/ydlidar_ws/install/ydlidar_sdk/lib/cmake/ydlidar_sdk/ydlidar_sdkConfig.cmake
[0.855s] -- Up-to-date: /home/waesco704/ydlidar_ws/install/ydlidar_sdk/lib/cmake/ydlidar_sdk/ydlidar_sdkTargets.cmake
[0.855s] -- Up-to-date: /home/waesco704/ydlidar_ws/install/ydlidar_sdk/lib/cmake/ydlidar_sdk/ydlidar_sdkConfigVersion.cmake
[0.855s] -- Up-to-date: /home/waesco704/ydlidar_ws/install/ydlidar_sdk/share/YDLIDAR_SDK/FindYDLIDAR_SDK.cmake
[0.856s] -- Up-to-date: /home/waesco704/ydlidar_ws/install/ydlidar_sdk/share/YDLIDAR_SDK
[0.856s] -- Up-to-date: /home/waesco704/ydlidar_ws/install/ydlidar_sdk/share/YDLIDAR_SDK/install_package.cmake
[0.856s] -- Up-to-date: /home/waesco704/ydlidar_ws/install/ydlidar_sdk/share/YDLIDAR_SDK/PackageConfigVersion.cmake.in
[0.856s] -- Up-to-date: /home/waesco704/ydlidar_ws/install/ydlidar_sdk/share/YDLIDAR_SDK/cmake_uninstall.cmake.in
[0.856s] -- Up-to-date: /home/waesco704/ydlidar_ws/install/ydlidar_sdk/share/YDLIDAR_SDK/FindPackage.cmake.in
[0.857s] -- Up-to-date: /home/waesco704/ydlidar_ws/install/ydlidar_sdk/share/YDLIDAR_SDK/PackageConfig.cmake.in
[0.857s] -- Up-to-date: /home/waesco704/ydlidar_ws/install/ydlidar_sdk/share/YDLIDAR_SDK/script_show_final_summary.cmake
[0.857s] -- Up-to-date: /home/waesco704/ydlidar_ws/install/ydlidar_sdk/share/YDLIDAR_SDK/common
[0.857s] -- Up-to-date: /home/waesco704/ydlidar_ws/install/ydlidar_sdk/share/YDLIDAR_SDK/common/ydlidar_base.cmake
[0.858s] -- Up-to-date: /home/waesco704/ydlidar_ws/install/ydlidar_sdk/share/YDLIDAR_SDK/common/ydlidar_parse.cmake
[0.858s] -- Up-to-date: /home/waesco704/ydlidar_ws/install/ydlidar_sdk/share/YDLIDAR_SDK/PkgConfig.pc.in
[0.858s] -- Up-to-date: /home/waesco704/ydlidar_ws/install/ydlidar_sdk/share/YDLIDAR_SDK/LICENSE.txt
[0.858s] -- Up-to-date: /home/waesco704/ydlidar_ws/install/ydlidar_sdk/share/YDLIDAR_SDK/README.md
[0.858s] -- Up-to-date: /home/waesco704/ydlidar_ws/install/ydlidar_sdk/share/YDLIDAR_SDK/doc
[0.859s] -- Up-to-date: /home/waesco704/ydlidar_ws/install/ydlidar_sdk/share/YDLIDAR_SDK/doc/SDK.pdf
[0.859s] -- Up-to-date: /home/waesco704/ydlidar_ws/install/ydlidar_sdk/share/YDLIDAR_SDK/doc/tutorials
[0.859s] -- Up-to-date: /home/waesco704/ydlidar_ws/install/ydlidar_sdk/share/YDLIDAR_SDK/doc/tutorials/writing_lidar_network_adapter_tutorial_c++.md
[0.859s] -- Up-to-date: /home/waesco704/ydlidar_ws/install/ydlidar_sdk/share/YDLIDAR_SDK/doc/tutorials/writing_lidar_tutorial_c++.md
[0.859s] -- Up-to-date: /home/waesco704/ydlidar_ws/install/ydlidar_sdk/share/YDLIDAR_SDK/doc/tutorials/examine_the_simple_lidar_tutorial.md
[0.859s] -- Up-to-date: /home/waesco704/ydlidar_ws/install/ydlidar_sdk/share/YDLIDAR_SDK/doc/tutorials/writing_lidar_tutorial_python.md
[0.860s] -- Up-to-date: /home/waesco704/ydlidar_ws/install/ydlidar_sdk/share/YDLIDAR_SDK/doc/tutorials/writing_lidar_tutorial_c.md
[0.860s] -- Up-to-date: /home/waesco704/ydlidar_ws/install/ydlidar_sdk/share/YDLIDAR_SDK/doc/README.md
[0.860s] -- Up-to-date: /home/waesco704/ydlidar_ws/install/ydlidar_sdk/share/YDLIDAR_SDK/doc/FAQs
[0.860s] -- Up-to-date: /home/waesco704/ydlidar_ws/install/ydlidar_sdk/share/YDLIDAR_SDK/doc/FAQs/Hardware_FAQs.md
[0.860s] -- Up-to-date: /home/waesco704/ydlidar_ws/install/ydlidar_sdk/share/YDLIDAR_SDK/doc/FAQs/Hardware_FAQs_cn.md
[0.860s] -- Up-to-date: /home/waesco704/ydlidar_ws/install/ydlidar_sdk/share/YDLIDAR_SDK/doc/FAQs/README.md
[0.860s] -- Up-to-date: /home/waesco704/ydlidar_ws/install/ydlidar_sdk/share/YDLIDAR_SDK/doc/FAQs/General_FAQs_cn.md
[0.860s] -- Up-to-date: /home/waesco704/ydlidar_ws/install/ydlidar_sdk/share/YDLIDAR_SDK/doc/FAQs/General_FAQs.md
[0.861s] -- Up-to-date: /home/waesco704/ydlidar_ws/install/ydlidar_sdk/share/YDLIDAR_SDK/doc/FAQs/Software_FAQs.md
[0.861s] -- Up-to-date: /home/waesco704/ydlidar_ws/install/ydlidar_sdk/share/YDLIDAR_SDK/doc/FAQs/Software_FAQs_cn.md
[0.861s] -- Up-to-date: /home/waesco704/ydlidar_ws/install/ydlidar_sdk/share/YDLIDAR_SDK/doc/YDLidar-SDK-Communication-Protocol.pdf
[0.861s] -- Up-to-date: /home/waesco704/ydlidar_ws/install/ydlidar_sdk/share/YDLIDAR_SDK/doc/Tutorials.md
[0.861s] -- Up-to-date: /home/waesco704/ydlidar_ws/install/ydlidar_sdk/share/YDLIDAR_SDK/doc/images
[0.861s] -- Up-to-date: /home/waesco704/ydlidar_ws/install/ydlidar_sdk/share/YDLIDAR_SDK/doc/images/YDLidar.jpg
[0.861s] -- Up-to-date: /home/waesco704/ydlidar_ws/install/ydlidar_sdk/share/YDLIDAR_SDK/doc/images/EAI.png
[0.861s] -- Up-to-date: /home/waesco704/ydlidar_ws/install/ydlidar_sdk/share/YDLIDAR_SDK/doc/images/system_workflow.png
[0.861s] -- Up-to-date: /home/waesco704/ydlidar_ws/install/ydlidar_sdk/share/YDLIDAR_SDK/doc/images/sdk_init.png
[0.862s] -- Up-to-date: /home/waesco704/ydlidar_ws/install/ydlidar_sdk/share/YDLIDAR_SDK/doc/images/sdk_architecture.png
[0.862s] -- Up-to-date: /home/waesco704/ydlidar_ws/install/ydlidar_sdk/share/YDLIDAR_SDK/doc/images/communication_mechanism.png
[0.862s] -- Up-to-date: /home/waesco704/ydlidar_ws/install/ydlidar_sdk/share/YDLIDAR_SDK/doc/images/frame_intensity.png
[0.862s] -- Up-to-date: /home/waesco704/ydlidar_ws/install/ydlidar_sdk/share/YDLIDAR_SDK/doc/images/sequence.png
[0.862s] -- Up-to-date: /home/waesco704/ydlidar_ws/install/ydlidar_sdk/share/YDLIDAR_SDK/doc/images/YDLidar.png
[0.862s] -- Up-to-date: /home/waesco704/ydlidar_ws/install/ydlidar_sdk/share/YDLIDAR_SDK/doc/images/sdk_scanning.png
[0.862s] -- Up-to-date: /home/waesco704/ydlidar_ws/install/ydlidar_sdk/share/YDLIDAR_SDK/doc/images/angle_q2.png
[0.862s] -- Up-to-date: /home/waesco704/ydlidar_ws/install/ydlidar_sdk/share/YDLIDAR_SDK/doc/images/FlowChart.png
[0.863s] -- Up-to-date: /home/waesco704/ydlidar_ws/install/ydlidar_sdk/share/YDLIDAR_SDK/doc/images/frame.png
[0.863s] -- Up-to-date: /home/waesco704/ydlidar_ws/install/ydlidar_sdk/share/YDLIDAR_SDK/doc/Dataset.md
[0.863s] -- Up-to-date: /home/waesco704/ydlidar_ws/install/ydlidar_sdk/share/YDLIDAR_SDK/doc/Diagram.md
[0.863s] -- Up-to-date: /home/waesco704/ydlidar_ws/install/ydlidar_sdk/share/YDLIDAR_SDK/doc/YDLidar-SDK-Communication-Protocol.html
[0.863s] -- Up-to-date: /home/waesco704/ydlidar_ws/install/ydlidar_sdk/share/YDLIDAR_SDK/doc/YDLidar-SDK-Communication-Protocol.md
[0.863s] -- Up-to-date: /home/waesco704/ydlidar_ws/install/ydlidar_sdk/share/YDLIDAR_SDK/doc/howto
[0.863s] -- Up-to-date: /home/waesco704/ydlidar_ws/install/ydlidar_sdk/share/YDLIDAR_SDK/doc/howto/how_to_create_a_csharp_project.md
[0.863s] -- Up-to-date: /home/waesco704/ydlidar_ws/install/ydlidar_sdk/share/YDLIDAR_SDK/doc/howto/README.md
[0.864s] -- Up-to-date: /home/waesco704/ydlidar_ws/install/ydlidar_sdk/share/YDLIDAR_SDK/doc/howto/images
[0.864s] -- Up-to-date: /home/waesco704/ydlidar_ws/install/ydlidar_sdk/share/YDLIDAR_SDK/doc/howto/images/csharp_build.png
[0.864s] -- Up-to-date: /home/waesco704/ydlidar_ws/install/ydlidar_sdk/share/YDLIDAR_SDK/doc/howto/images/csharp_project.png
[0.864s] -- Up-to-date: /home/waesco704/ydlidar_ws/install/ydlidar_sdk/share/YDLIDAR_SDK/doc/howto/images/csharp_exception.png
[0.864s] -- Up-to-date: /home/waesco704/ydlidar_ws/install/ydlidar_sdk/share/YDLIDAR_SDK/doc/howto/images/csharp_library.png
[0.864s] -- Up-to-date: /home/waesco704/ydlidar_ws/install/ydlidar_sdk/share/YDLIDAR_SDK/doc/howto/images/sdk_init.png
[0.864s] -- Up-to-date: /home/waesco704/ydlidar_ws/install/ydlidar_sdk/share/YDLIDAR_SDK/doc/howto/images/csharp_running.png
[0.865s] -- Up-to-date: /home/waesco704/ydlidar_ws/install/ydlidar_sdk/share/YDLIDAR_SDK/doc/howto/images/vscode
[0.865s] -- Up-to-date: /home/waesco704/ydlidar_ws/install/ydlidar_sdk/share/YDLIDAR_SDK/doc/howto/images/vscode/tasks.png
[0.865s] -- Up-to-date: /home/waesco704/ydlidar_ws/install/ydlidar_sdk/share/YDLIDAR_SDK/doc/howto/images/vscode/run_tasks.jpg
[0.865s] -- Up-to-date: /home/waesco704/ydlidar_ws/install/ydlidar_sdk/share/YDLIDAR_SDK/doc/howto/images/cpack.png
[0.865s] -- Up-to-date: /home/waesco704/ydlidar_ws/install/ydlidar_sdk/share/YDLIDAR_SDK/doc/howto/images/ttyUSB1.png
[0.865s] -- Up-to-date: /home/waesco704/ydlidar_ws/install/ydlidar_sdk/share/YDLIDAR_SDK/doc/howto/images/ttyUSB0.png
[0.865s] -- Up-to-date: /home/waesco704/ydlidar_ws/install/ydlidar_sdk/share/YDLIDAR_SDK/doc/howto/images/ydlidar_lidar_monitor.png
[0.865s] -- Up-to-date: /home/waesco704/ydlidar_ws/install/ydlidar_sdk/share/YDLIDAR_SDK/doc/howto/images/sequence.png
[0.866s] -- Up-to-date: /home/waesco704/ydlidar_ws/install/ydlidar_sdk/share/YDLIDAR_SDK/doc/howto/images/sdk_scanning.png
[0.866s] -- Up-to-date: /home/waesco704/ydlidar_ws/install/ydlidar_sdk/share/YDLIDAR_SDK/doc/howto/how_to_create_a_udev_rules.md
[0.866s] -- Up-to-date: /home/waesco704/ydlidar_ws/install/ydlidar_sdk/share/YDLIDAR_SDK/doc/howto/how_to_build_and_install.md
[0.866s] -- Up-to-date: /home/waesco704/ydlidar_ws/install/ydlidar_sdk/share/YDLIDAR_SDK/doc/howto/how_to_build_and_debug_using_vscode.md
[0.866s] -- Up-to-date: /home/waesco704/ydlidar_ws/install/ydlidar_sdk/share/YDLIDAR_SDK/doc/howto/how_to_solve_slow_pull_from_cn.md
[0.866s] -- Up-to-date: /home/waesco704/ydlidar_ws/install/ydlidar_sdk/share/YDLIDAR_SDK/doc/howto/how_to_gerenrate_vs_project_by_cmake.md
[0.866s] -- Up-to-date: /home/waesco704/ydlidar_ws/install/ydlidar_sdk/share/YDLIDAR_SDK/doc/howto/how_to_create_a_pull.md
[0.867s] -- Up-to-date: /home/waesco704/ydlidar_ws/install/ydlidar_sdk/share/YDLIDAR_SDK/doc/YDLidar_SDK_Communication_Protocol.pdf
[0.867s] -- Up-to-date: /home/waesco704/ydlidar_ws/install/ydlidar_sdk/share/YDLIDAR_SDK/doc/quickstart
[0.867s] -- Up-to-date: /home/waesco704/ydlidar_ws/install/ydlidar_sdk/share/YDLIDAR_SDK/doc/quickstart/README.md
[0.867s] -- Up-to-date: /home/waesco704/ydlidar_ws/install/ydlidar_sdk/share/YDLIDAR_SDK/doc/quickstart/ydlidar_sdk_software_installation_guide.md
[0.867s] -- Up-to-date: /home/waesco704/ydlidar_ws/install/ydlidar_sdk/share/YDLIDAR_SDK/doc/YDLIDAR_SDK_API_for_Developers.md
[0.867s] -- Up-to-date: /home/waesco704/ydlidar_ws/install/ydlidar_sdk/startup/initenv.sh
[0.867s] -- Up-to-date: /home/waesco704/ydlidar_ws/install/ydlidar_sdk/bin/et_test
[0.867s] -- Up-to-date: /home/waesco704/ydlidar_ws/install/ydlidar_sdk/bin/gs_ota
[0.868s] -- Up-to-date: /home/waesco704/ydlidar_ws/install/ydlidar_sdk/bin/gs_restart
[0.868s] -- Up-to-date: /home/waesco704/ydlidar_ws/install/ydlidar_sdk/bin/gs_test
[0.868s] -- Up-to-date: /home/waesco704/ydlidar_ws/install/ydlidar_sdk/bin/gs_test2
[0.869s] -- Up-to-date: /home/waesco704/ydlidar_ws/install/ydlidar_sdk/bin/scl_test
[0.870s] -- Up-to-date: /home/waesco704/ydlidar_ws/install/ydlidar_sdk/bin/sdm18_test
[0.870s] -- Up-to-date: /home/waesco704/ydlidar_ws/install/ydlidar_sdk/bin/sdm_test
[0.871s] -- Up-to-date: /home/waesco704/ydlidar_ws/install/ydlidar_sdk/bin/tea_test
[0.872s] -- Up-to-date: /home/waesco704/ydlidar_ws/install/ydlidar_sdk/bin/tia_test
[0.873s] -- Up-to-date: /home/waesco704/ydlidar_ws/install/ydlidar_sdk/bin/tmini-sh_test
[0.874s] -- Up-to-date: /home/waesco704/ydlidar_ws/install/ydlidar_sdk/bin/tmini_test
[0.874s] -- Up-to-date: /home/waesco704/ydlidar_ws/install/ydlidar_sdk/bin/tof_test
[0.875s] -- Up-to-date: /home/waesco704/ydlidar_ws/install/ydlidar_sdk/bin/tri_and_gs_test
[0.876s] -- Up-to-date: /home/waesco704/ydlidar_ws/install/ydlidar_sdk/bin/tri_restart
[0.877s] -- Up-to-date: /home/waesco704/ydlidar_ws/install/ydlidar_sdk/bin/tri_test
[0.877s] -- Up-to-date: /home/waesco704/ydlidar_ws/install/ydlidar_sdk/bin/lidar_c_api_test
[0.883s] Invoked command in '/home/waesco704/ydlidar_ws/build/ydlidar_sdk' returned '0': /usr/bin/cmake --install /home/waesco704/ydlidar_ws/build/ydlidar_sdk
