[0.274s] DEBUG:colcon:Command line arguments: ['/home/waesco704/.local/bin/colcon', 'build']
[0.275s] DEBUG:colcon:Parsed command line arguments: Namespace(log_base=None, log_level=None, verb_name='build', build_base='build', install_base='install', merge_install=False, symlink_install=False, test_result_base=None, continue_on_error=False, executor='parallel', parallel_workers=8, event_handlers=None, ignore_user_meta=False, metas=['./colcon.meta'], base_paths=['.'], packages_ignore=None, packages_ignore_regex=None, paths=None, packages_up_to=None, packages_up_to_regex=None, packages_above=None, packages_above_and_dependencies=None, packages_above_depth=None, packages_select_by_dep=None, packages_skip_by_dep=None, packages_skip_up_to=None, packages_select_build_failed=False, packages_skip_build_finished=False, packages_select_test_failures=False, packages_skip_test_passed=False, packages_select=None, packages_skip=None, packages_select_regex=None, packages_skip_regex=None, packages_start=None, packages_end=None, cmake_args=None, cmake_target=None, cmake_target_skip_unavailable=False, cmake_clean_cache=False, cmake_clean_first=False, cmake_force_configure=False, ament_cmake_args=None, catkin_cmake_args=None, catkin_skip_building_tests=False, verb_parser=<colcon_defaults.argument_parser.defaults.DefaultArgumentsDecorator object at 0xffffa90cd6c0>, verb_extension=<colcon_core.verb.build.BuildVerb object at 0xffffa90cd0c0>, main=<bound method BuildVerb.main of <colcon_core.verb.build.BuildVerb object at 0xffffa90cd0c0>>)
[0.360s] Level 1:colcon.colcon_core.package_discovery:discover_packages(colcon_meta) check parameters
[0.360s] Level 1:colcon.colcon_core.package_discovery:discover_packages(recursive) check parameters
[0.360s] Level 1:colcon.colcon_core.package_discovery:discover_packages(ignore) check parameters
[0.360s] Level 1:colcon.colcon_core.package_discovery:discover_packages(path) check parameters
[0.360s] Level 1:colcon.colcon_core.package_discovery:discover_packages(colcon_meta) discover
[0.360s] Level 1:colcon.colcon_core.package_discovery:discover_packages(recursive) discover
[0.360s] INFO:colcon.colcon_core.package_discovery:Crawling recursively for packages in '/home/waesco704/ydlidar_ws'
[0.361s] Level 1:colcon.colcon_core.package_identification:_identify(.) by extensions ['ignore', 'ignore_ament_install']
[0.361s] Level 1:colcon.colcon_core.package_identification:_identify(.) by extension 'ignore'
[0.361s] Level 1:colcon.colcon_core.package_identification:_identify(.) by extension 'ignore_ament_install'
[0.361s] Level 1:colcon.colcon_core.package_identification:_identify(.) by extensions ['colcon_pkg']
[0.361s] Level 1:colcon.colcon_core.package_identification:_identify(.) by extension 'colcon_pkg'
[0.361s] Level 1:colcon.colcon_core.package_identification:_identify(.) by extensions ['colcon_meta']
[0.361s] Level 1:colcon.colcon_core.package_identification:_identify(.) by extension 'colcon_meta'
[0.361s] Level 1:colcon.colcon_core.package_identification:_identify(.) by extensions ['ros']
[0.362s] Level 1:colcon.colcon_core.package_identification:_identify(.) by extension 'ros'
[0.392s] Level 1:colcon.colcon_core.package_identification:_identify(.) by extensions ['cmake', 'python']
[0.392s] Level 1:colcon.colcon_core.package_identification:_identify(.) by extension 'cmake'
[0.392s] Level 1:colcon.colcon_core.package_identification:_identify(.) by extension 'python'
[0.393s] Level 1:colcon.colcon_core.package_identification:_identify(.) by extensions ['python_setup_py']
[0.393s] Level 1:colcon.colcon_core.package_identification:_identify(.) by extension 'python_setup_py'
[0.393s] Level 1:colcon.colcon_core.package_identification:_identify(build) by extensions ['ignore', 'ignore_ament_install']
[0.393s] Level 1:colcon.colcon_core.package_identification:_identify(build) by extension 'ignore'
[0.393s] Level 1:colcon.colcon_core.package_identification:_identify(build) ignored
[0.394s] Level 1:colcon.colcon_core.package_identification:_identify(install) by extensions ['ignore', 'ignore_ament_install']
[0.394s] Level 1:colcon.colcon_core.package_identification:_identify(install) by extension 'ignore'
[0.394s] Level 1:colcon.colcon_core.package_identification:_identify(install) ignored
[0.394s] Level 1:colcon.colcon_core.package_identification:_identify(log) by extensions ['ignore', 'ignore_ament_install']
[0.394s] Level 1:colcon.colcon_core.package_identification:_identify(log) by extension 'ignore'
[0.394s] Level 1:colcon.colcon_core.package_identification:_identify(log) ignored
[0.395s] Level 1:colcon.colcon_core.package_identification:_identify(src) by extensions ['ignore', 'ignore_ament_install']
[0.395s] Level 1:colcon.colcon_core.package_identification:_identify(src) by extension 'ignore'
[0.395s] Level 1:colcon.colcon_core.package_identification:_identify(src) by extension 'ignore_ament_install'
[0.395s] Level 1:colcon.colcon_core.package_identification:_identify(src) by extensions ['colcon_pkg']
[0.395s] Level 1:colcon.colcon_core.package_identification:_identify(src) by extension 'colcon_pkg'
[0.395s] Level 1:colcon.colcon_core.package_identification:_identify(src) by extensions ['colcon_meta']
[0.395s] Level 1:colcon.colcon_core.package_identification:_identify(src) by extension 'colcon_meta'
[0.395s] Level 1:colcon.colcon_core.package_identification:_identify(src) by extensions ['ros']
[0.395s] Level 1:colcon.colcon_core.package_identification:_identify(src) by extension 'ros'
[0.396s] Level 1:colcon.colcon_core.package_identification:_identify(src) by extensions ['cmake', 'python']
[0.396s] Level 1:colcon.colcon_core.package_identification:_identify(src) by extension 'cmake'
[0.396s] Level 1:colcon.colcon_core.package_identification:_identify(src) by extension 'python'
[0.396s] Level 1:colcon.colcon_core.package_identification:_identify(src) by extensions ['python_setup_py']
[0.396s] Level 1:colcon.colcon_core.package_identification:_identify(src) by extension 'python_setup_py'
[0.396s] Level 1:colcon.colcon_core.package_identification:_identify(src/YDLidar-SDK) by extensions ['ignore', 'ignore_ament_install']
[0.396s] Level 1:colcon.colcon_core.package_identification:_identify(src/YDLidar-SDK) by extension 'ignore'
[0.396s] Level 1:colcon.colcon_core.package_identification:_identify(src/YDLidar-SDK) by extension 'ignore_ament_install'
[0.397s] Level 1:colcon.colcon_core.package_identification:_identify(src/YDLidar-SDK) by extensions ['colcon_pkg']
[0.397s] Level 1:colcon.colcon_core.package_identification:_identify(src/YDLidar-SDK) by extension 'colcon_pkg'
[0.397s] Level 1:colcon.colcon_core.package_identification:_identify(src/YDLidar-SDK) by extensions ['colcon_meta']
[0.397s] Level 1:colcon.colcon_core.package_identification:_identify(src/YDLidar-SDK) by extension 'colcon_meta'
[0.397s] Level 1:colcon.colcon_core.package_identification:_identify(src/YDLidar-SDK) by extensions ['ros']
[0.397s] Level 1:colcon.colcon_core.package_identification:_identify(src/YDLidar-SDK) by extension 'ros'
[0.397s] Level 1:colcon.colcon_core.package_identification:_identify(src/YDLidar-SDK) by extensions ['cmake', 'python']
[0.397s] Level 1:colcon.colcon_core.package_identification:_identify(src/YDLidar-SDK) by extension 'cmake'
[0.436s] Level 1:colcon.colcon_core.package_identification:_identify(src/YDLidar-SDK) by extension 'python'
[0.437s] DEBUG:colcon.colcon_core.package_identification:Package 'src/YDLidar-SDK' with type 'cmake' and name 'ydlidar_sdk'
[0.437s] Level 1:colcon.colcon_core.package_identification:_identify(src/lidar_manual) by extensions ['ignore', 'ignore_ament_install']
[0.437s] Level 1:colcon.colcon_core.package_identification:_identify(src/lidar_manual) by extension 'ignore'
[0.437s] Level 1:colcon.colcon_core.package_identification:_identify(src/lidar_manual) by extension 'ignore_ament_install'
[0.437s] Level 1:colcon.colcon_core.package_identification:_identify(src/lidar_manual) by extensions ['colcon_pkg']
[0.437s] Level 1:colcon.colcon_core.package_identification:_identify(src/lidar_manual) by extension 'colcon_pkg'
[0.438s] Level 1:colcon.colcon_core.package_identification:_identify(src/lidar_manual) by extensions ['colcon_meta']
[0.438s] Level 1:colcon.colcon_core.package_identification:_identify(src/lidar_manual) by extension 'colcon_meta'
[0.438s] Level 1:colcon.colcon_core.package_identification:_identify(src/lidar_manual) by extensions ['ros']
[0.438s] Level 1:colcon.colcon_core.package_identification:_identify(src/lidar_manual) by extension 'ros'
[0.438s] Level 1:colcon.colcon_core.package_identification:_identify(src/lidar_manual) by extensions ['cmake', 'python']
[0.438s] Level 1:colcon.colcon_core.package_identification:_identify(src/lidar_manual) by extension 'cmake'
[0.442s] Level 1:colcon.colcon_core.package_identification:_identify(src/lidar_manual) by extension 'python'
[0.442s] DEBUG:colcon.colcon_core.package_identification:Package 'src/lidar_manual' with type 'cmake' and name 'lidar_manual'
[0.443s] Level 1:colcon.colcon_core.package_identification:_identify(src/lidar_test) by extensions ['ignore', 'ignore_ament_install']
[0.443s] Level 1:colcon.colcon_core.package_identification:_identify(src/lidar_test) by extension 'ignore'
[0.443s] Level 1:colcon.colcon_core.package_identification:_identify(src/lidar_test) by extension 'ignore_ament_install'
[0.443s] Level 1:colcon.colcon_core.package_identification:_identify(src/lidar_test) by extensions ['colcon_pkg']
[0.443s] Level 1:colcon.colcon_core.package_identification:_identify(src/lidar_test) by extension 'colcon_pkg'
[0.443s] Level 1:colcon.colcon_core.package_identification:_identify(src/lidar_test) by extensions ['colcon_meta']
[0.443s] Level 1:colcon.colcon_core.package_identification:_identify(src/lidar_test) by extension 'colcon_meta'
[0.443s] Level 1:colcon.colcon_core.package_identification:_identify(src/lidar_test) by extensions ['ros']
[0.444s] Level 1:colcon.colcon_core.package_identification:_identify(src/lidar_test) by extension 'ros'
[0.444s] Level 1:colcon.colcon_core.package_identification:_identify(src/lidar_test) by extensions ['cmake', 'python']
[0.444s] Level 1:colcon.colcon_core.package_identification:_identify(src/lidar_test) by extension 'cmake'
[0.448s] Level 1:colcon.colcon_core.package_identification:_identify(src/lidar_test) by extension 'python'
[0.448s] DEBUG:colcon.colcon_core.package_identification:Package 'src/lidar_test' with type 'cmake' and name 'lidar_test'
[0.448s] Level 1:colcon.colcon_core.package_identification:_identify(src/my_robot) by extensions ['ignore', 'ignore_ament_install']
[0.448s] Level 1:colcon.colcon_core.package_identification:_identify(src/my_robot) by extension 'ignore'
[0.448s] Level 1:colcon.colcon_core.package_identification:_identify(src/my_robot) by extension 'ignore_ament_install'
[0.449s] Level 1:colcon.colcon_core.package_identification:_identify(src/my_robot) by extensions ['colcon_pkg']
[0.449s] Level 1:colcon.colcon_core.package_identification:_identify(src/my_robot) by extension 'colcon_pkg'
[0.449s] Level 1:colcon.colcon_core.package_identification:_identify(src/my_robot) by extensions ['colcon_meta']
[0.449s] Level 1:colcon.colcon_core.package_identification:_identify(src/my_robot) by extension 'colcon_meta'
[0.449s] Level 1:colcon.colcon_core.package_identification:_identify(src/my_robot) by extensions ['ros']
[0.449s] Level 1:colcon.colcon_core.package_identification:_identify(src/my_robot) by extension 'ros'
[0.454s] DEBUG:colcon.colcon_core.package_identification:Package 'src/my_robot' with type 'ros.ament_python' and name 'my_robot'
[0.454s] Level 1:colcon.colcon_core.package_identification:_identify(src/ydlidar_ros2_driver) by extensions ['ignore', 'ignore_ament_install']
[0.454s] Level 1:colcon.colcon_core.package_identification:_identify(src/ydlidar_ros2_driver) by extension 'ignore'
[0.454s] Level 1:colcon.colcon_core.package_identification:_identify(src/ydlidar_ros2_driver) by extension 'ignore_ament_install'
[0.454s] Level 1:colcon.colcon_core.package_identification:_identify(src/ydlidar_ros2_driver) by extensions ['colcon_pkg']
[0.455s] Level 1:colcon.colcon_core.package_identification:_identify(src/ydlidar_ros2_driver) by extension 'colcon_pkg'
[0.455s] Level 1:colcon.colcon_core.package_identification:_identify(src/ydlidar_ros2_driver) by extensions ['colcon_meta']
[0.455s] Level 1:colcon.colcon_core.package_identification:_identify(src/ydlidar_ros2_driver) by extension 'colcon_meta'
[0.455s] Level 1:colcon.colcon_core.package_identification:_identify(src/ydlidar_ros2_driver) by extensions ['ros']
[0.455s] Level 1:colcon.colcon_core.package_identification:_identify(src/ydlidar_ros2_driver) by extension 'ros'
[0.456s] DEBUG:colcon.colcon_core.package_identification:Package 'src/ydlidar_ros2_driver' with type 'ros.ament_cmake' and name 'ydlidar_ros2_driver'
[0.456s] Level 1:colcon.colcon_core.package_discovery:discover_packages(recursive) using defaults
[0.457s] Level 1:colcon.colcon_core.package_discovery:discover_packages(ignore) discover
[0.457s] Level 1:colcon.colcon_core.package_discovery:discover_packages(ignore) using defaults
[0.457s] Level 1:colcon.colcon_core.package_discovery:discover_packages(path) discover
[0.457s] Level 1:colcon.colcon_core.package_discovery:discover_packages(path) using defaults
[0.500s] Level 5:colcon.colcon_core.verb:set package 'lidar_manual' build argument 'cmake_args' from command line to 'None'
[0.500s] Level 5:colcon.colcon_core.verb:set package 'lidar_manual' build argument 'cmake_target' from command line to 'None'
[0.500s] Level 5:colcon.colcon_core.verb:set package 'lidar_manual' build argument 'cmake_target_skip_unavailable' from command line to 'False'
[0.500s] Level 5:colcon.colcon_core.verb:set package 'lidar_manual' build argument 'cmake_clean_cache' from command line to 'False'
[0.500s] Level 5:colcon.colcon_core.verb:set package 'lidar_manual' build argument 'cmake_clean_first' from command line to 'False'
[0.500s] Level 5:colcon.colcon_core.verb:set package 'lidar_manual' build argument 'cmake_force_configure' from command line to 'False'
[0.500s] Level 5:colcon.colcon_core.verb:set package 'lidar_manual' build argument 'ament_cmake_args' from command line to 'None'
[0.501s] Level 5:colcon.colcon_core.verb:set package 'lidar_manual' build argument 'catkin_cmake_args' from command line to 'None'
[0.501s] Level 5:colcon.colcon_core.verb:set package 'lidar_manual' build argument 'catkin_skip_building_tests' from command line to 'False'
[0.501s] DEBUG:colcon.colcon_core.verb:Building package 'lidar_manual' with the following arguments: {'ament_cmake_args': None, 'build_base': '/home/waesco704/ydlidar_ws/build/lidar_manual', 'catkin_cmake_args': None, 'catkin_skip_building_tests': False, 'cmake_args': None, 'cmake_clean_cache': False, 'cmake_clean_first': False, 'cmake_force_configure': False, 'cmake_target': None, 'cmake_target_skip_unavailable': False, 'install_base': '/home/waesco704/ydlidar_ws/install/lidar_manual', 'merge_install': False, 'path': '/home/waesco704/ydlidar_ws/src/lidar_manual', 'symlink_install': False, 'test_result_base': None}
[0.501s] Level 5:colcon.colcon_core.verb:set package 'lidar_test' build argument 'cmake_args' from command line to 'None'
[0.501s] Level 5:colcon.colcon_core.verb:set package 'lidar_test' build argument 'cmake_target' from command line to 'None'
[0.502s] Level 5:colcon.colcon_core.verb:set package 'lidar_test' build argument 'cmake_target_skip_unavailable' from command line to 'False'
[0.502s] Level 5:colcon.colcon_core.verb:set package 'lidar_test' build argument 'cmake_clean_cache' from command line to 'False'
[0.502s] Level 5:colcon.colcon_core.verb:set package 'lidar_test' build argument 'cmake_clean_first' from command line to 'False'
[0.502s] Level 5:colcon.colcon_core.verb:set package 'lidar_test' build argument 'cmake_force_configure' from command line to 'False'
[0.502s] Level 5:colcon.colcon_core.verb:set package 'lidar_test' build argument 'ament_cmake_args' from command line to 'None'
[0.502s] Level 5:colcon.colcon_core.verb:set package 'lidar_test' build argument 'catkin_cmake_args' from command line to 'None'
[0.502s] Level 5:colcon.colcon_core.verb:set package 'lidar_test' build argument 'catkin_skip_building_tests' from command line to 'False'
[0.502s] DEBUG:colcon.colcon_core.verb:Building package 'lidar_test' with the following arguments: {'ament_cmake_args': None, 'build_base': '/home/waesco704/ydlidar_ws/build/lidar_test', 'catkin_cmake_args': None, 'catkin_skip_building_tests': False, 'cmake_args': None, 'cmake_clean_cache': False, 'cmake_clean_first': False, 'cmake_force_configure': False, 'cmake_target': None, 'cmake_target_skip_unavailable': False, 'install_base': '/home/waesco704/ydlidar_ws/install/lidar_test', 'merge_install': False, 'path': '/home/waesco704/ydlidar_ws/src/lidar_test', 'symlink_install': False, 'test_result_base': None}
[0.503s] Level 5:colcon.colcon_core.verb:set package 'my_robot' build argument 'cmake_args' from command line to 'None'
[0.503s] Level 5:colcon.colcon_core.verb:set package 'my_robot' build argument 'cmake_target' from command line to 'None'
[0.503s] Level 5:colcon.colcon_core.verb:set package 'my_robot' build argument 'cmake_target_skip_unavailable' from command line to 'False'
[0.503s] Level 5:colcon.colcon_core.verb:set package 'my_robot' build argument 'cmake_clean_cache' from command line to 'False'
[0.503s] Level 5:colcon.colcon_core.verb:set package 'my_robot' build argument 'cmake_clean_first' from command line to 'False'
[0.503s] Level 5:colcon.colcon_core.verb:set package 'my_robot' build argument 'cmake_force_configure' from command line to 'False'
[0.503s] Level 5:colcon.colcon_core.verb:set package 'my_robot' build argument 'ament_cmake_args' from command line to 'None'
[0.503s] Level 5:colcon.colcon_core.verb:set package 'my_robot' build argument 'catkin_cmake_args' from command line to 'None'
[0.503s] Level 5:colcon.colcon_core.verb:set package 'my_robot' build argument 'catkin_skip_building_tests' from command line to 'False'
[0.503s] DEBUG:colcon.colcon_core.verb:Building package 'my_robot' with the following arguments: {'ament_cmake_args': None, 'build_base': '/home/waesco704/ydlidar_ws/build/my_robot', 'catkin_cmake_args': None, 'catkin_skip_building_tests': False, 'cmake_args': None, 'cmake_clean_cache': False, 'cmake_clean_first': False, 'cmake_force_configure': False, 'cmake_target': None, 'cmake_target_skip_unavailable': False, 'install_base': '/home/waesco704/ydlidar_ws/install/my_robot', 'merge_install': False, 'path': '/home/waesco704/ydlidar_ws/src/my_robot', 'symlink_install': False, 'test_result_base': None}
[0.504s] Level 5:colcon.colcon_core.verb:set package 'ydlidar_ros2_driver' build argument 'cmake_args' from command line to 'None'
[0.504s] Level 5:colcon.colcon_core.verb:set package 'ydlidar_ros2_driver' build argument 'cmake_target' from command line to 'None'
[0.504s] Level 5:colcon.colcon_core.verb:set package 'ydlidar_ros2_driver' build argument 'cmake_target_skip_unavailable' from command line to 'False'
[0.504s] Level 5:colcon.colcon_core.verb:set package 'ydlidar_ros2_driver' build argument 'cmake_clean_cache' from command line to 'False'
[0.504s] Level 5:colcon.colcon_core.verb:set package 'ydlidar_ros2_driver' build argument 'cmake_clean_first' from command line to 'False'
[0.504s] Level 5:colcon.colcon_core.verb:set package 'ydlidar_ros2_driver' build argument 'cmake_force_configure' from command line to 'False'
[0.504s] Level 5:colcon.colcon_core.verb:set package 'ydlidar_ros2_driver' build argument 'ament_cmake_args' from command line to 'None'
[0.504s] Level 5:colcon.colcon_core.verb:set package 'ydlidar_ros2_driver' build argument 'catkin_cmake_args' from command line to 'None'
[0.504s] Level 5:colcon.colcon_core.verb:set package 'ydlidar_ros2_driver' build argument 'catkin_skip_building_tests' from command line to 'False'
[0.504s] DEBUG:colcon.colcon_core.verb:Building package 'ydlidar_ros2_driver' with the following arguments: {'ament_cmake_args': None, 'build_base': '/home/waesco704/ydlidar_ws/build/ydlidar_ros2_driver', 'catkin_cmake_args': None, 'catkin_skip_building_tests': False, 'cmake_args': None, 'cmake_clean_cache': False, 'cmake_clean_first': False, 'cmake_force_configure': False, 'cmake_target': None, 'cmake_target_skip_unavailable': False, 'install_base': '/home/waesco704/ydlidar_ws/install/ydlidar_ros2_driver', 'merge_install': False, 'path': '/home/waesco704/ydlidar_ws/src/ydlidar_ros2_driver', 'symlink_install': False, 'test_result_base': None}
[0.505s] Level 5:colcon.colcon_core.verb:set package 'ydlidar_sdk' build argument 'cmake_args' from command line to 'None'
[0.505s] Level 5:colcon.colcon_core.verb:set package 'ydlidar_sdk' build argument 'cmake_target' from command line to 'None'
[0.505s] Level 5:colcon.colcon_core.verb:set package 'ydlidar_sdk' build argument 'cmake_target_skip_unavailable' from command line to 'False'
[0.505s] Level 5:colcon.colcon_core.verb:set package 'ydlidar_sdk' build argument 'cmake_clean_cache' from command line to 'False'
[0.505s] Level 5:colcon.colcon_core.verb:set package 'ydlidar_sdk' build argument 'cmake_clean_first' from command line to 'False'
[0.505s] Level 5:colcon.colcon_core.verb:set package 'ydlidar_sdk' build argument 'cmake_force_configure' from command line to 'False'
[0.505s] Level 5:colcon.colcon_core.verb:set package 'ydlidar_sdk' build argument 'ament_cmake_args' from command line to 'None'
[0.505s] Level 5:colcon.colcon_core.verb:set package 'ydlidar_sdk' build argument 'catkin_cmake_args' from command line to 'None'
[0.505s] Level 5:colcon.colcon_core.verb:set package 'ydlidar_sdk' build argument 'catkin_skip_building_tests' from command line to 'False'
[0.505s] DEBUG:colcon.colcon_core.verb:Building package 'ydlidar_sdk' with the following arguments: {'ament_cmake_args': None, 'build_base': '/home/waesco704/ydlidar_ws/build/ydlidar_sdk', 'catkin_cmake_args': None, 'catkin_skip_building_tests': False, 'cmake_args': None, 'cmake_clean_cache': False, 'cmake_clean_first': False, 'cmake_force_configure': False, 'cmake_target': None, 'cmake_target_skip_unavailable': False, 'install_base': '/home/waesco704/ydlidar_ws/install/ydlidar_sdk', 'merge_install': False, 'path': '/home/waesco704/ydlidar_ws/src/YDLidar-SDK', 'symlink_install': False, 'test_result_base': None}
[0.506s] INFO:colcon.colcon_core.executor:Executing jobs using 'parallel' executor
[0.508s] DEBUG:colcon.colcon_parallel_executor.executor.parallel:run_until_complete
[0.509s] INFO:colcon.colcon_cmake.task.cmake.build:Building CMake package in '/home/waesco704/ydlidar_ws/src/lidar_manual'
[0.513s] INFO:colcon.colcon_core.plugin_system:Skipping extension 'colcon_core.shell.bat': Not used on non-Windows systems
[0.514s] INFO:colcon.colcon_core.shell:Skip shell extension 'powershell' for command environment: Not usable outside of PowerShell
[0.514s] DEBUG:colcon.colcon_core.shell:Skip shell extension 'dsv' for command environment
[0.516s] WARNING:colcon.colcon_ros.prefix_path.ament:The path '/home/waesco704/ydlidar_ws/install/ydlidar_ros2_driver' in the environment variable AMENT_PREFIX_PATH doesn't exist
[0.516s] WARNING:colcon.colcon_ros.prefix_path.ament:The path '/home/waesco704/ydlidar_ws/install/my_robot' in the environment variable AMENT_PREFIX_PATH doesn't exist
[0.516s] WARNING:colcon.colcon_ros.prefix_path.catkin:The path '/home/waesco704/ydlidar_ws/install/ydlidar_sdk' in the environment variable CMAKE_PREFIX_PATH doesn't exist
[0.516s] WARNING:colcon.colcon_ros.prefix_path.catkin:The path '/home/waesco704/ydlidar_ws/install/ydlidar_ros2_driver' in the environment variable CMAKE_PREFIX_PATH doesn't exist
[0.524s] INFO:colcon.colcon_cmake.task.cmake.build:Building CMake package in '/home/waesco704/ydlidar_ws/src/lidar_test'
[0.525s] INFO:colcon.colcon_core.shell:Skip shell extension 'powershell' for command environment: Not usable outside of PowerShell
[0.525s] DEBUG:colcon.colcon_core.shell:Skip shell extension 'dsv' for command environment
[0.532s] INFO:colcon.colcon_ros.task.ament_python.build:Building ROS package in '/home/waesco704/ydlidar_ws/src/my_robot' with build type 'ament_python'
[0.532s] Level 1:colcon.colcon_core.shell:create_environment_hook('my_robot', 'ament_prefix_path')
[0.533s] INFO:colcon.colcon_core.shell:Creating environment hook '/home/waesco704/ydlidar_ws/install/my_robot/share/my_robot/hook/ament_prefix_path.ps1'
[0.535s] INFO:colcon.colcon_core.shell:Creating environment descriptor '/home/waesco704/ydlidar_ws/install/my_robot/share/my_robot/hook/ament_prefix_path.dsv'
[0.536s] INFO:colcon.colcon_core.shell:Creating environment hook '/home/waesco704/ydlidar_ws/install/my_robot/share/my_robot/hook/ament_prefix_path.sh'
[0.537s] INFO:colcon.colcon_core.shell:Skip shell extension 'powershell' for command environment: Not usable outside of PowerShell
[0.537s] DEBUG:colcon.colcon_core.shell:Skip shell extension 'dsv' for command environment
[0.544s] INFO:colcon.colcon_ros.task.ament_cmake.build:Building ROS package in '/home/waesco704/ydlidar_ws/src/ydlidar_ros2_driver' with build type 'ament_cmake'
[0.545s] INFO:colcon.colcon_cmake.task.cmake.build:Building CMake package in '/home/waesco704/ydlidar_ws/src/ydlidar_ros2_driver'
[0.545s] INFO:colcon.colcon_core.shell:Skip shell extension 'powershell' for command environment: Not usable outside of PowerShell
[0.546s] DEBUG:colcon.colcon_core.shell:Skip shell extension 'dsv' for command environment
[0.552s] INFO:colcon.colcon_cmake.task.cmake.build:Building CMake package in '/home/waesco704/ydlidar_ws/src/YDLidar-SDK'
[0.553s] INFO:colcon.colcon_core.shell:Skip shell extension 'powershell' for command environment: Not usable outside of PowerShell
[0.553s] DEBUG:colcon.colcon_core.shell:Skip shell extension 'dsv' for command environment
[0.569s] DEBUG:colcon.colcon_core.event_handler.log_command:Invoking command in '/home/waesco704/ydlidar_ws/build/lidar_manual': /usr/bin/cmake /home/waesco704/ydlidar_ws/src/lidar_manual -DCMAKE_INSTALL_PREFIX=/home/waesco704/ydlidar_ws/install/lidar_manual
[0.574s] DEBUG:colcon.colcon_core.event_handler.log_command:Invoking command in '/home/waesco704/ydlidar_ws/build/lidar_test': /usr/bin/cmake /home/waesco704/ydlidar_ws/src/lidar_test -DCMAKE_INSTALL_PREFIX=/home/waesco704/ydlidar_ws/install/lidar_test
[1.042s] INFO:colcon.colcon_core.task.python.build:Building Python package in '/home/waesco704/ydlidar_ws/src/my_robot'
[1.043s] INFO:colcon.colcon_core.shell:Skip shell extension 'powershell' for command environment: Not usable outside of PowerShell
[1.043s] DEBUG:colcon.colcon_core.shell:Skip shell extension 'dsv' for command environment
[1.054s] DEBUG:colcon.colcon_core.event_handler.log_command:Invoking command in '/home/waesco704/ydlidar_ws/build/ydlidar_ros2_driver': CMAKE_PREFIX_PATH=${CMAKE_PREFIX_PATH}:/home/waesco704/ydlidar_ws/install/my_robot:/opt/ros/humble /usr/bin/cmake /home/waesco704/ydlidar_ws/src/ydlidar_ros2_driver -DCMAKE_INSTALL_PREFIX=/home/waesco704/ydlidar_ws/install/ydlidar_ros2_driver
[1.070s] DEBUG:colcon.colcon_core.event_handler.log_command:Invoking command in '/home/waesco704/ydlidar_ws/build/ydlidar_sdk': /usr/bin/cmake /home/waesco704/ydlidar_ws/src/YDLidar-SDK -DCMAKE_INSTALL_PREFIX=/home/waesco704/ydlidar_ws/install/ydlidar_sdk
[1.173s] DEBUG:colcon.colcon_core.event_handler.log_command:Invoked command in '/home/waesco704/ydlidar_ws/build/lidar_manual' returned '0': /usr/bin/cmake /home/waesco704/ydlidar_ws/src/lidar_manual -DCMAKE_INSTALL_PREFIX=/home/waesco704/ydlidar_ws/install/lidar_manual
[1.177s] DEBUG:colcon.colcon_core.event_handler.log_command:Invoking command in '/home/waesco704/ydlidar_ws/build/lidar_manual': /usr/bin/cmake --build /home/waesco704/ydlidar_ws/build/lidar_manual -- -j8 -l8
[1.178s] DEBUG:colcon.colcon_core.event_handler.log_command:Invoked command in '/home/waesco704/ydlidar_ws/build/lidar_test' returned '0': /usr/bin/cmake /home/waesco704/ydlidar_ws/src/lidar_test -DCMAKE_INSTALL_PREFIX=/home/waesco704/ydlidar_ws/install/lidar_test
[1.181s] DEBUG:colcon.colcon_core.event_handler.log_command:Invoking command in '/home/waesco704/ydlidar_ws/build/lidar_test': /usr/bin/cmake --build /home/waesco704/ydlidar_ws/build/lidar_test -- -j8 -l8
[2.161s] DEBUG:colcon.colcon_core.event_handler.log_command:Invoked command in '/home/waesco704/ydlidar_ws/build/ydlidar_sdk' returned '0': /usr/bin/cmake /home/waesco704/ydlidar_ws/src/YDLidar-SDK -DCMAKE_INSTALL_PREFIX=/home/waesco704/ydlidar_ws/install/ydlidar_sdk
[2.165s] DEBUG:colcon.colcon_core.event_handler.log_command:Invoking command in '/home/waesco704/ydlidar_ws/build/ydlidar_sdk': /usr/bin/cmake --build /home/waesco704/ydlidar_ws/build/ydlidar_sdk -- -j8 -l8
[2.429s] DEBUG:colcon.colcon_core.event_handler.log_command:Invoking command in '/home/waesco704/ydlidar_ws/src/my_robot': PYTHONPATH=/home/waesco704/ydlidar_ws/build/my_robot/prefix_override:/home/waesco704/.local/lib/python3.10/site-packages/colcon_core/task/python/colcon_distutils_commands:/home/waesco704/ydlidar_ws/install/my_robot/lib/python3.10/site-packages:${PYTHONPATH} /usr/bin/python3 -W ignore:setup.py install is deprecated -W ignore:easy_install command is deprecated setup.py egg_info --egg-base ../../build/my_robot build --build-base /home/waesco704/ydlidar_ws/build/my_robot/build install --record /home/waesco704/ydlidar_ws/build/my_robot/install.log --single-version-externally-managed install_data
[2.599s] WARNING:colcon.colcon_cmake.task.cmake.build:Could not run installation step for package 'lidar_test' because it has no 'install' target
[2.599s] Level 1:colcon.colcon_core.environment:create_environment_scripts_only(lidar_test)
[2.604s] DEBUG:colcon.colcon_core.event_handler.log_command:Invoked command in '/home/waesco704/ydlidar_ws/build/lidar_test' returned '0': /usr/bin/cmake --build /home/waesco704/ydlidar_ws/build/lidar_test -- -j8 -l8
[2.607s] Level 1:colcon.colcon_core.environment:checking '/home/waesco704/ydlidar_ws/install/lidar_test' for CMake module files
[2.607s] Level 1:colcon.colcon_core.environment:checking '/home/waesco704/ydlidar_ws/install/lidar_test' for CMake config files
[2.609s] Level 1:colcon.colcon_core.environment:checking '/home/waesco704/ydlidar_ws/install/lidar_test/bin'
[2.609s] Level 1:colcon.colcon_core.environment:checking '/home/waesco704/ydlidar_ws/install/lidar_test/lib/pkgconfig/lidar_test.pc'
[2.610s] Level 1:colcon.colcon_core.environment:checking '/home/waesco704/ydlidar_ws/install/lidar_test/lib/python3.10/site-packages'
[2.610s] Level 1:colcon.colcon_core.environment:checking '/home/waesco704/ydlidar_ws/install/lidar_test/bin'
[2.615s] INFO:colcon.colcon_core.shell:Creating package script '/home/waesco704/ydlidar_ws/install/lidar_test/share/lidar_test/package.ps1'
[2.617s] INFO:colcon.colcon_core.shell:Creating package descriptor '/home/waesco704/ydlidar_ws/install/lidar_test/share/lidar_test/package.dsv'
[2.618s] INFO:colcon.colcon_core.shell:Creating package script '/home/waesco704/ydlidar_ws/install/lidar_test/share/lidar_test/package.sh'
[2.629s] INFO:colcon.colcon_core.shell:Creating package script '/home/waesco704/ydlidar_ws/install/lidar_test/share/lidar_test/package.bash'
[2.634s] INFO:colcon.colcon_core.shell:Creating package script '/home/waesco704/ydlidar_ws/install/lidar_test/share/lidar_test/package.zsh'
[2.643s] Level 1:colcon.colcon_core.environment:create_file_with_runtime_dependencies(/home/waesco704/ydlidar_ws/install/lidar_test/share/colcon-core/packages/lidar_test)
[2.721s] DEBUG:colcon.colcon_core.event_handler.log_command:Invoked command in '/home/waesco704/ydlidar_ws/build/lidar_manual' returned '0': /usr/bin/cmake --build /home/waesco704/ydlidar_ws/build/lidar_manual -- -j8 -l8
[2.721s] WARNING:colcon.colcon_cmake.task.cmake.build:Could not run installation step for package 'lidar_manual' because it has no 'install' target
[2.722s] Level 1:colcon.colcon_core.environment:create_environment_scripts_only(lidar_manual)
[2.722s] Level 1:colcon.colcon_core.environment:checking '/home/waesco704/ydlidar_ws/install/lidar_manual' for CMake module files
[2.723s] Level 1:colcon.colcon_core.environment:checking '/home/waesco704/ydlidar_ws/install/lidar_manual' for CMake config files
[2.724s] Level 1:colcon.colcon_core.environment:checking '/home/waesco704/ydlidar_ws/install/lidar_manual/bin'
[2.724s] Level 1:colcon.colcon_core.environment:checking '/home/waesco704/ydlidar_ws/install/lidar_manual/lib/pkgconfig/lidar_manual.pc'
[2.724s] Level 1:colcon.colcon_core.environment:checking '/home/waesco704/ydlidar_ws/install/lidar_manual/lib/python3.10/site-packages'
[2.725s] Level 1:colcon.colcon_core.environment:checking '/home/waesco704/ydlidar_ws/install/lidar_manual/bin'
[2.726s] INFO:colcon.colcon_core.shell:Creating package script '/home/waesco704/ydlidar_ws/install/lidar_manual/share/lidar_manual/package.ps1'
[2.727s] INFO:colcon.colcon_core.shell:Creating package descriptor '/home/waesco704/ydlidar_ws/install/lidar_manual/share/lidar_manual/package.dsv'
[2.728s] INFO:colcon.colcon_core.shell:Creating package script '/home/waesco704/ydlidar_ws/install/lidar_manual/share/lidar_manual/package.sh'
[2.729s] INFO:colcon.colcon_core.shell:Creating package script '/home/waesco704/ydlidar_ws/install/lidar_manual/share/lidar_manual/package.bash'
[2.730s] INFO:colcon.colcon_core.shell:Creating package script '/home/waesco704/ydlidar_ws/install/lidar_manual/share/lidar_manual/package.zsh'
[2.731s] Level 1:colcon.colcon_core.environment:create_file_with_runtime_dependencies(/home/waesco704/ydlidar_ws/install/lidar_manual/share/colcon-core/packages/lidar_manual)
[4.130s] Level 1:colcon.colcon_core.environment:checking '/home/waesco704/ydlidar_ws/install/my_robot' for CMake module files
[4.132s] DEBUG:colcon.colcon_core.event_handler.log_command:Invoked command in '/home/waesco704/ydlidar_ws/src/my_robot' returned '0': PYTHONPATH=/home/waesco704/ydlidar_ws/build/my_robot/prefix_override:/home/waesco704/.local/lib/python3.10/site-packages/colcon_core/task/python/colcon_distutils_commands:/home/waesco704/ydlidar_ws/install/my_robot/lib/python3.10/site-packages:${PYTHONPATH} /usr/bin/python3 -W ignore:setup.py install is deprecated -W ignore:easy_install command is deprecated setup.py egg_info --egg-base ../../build/my_robot build --build-base /home/waesco704/ydlidar_ws/build/my_robot/build install --record /home/waesco704/ydlidar_ws/build/my_robot/install.log --single-version-externally-managed install_data
[4.132s] Level 1:colcon.colcon_core.environment:checking '/home/waesco704/ydlidar_ws/install/my_robot' for CMake config files
[4.134s] Level 1:colcon.colcon_core.environment:checking '/home/waesco704/ydlidar_ws/install/my_robot/lib'
[4.135s] Level 1:colcon.colcon_core.environment:checking '/home/waesco704/ydlidar_ws/install/my_robot/bin'
[4.135s] Level 1:colcon.colcon_core.environment:checking '/home/waesco704/ydlidar_ws/install/my_robot/lib/pkgconfig/my_robot.pc'
[4.135s] Level 1:colcon.colcon_core.environment:checking '/home/waesco704/ydlidar_ws/install/my_robot/lib/python3.10/site-packages'
[4.136s] Level 1:colcon.colcon_core.shell:create_environment_hook('my_robot', 'pythonpath')
[4.136s] INFO:colcon.colcon_core.shell:Creating environment hook '/home/waesco704/ydlidar_ws/install/my_robot/share/my_robot/hook/pythonpath.ps1'
[4.138s] INFO:colcon.colcon_core.shell:Creating environment descriptor '/home/waesco704/ydlidar_ws/install/my_robot/share/my_robot/hook/pythonpath.dsv'
[4.138s] INFO:colcon.colcon_core.shell:Creating environment hook '/home/waesco704/ydlidar_ws/install/my_robot/share/my_robot/hook/pythonpath.sh'
[4.140s] Level 1:colcon.colcon_core.environment:checking '/home/waesco704/ydlidar_ws/install/my_robot/bin'
[4.140s] Level 1:colcon.colcon_core.environment:create_environment_scripts_only(my_robot)
[4.141s] INFO:colcon.colcon_core.shell:Creating package script '/home/waesco704/ydlidar_ws/install/my_robot/share/my_robot/package.ps1'
[4.142s] INFO:colcon.colcon_core.shell:Creating package descriptor '/home/waesco704/ydlidar_ws/install/my_robot/share/my_robot/package.dsv'
[4.143s] INFO:colcon.colcon_core.shell:Creating package script '/home/waesco704/ydlidar_ws/install/my_robot/share/my_robot/package.sh'
[4.144s] INFO:colcon.colcon_core.shell:Creating package script '/home/waesco704/ydlidar_ws/install/my_robot/share/my_robot/package.bash'
[4.145s] INFO:colcon.colcon_core.shell:Creating package script '/home/waesco704/ydlidar_ws/install/my_robot/share/my_robot/package.zsh'
[4.151s] Level 1:colcon.colcon_core.environment:create_file_with_runtime_dependencies(/home/waesco704/ydlidar_ws/install/my_robot/share/colcon-core/packages/my_robot)
[5.563s] DEBUG:colcon.colcon_core.event_handler.log_command:Invoked command in '/home/waesco704/ydlidar_ws/build/ydlidar_ros2_driver' returned '0': CMAKE_PREFIX_PATH=${CMAKE_PREFIX_PATH}:/home/waesco704/ydlidar_ws/install/my_robot:/opt/ros/humble /usr/bin/cmake /home/waesco704/ydlidar_ws/src/ydlidar_ros2_driver -DCMAKE_INSTALL_PREFIX=/home/waesco704/ydlidar_ws/install/ydlidar_ros2_driver
[5.568s] DEBUG:colcon.colcon_core.event_handler.log_command:Invoking command in '/home/waesco704/ydlidar_ws/build/ydlidar_ros2_driver': CMAKE_PREFIX_PATH=${CMAKE_PREFIX_PATH}:/home/waesco704/ydlidar_ws/install/my_robot:/opt/ros/humble /usr/bin/cmake --build /home/waesco704/ydlidar_ws/build/ydlidar_ros2_driver -- -j8 -l8
[11.193s] DEBUG:colcon.colcon_core.event_handler.log_command:Invoked command in '/home/waesco704/ydlidar_ws/build/ydlidar_sdk' returned '0': /usr/bin/cmake --build /home/waesco704/ydlidar_ws/build/ydlidar_sdk -- -j8 -l8
[11.213s] DEBUG:colcon.colcon_core.event_handler.log_command:Invoking command in '/home/waesco704/ydlidar_ws/build/ydlidar_sdk': /usr/bin/cmake --install /home/waesco704/ydlidar_ws/build/ydlidar_sdk
[11.323s] Level 1:colcon.colcon_core.environment:create_environment_scripts_only(ydlidar_sdk)
[11.324s] Level 1:colcon.colcon_core.environment:checking '/home/waesco704/ydlidar_ws/install/ydlidar_sdk' for CMake module files
[11.325s] DEBUG:colcon.colcon_core.event_handler.log_command:Invoked command in '/home/waesco704/ydlidar_ws/build/ydlidar_sdk' returned '0': /usr/bin/cmake --install /home/waesco704/ydlidar_ws/build/ydlidar_sdk
[11.326s] Level 1:colcon.colcon_core.environment:checking '/home/waesco704/ydlidar_ws/install/ydlidar_sdk' for CMake config files
[11.326s] Level 1:colcon.colcon_core.shell:create_environment_hook('ydlidar_sdk', 'cmake_prefix_path')
[11.327s] INFO:colcon.colcon_core.shell:Creating environment hook '/home/waesco704/ydlidar_ws/install/ydlidar_sdk/share/ydlidar_sdk/hook/cmake_prefix_path.ps1'
[11.328s] INFO:colcon.colcon_core.shell:Creating environment descriptor '/home/waesco704/ydlidar_ws/install/ydlidar_sdk/share/ydlidar_sdk/hook/cmake_prefix_path.dsv'
[11.329s] INFO:colcon.colcon_core.shell:Creating environment hook '/home/waesco704/ydlidar_ws/install/ydlidar_sdk/share/ydlidar_sdk/hook/cmake_prefix_path.sh'
[11.330s] Level 1:colcon.colcon_core.environment:checking '/home/waesco704/ydlidar_ws/install/ydlidar_sdk/lib'
[11.330s] Level 1:colcon.colcon_core.environment:checking '/home/waesco704/ydlidar_ws/install/ydlidar_sdk/bin'
[11.330s] Level 1:colcon.colcon_core.shell:create_environment_hook('ydlidar_sdk', 'path')
[11.331s] INFO:colcon.colcon_core.shell:Creating environment hook '/home/waesco704/ydlidar_ws/install/ydlidar_sdk/share/ydlidar_sdk/hook/path.ps1'
[11.332s] INFO:colcon.colcon_core.shell:Creating environment descriptor '/home/waesco704/ydlidar_ws/install/ydlidar_sdk/share/ydlidar_sdk/hook/path.dsv'
[11.333s] INFO:colcon.colcon_core.shell:Creating environment hook '/home/waesco704/ydlidar_ws/install/ydlidar_sdk/share/ydlidar_sdk/hook/path.sh'
[11.333s] Level 1:colcon.colcon_core.environment:checking '/home/waesco704/ydlidar_ws/install/ydlidar_sdk/lib/pkgconfig/ydlidar_sdk.pc'
[11.334s] Level 1:colcon.colcon_core.environment:checking '/home/waesco704/ydlidar_ws/install/ydlidar_sdk/lib/python3.10/site-packages'
[11.335s] Level 1:colcon.colcon_core.environment:checking '/home/waesco704/ydlidar_ws/install/ydlidar_sdk/bin'
[11.335s] Level 1:colcon.colcon_core.shell:create_environment_hook('ydlidar_sdk', 'pythonscriptspath')
[11.335s] INFO:colcon.colcon_core.shell:Creating environment hook '/home/waesco704/ydlidar_ws/install/ydlidar_sdk/share/ydlidar_sdk/hook/pythonscriptspath.ps1'
[11.336s] INFO:colcon.colcon_core.shell:Creating environment descriptor '/home/waesco704/ydlidar_ws/install/ydlidar_sdk/share/ydlidar_sdk/hook/pythonscriptspath.dsv'
[11.337s] INFO:colcon.colcon_core.shell:Creating environment hook '/home/waesco704/ydlidar_ws/install/ydlidar_sdk/share/ydlidar_sdk/hook/pythonscriptspath.sh'
[11.338s] INFO:colcon.colcon_core.shell:Creating package script '/home/waesco704/ydlidar_ws/install/ydlidar_sdk/share/ydlidar_sdk/package.ps1'
[11.340s] INFO:colcon.colcon_core.shell:Creating package descriptor '/home/waesco704/ydlidar_ws/install/ydlidar_sdk/share/ydlidar_sdk/package.dsv'
[11.341s] INFO:colcon.colcon_core.shell:Creating package script '/home/waesco704/ydlidar_ws/install/ydlidar_sdk/share/ydlidar_sdk/package.sh'
[11.342s] INFO:colcon.colcon_core.shell:Creating package script '/home/waesco704/ydlidar_ws/install/ydlidar_sdk/share/ydlidar_sdk/package.bash'
[11.342s] INFO:colcon.colcon_core.shell:Creating package script '/home/waesco704/ydlidar_ws/install/ydlidar_sdk/share/ydlidar_sdk/package.zsh'
[11.343s] Level 1:colcon.colcon_core.environment:create_file_with_runtime_dependencies(/home/waesco704/ydlidar_ws/install/ydlidar_sdk/share/colcon-core/packages/ydlidar_sdk)
[25.653s] DEBUG:colcon.colcon_core.event_handler.log_command:Invoked command in '/home/waesco704/ydlidar_ws/build/ydlidar_ros2_driver' returned '0': CMAKE_PREFIX_PATH=${CMAKE_PREFIX_PATH}:/home/waesco704/ydlidar_ws/install/my_robot:/opt/ros/humble /usr/bin/cmake --build /home/waesco704/ydlidar_ws/build/ydlidar_ros2_driver -- -j8 -l8
[25.657s] DEBUG:colcon.colcon_core.event_handler.log_command:Invoking command in '/home/waesco704/ydlidar_ws/build/ydlidar_ros2_driver': CMAKE_PREFIX_PATH=${CMAKE_PREFIX_PATH}:/home/waesco704/ydlidar_ws/install/my_robot:/opt/ros/humble /usr/bin/cmake --install /home/waesco704/ydlidar_ws/build/ydlidar_ros2_driver
[25.697s] Level 1:colcon.colcon_core.environment:create_environment_scripts_only(ydlidar_ros2_driver)
[25.698s] Level 1:colcon.colcon_core.environment:checking '/home/waesco704/ydlidar_ws/install/ydlidar_ros2_driver' for CMake module files
[25.700s] DEBUG:colcon.colcon_core.event_handler.log_command:Invoked command in '/home/waesco704/ydlidar_ws/build/ydlidar_ros2_driver' returned '0': CMAKE_PREFIX_PATH=${CMAKE_PREFIX_PATH}:/home/waesco704/ydlidar_ws/install/my_robot:/opt/ros/humble /usr/bin/cmake --install /home/waesco704/ydlidar_ws/build/ydlidar_ros2_driver
[25.701s] Level 1:colcon.colcon_core.environment:checking '/home/waesco704/ydlidar_ws/install/ydlidar_ros2_driver' for CMake config files
[25.702s] Level 1:colcon.colcon_core.shell:create_environment_hook('ydlidar_ros2_driver', 'cmake_prefix_path')
[25.703s] INFO:colcon.colcon_core.shell:Creating environment hook '/home/waesco704/ydlidar_ws/install/ydlidar_ros2_driver/share/ydlidar_ros2_driver/hook/cmake_prefix_path.ps1'
[25.705s] INFO:colcon.colcon_core.shell:Creating environment descriptor '/home/waesco704/ydlidar_ws/install/ydlidar_ros2_driver/share/ydlidar_ros2_driver/hook/cmake_prefix_path.dsv'
[25.706s] INFO:colcon.colcon_core.shell:Creating environment hook '/home/waesco704/ydlidar_ws/install/ydlidar_ros2_driver/share/ydlidar_ros2_driver/hook/cmake_prefix_path.sh'
[25.708s] Level 1:colcon.colcon_core.environment:checking '/home/waesco704/ydlidar_ws/install/ydlidar_ros2_driver/lib'
[25.708s] Level 1:colcon.colcon_core.environment:checking '/home/waesco704/ydlidar_ws/install/ydlidar_ros2_driver/bin'
[25.709s] Level 1:colcon.colcon_core.environment:checking '/home/waesco704/ydlidar_ws/install/ydlidar_ros2_driver/lib/pkgconfig/ydlidar_ros2_driver.pc'
[25.709s] Level 1:colcon.colcon_core.environment:checking '/home/waesco704/ydlidar_ws/install/ydlidar_ros2_driver/lib/python3.10/site-packages'
[25.711s] Level 1:colcon.colcon_core.environment:checking '/home/waesco704/ydlidar_ws/install/ydlidar_ros2_driver/bin'
[25.712s] INFO:colcon.colcon_core.shell:Creating package script '/home/waesco704/ydlidar_ws/install/ydlidar_ros2_driver/share/ydlidar_ros2_driver/package.ps1'
[25.713s] INFO:colcon.colcon_core.shell:Creating package descriptor '/home/waesco704/ydlidar_ws/install/ydlidar_ros2_driver/share/ydlidar_ros2_driver/package.dsv'
[25.715s] INFO:colcon.colcon_core.shell:Creating package script '/home/waesco704/ydlidar_ws/install/ydlidar_ros2_driver/share/ydlidar_ros2_driver/package.sh'
[25.716s] INFO:colcon.colcon_core.shell:Creating package script '/home/waesco704/ydlidar_ws/install/ydlidar_ros2_driver/share/ydlidar_ros2_driver/package.bash'
[25.718s] INFO:colcon.colcon_core.shell:Creating package script '/home/waesco704/ydlidar_ws/install/ydlidar_ros2_driver/share/ydlidar_ros2_driver/package.zsh'
[25.719s] Level 1:colcon.colcon_core.environment:create_file_with_runtime_dependencies(/home/waesco704/ydlidar_ws/install/ydlidar_ros2_driver/share/colcon-core/packages/ydlidar_ros2_driver)
[25.721s] Level 1:colcon.colcon_core.environment:create_environment_scripts_only(ydlidar_ros2_driver)
[25.722s] Level 1:colcon.colcon_core.environment:checking '/home/waesco704/ydlidar_ws/install/ydlidar_ros2_driver' for CMake module files
[25.723s] Level 1:colcon.colcon_core.environment:checking '/home/waesco704/ydlidar_ws/install/ydlidar_ros2_driver' for CMake config files
[25.725s] Level 1:colcon.colcon_core.shell:create_environment_hook('ydlidar_ros2_driver', 'cmake_prefix_path')
[25.725s] INFO:colcon.colcon_core.shell:Creating environment hook '/home/waesco704/ydlidar_ws/install/ydlidar_ros2_driver/share/ydlidar_ros2_driver/hook/cmake_prefix_path.ps1'
[25.727s] INFO:colcon.colcon_core.shell:Creating environment descriptor '/home/waesco704/ydlidar_ws/install/ydlidar_ros2_driver/share/ydlidar_ros2_driver/hook/cmake_prefix_path.dsv'
[25.728s] INFO:colcon.colcon_core.shell:Creating environment hook '/home/waesco704/ydlidar_ws/install/ydlidar_ros2_driver/share/ydlidar_ros2_driver/hook/cmake_prefix_path.sh'
[25.730s] Level 1:colcon.colcon_core.environment:checking '/home/waesco704/ydlidar_ws/install/ydlidar_ros2_driver/lib'
[25.730s] Level 1:colcon.colcon_core.environment:checking '/home/waesco704/ydlidar_ws/install/ydlidar_ros2_driver/bin'
[25.731s] Level 1:colcon.colcon_core.environment:checking '/home/waesco704/ydlidar_ws/install/ydlidar_ros2_driver/lib/pkgconfig/ydlidar_ros2_driver.pc'
[25.731s] Level 1:colcon.colcon_core.environment:checking '/home/waesco704/ydlidar_ws/install/ydlidar_ros2_driver/lib/python3.10/site-packages'
[25.733s] Level 1:colcon.colcon_core.environment:checking '/home/waesco704/ydlidar_ws/install/ydlidar_ros2_driver/bin'
[25.734s] INFO:colcon.colcon_core.shell:Creating package script '/home/waesco704/ydlidar_ws/install/ydlidar_ros2_driver/share/ydlidar_ros2_driver/package.ps1'
[25.736s] INFO:colcon.colcon_core.shell:Creating package descriptor '/home/waesco704/ydlidar_ws/install/ydlidar_ros2_driver/share/ydlidar_ros2_driver/package.dsv'
[25.737s] INFO:colcon.colcon_core.shell:Creating package script '/home/waesco704/ydlidar_ws/install/ydlidar_ros2_driver/share/ydlidar_ros2_driver/package.sh'
[25.739s] INFO:colcon.colcon_core.shell:Creating package script '/home/waesco704/ydlidar_ws/install/ydlidar_ros2_driver/share/ydlidar_ros2_driver/package.bash'
[25.740s] INFO:colcon.colcon_core.shell:Creating package script '/home/waesco704/ydlidar_ws/install/ydlidar_ros2_driver/share/ydlidar_ros2_driver/package.zsh'
[25.742s] Level 1:colcon.colcon_core.environment:create_file_with_runtime_dependencies(/home/waesco704/ydlidar_ws/install/ydlidar_ros2_driver/share/colcon-core/packages/ydlidar_ros2_driver)
[25.743s] DEBUG:colcon.colcon_parallel_executor.executor.parallel:closing loop
[25.744s] DEBUG:colcon.colcon_parallel_executor.executor.parallel:loop closed
[25.744s] DEBUG:colcon.colcon_parallel_executor.executor.parallel:run_until_complete finished with '0'
[25.745s] DEBUG:colcon.colcon_core.event_reactor:joining thread
[25.764s] INFO:colcon.colcon_core.plugin_system:Skipping extension 'colcon_notification.desktop_notification.terminal_notifier': Not used on non-Darwin systems
[25.764s] INFO:colcon.colcon_core.plugin_system:Skipping extension 'colcon_notification.desktop_notification.win32': Not used on non-Windows systems
[25.764s] INFO:colcon.colcon_notification.desktop_notification:Sending desktop notification using 'notify2'
[25.808s] DEBUG:colcon.colcon_core.event_reactor:joined thread
[25.809s] INFO:colcon.colcon_core.shell:Creating prefix script '/home/waesco704/ydlidar_ws/install/local_setup.ps1'
[25.812s] INFO:colcon.colcon_core.shell:Creating prefix util module '/home/waesco704/ydlidar_ws/install/_local_setup_util_ps1.py'
[25.817s] INFO:colcon.colcon_core.shell:Creating prefix chain script '/home/waesco704/ydlidar_ws/install/setup.ps1'
[25.821s] INFO:colcon.colcon_core.shell:Creating prefix script '/home/waesco704/ydlidar_ws/install/local_setup.sh'
[25.823s] INFO:colcon.colcon_core.shell:Creating prefix util module '/home/waesco704/ydlidar_ws/install/_local_setup_util_sh.py'
[25.825s] INFO:colcon.colcon_core.shell:Creating prefix chain script '/home/waesco704/ydlidar_ws/install/setup.sh'
[25.829s] INFO:colcon.colcon_core.shell:Creating prefix script '/home/waesco704/ydlidar_ws/install/local_setup.bash'
[25.831s] INFO:colcon.colcon_core.shell:Creating prefix chain script '/home/waesco704/ydlidar_ws/install/setup.bash'
[25.835s] INFO:colcon.colcon_core.shell:Creating prefix script '/home/waesco704/ydlidar_ws/install/local_setup.zsh'
[25.837s] INFO:colcon.colcon_core.shell:Creating prefix chain script '/home/waesco704/ydlidar_ws/install/setup.zsh'
