[0.341s] DEBUG:colcon:Command line arguments: ['/home/waesco704/.local/bin/colcon', 'build']
[0.341s] DEBUG:colcon:Parsed command line arguments: Namespace(log_base=None, log_level=None, verb_name='build', build_base='build', install_base='install', merge_install=False, symlink_install=False, test_result_base=None, continue_on_error=False, executor='parallel', parallel_workers=8, event_handlers=None, ignore_user_meta=False, metas=['./colcon.meta'], base_paths=['.'], packages_ignore=None, packages_ignore_regex=None, paths=None, packages_up_to=None, packages_up_to_regex=None, packages_above=None, packages_above_and_dependencies=None, packages_above_depth=None, packages_select_by_dep=None, packages_skip_by_dep=None, packages_skip_up_to=None, packages_select_build_failed=False, packages_skip_build_finished=False, packages_select_test_failures=False, packages_skip_test_passed=False, packages_select=None, packages_skip=None, packages_select_regex=None, packages_skip_regex=None, packages_start=None, packages_end=None, cmake_args=None, cmake_target=None, cmake_target_skip_unavailable=False, cmake_clean_cache=False, cmake_clean_first=False, cmake_force_configure=False, ament_cmake_args=None, catkin_cmake_args=None, catkin_skip_building_tests=False, verb_parser=<colcon_defaults.argument_parser.defaults.DefaultArgumentsDecorator object at 0xffff8330d930>, verb_extension=<colcon_core.verb.build.BuildVerb object at 0xffff8330d330>, main=<bound method BuildVerb.main of <colcon_core.verb.build.BuildVerb object at 0xffff8330d330>>)
[0.455s] Level 1:colcon.colcon_core.package_discovery:discover_packages(colcon_meta) check parameters
[0.456s] Level 1:colcon.colcon_core.package_discovery:discover_packages(recursive) check parameters
[0.456s] Level 1:colcon.colcon_core.package_discovery:discover_packages(ignore) check parameters
[0.456s] Level 1:colcon.colcon_core.package_discovery:discover_packages(path) check parameters
[0.456s] Level 1:colcon.colcon_core.package_discovery:discover_packages(colcon_meta) discover
[0.456s] Level 1:colcon.colcon_core.package_discovery:discover_packages(recursive) discover
[0.456s] INFO:colcon.colcon_core.package_discovery:Crawling recursively for packages in '/home/waesco704/ydlidar_ws'
[0.456s] Level 1:colcon.colcon_core.package_identification:_identify(.) by extensions ['ignore', 'ignore_ament_install']
[0.457s] Level 1:colcon.colcon_core.package_identification:_identify(.) by extension 'ignore'
[0.457s] Level 1:colcon.colcon_core.package_identification:_identify(.) by extension 'ignore_ament_install'
[0.457s] Level 1:colcon.colcon_core.package_identification:_identify(.) by extensions ['colcon_pkg']
[0.457s] Level 1:colcon.colcon_core.package_identification:_identify(.) by extension 'colcon_pkg'
[0.457s] Level 1:colcon.colcon_core.package_identification:_identify(.) by extensions ['colcon_meta']
[0.457s] Level 1:colcon.colcon_core.package_identification:_identify(.) by extension 'colcon_meta'
[0.457s] Level 1:colcon.colcon_core.package_identification:_identify(.) by extensions ['ros']
[0.457s] Level 1:colcon.colcon_core.package_identification:_identify(.) by extension 'ros'
[0.492s] Level 1:colcon.colcon_core.package_identification:_identify(.) by extensions ['cmake', 'python']
[0.492s] Level 1:colcon.colcon_core.package_identification:_identify(.) by extension 'cmake'
[0.492s] Level 1:colcon.colcon_core.package_identification:_identify(.) by extension 'python'
[0.492s] Level 1:colcon.colcon_core.package_identification:_identify(.) by extensions ['python_setup_py']
[0.493s] Level 1:colcon.colcon_core.package_identification:_identify(.) by extension 'python_setup_py'
[0.493s] Level 1:colcon.colcon_core.package_identification:_identify(build) by extensions ['ignore', 'ignore_ament_install']
[0.493s] Level 1:colcon.colcon_core.package_identification:_identify(build) by extension 'ignore'
[0.493s] Level 1:colcon.colcon_core.package_identification:_identify(build) ignored
[0.493s] Level 1:colcon.colcon_core.package_identification:_identify(install) by extensions ['ignore', 'ignore_ament_install']
[0.494s] Level 1:colcon.colcon_core.package_identification:_identify(install) by extension 'ignore'
[0.494s] Level 1:colcon.colcon_core.package_identification:_identify(install) ignored
[0.494s] Level 1:colcon.colcon_core.package_identification:_identify(log) by extensions ['ignore', 'ignore_ament_install']
[0.494s] Level 1:colcon.colcon_core.package_identification:_identify(log) by extension 'ignore'
[0.494s] Level 1:colcon.colcon_core.package_identification:_identify(log) ignored
[0.494s] Level 1:colcon.colcon_core.package_identification:_identify(src) by extensions ['ignore', 'ignore_ament_install']
[0.495s] Level 1:colcon.colcon_core.package_identification:_identify(src) by extension 'ignore'
[0.495s] Level 1:colcon.colcon_core.package_identification:_identify(src) by extension 'ignore_ament_install'
[0.495s] Level 1:colcon.colcon_core.package_identification:_identify(src) by extensions ['colcon_pkg']
[0.495s] Level 1:colcon.colcon_core.package_identification:_identify(src) by extension 'colcon_pkg'
[0.495s] Level 1:colcon.colcon_core.package_identification:_identify(src) by extensions ['colcon_meta']
[0.495s] Level 1:colcon.colcon_core.package_identification:_identify(src) by extension 'colcon_meta'
[0.495s] Level 1:colcon.colcon_core.package_identification:_identify(src) by extensions ['ros']
[0.495s] Level 1:colcon.colcon_core.package_identification:_identify(src) by extension 'ros'
[0.496s] Level 1:colcon.colcon_core.package_identification:_identify(src) by extensions ['cmake', 'python']
[0.496s] Level 1:colcon.colcon_core.package_identification:_identify(src) by extension 'cmake'
[0.496s] Level 1:colcon.colcon_core.package_identification:_identify(src) by extension 'python'
[0.496s] Level 1:colcon.colcon_core.package_identification:_identify(src) by extensions ['python_setup_py']
[0.496s] Level 1:colcon.colcon_core.package_identification:_identify(src) by extension 'python_setup_py'
[0.496s] Level 1:colcon.colcon_core.package_identification:_identify(src/YDLidar-SDK) by extensions ['ignore', 'ignore_ament_install']
[0.496s] Level 1:colcon.colcon_core.package_identification:_identify(src/YDLidar-SDK) by extension 'ignore'
[0.496s] Level 1:colcon.colcon_core.package_identification:_identify(src/YDLidar-SDK) by extension 'ignore_ament_install'
[0.496s] Level 1:colcon.colcon_core.package_identification:_identify(src/YDLidar-SDK) by extensions ['colcon_pkg']
[0.497s] Level 1:colcon.colcon_core.package_identification:_identify(src/YDLidar-SDK) by extension 'colcon_pkg'
[0.497s] Level 1:colcon.colcon_core.package_identification:_identify(src/YDLidar-SDK) by extensions ['colcon_meta']
[0.497s] Level 1:colcon.colcon_core.package_identification:_identify(src/YDLidar-SDK) by extension 'colcon_meta'
[0.497s] Level 1:colcon.colcon_core.package_identification:_identify(src/YDLidar-SDK) by extensions ['ros']
[0.497s] Level 1:colcon.colcon_core.package_identification:_identify(src/YDLidar-SDK) by extension 'ros'
[0.497s] Level 1:colcon.colcon_core.package_identification:_identify(src/YDLidar-SDK) by extensions ['cmake', 'python']
[0.497s] Level 1:colcon.colcon_core.package_identification:_identify(src/YDLidar-SDK) by extension 'cmake'
[0.552s] Level 1:colcon.colcon_core.package_identification:_identify(src/YDLidar-SDK) by extension 'python'
[0.552s] DEBUG:colcon.colcon_core.package_identification:Package 'src/YDLidar-SDK' with type 'cmake' and name 'ydlidar_sdk'
[0.552s] Level 1:colcon.colcon_core.package_identification:_identify(src/lidar_manual) by extensions ['ignore', 'ignore_ament_install']
[0.553s] Level 1:colcon.colcon_core.package_identification:_identify(src/lidar_manual) by extension 'ignore'
[0.553s] Level 1:colcon.colcon_core.package_identification:_identify(src/lidar_manual) by extension 'ignore_ament_install'
[0.553s] Level 1:colcon.colcon_core.package_identification:_identify(src/lidar_manual) by extensions ['colcon_pkg']
[0.553s] Level 1:colcon.colcon_core.package_identification:_identify(src/lidar_manual) by extension 'colcon_pkg'
[0.553s] Level 1:colcon.colcon_core.package_identification:_identify(src/lidar_manual) by extensions ['colcon_meta']
[0.553s] Level 1:colcon.colcon_core.package_identification:_identify(src/lidar_manual) by extension 'colcon_meta'
[0.553s] Level 1:colcon.colcon_core.package_identification:_identify(src/lidar_manual) by extensions ['ros']
[0.553s] Level 1:colcon.colcon_core.package_identification:_identify(src/lidar_manual) by extension 'ros'
[0.554s] Level 1:colcon.colcon_core.package_identification:_identify(src/lidar_manual) by extensions ['cmake', 'python']
[0.554s] Level 1:colcon.colcon_core.package_identification:_identify(src/lidar_manual) by extension 'cmake'
[0.559s] Level 1:colcon.colcon_core.package_identification:_identify(src/lidar_manual) by extension 'python'
[0.559s] DEBUG:colcon.colcon_core.package_identification:Package 'src/lidar_manual' with type 'cmake' and name 'lidar_manual'
[0.560s] Level 1:colcon.colcon_core.package_identification:_identify(src/lidar_test) by extensions ['ignore', 'ignore_ament_install']
[0.560s] Level 1:colcon.colcon_core.package_identification:_identify(src/lidar_test) by extension 'ignore'
[0.560s] Level 1:colcon.colcon_core.package_identification:_identify(src/lidar_test) by extension 'ignore_ament_install'
[0.560s] Level 1:colcon.colcon_core.package_identification:_identify(src/lidar_test) by extensions ['colcon_pkg']
[0.560s] Level 1:colcon.colcon_core.package_identification:_identify(src/lidar_test) by extension 'colcon_pkg'
[0.560s] Level 1:colcon.colcon_core.package_identification:_identify(src/lidar_test) by extensions ['colcon_meta']
[0.560s] Level 1:colcon.colcon_core.package_identification:_identify(src/lidar_test) by extension 'colcon_meta'
[0.560s] Level 1:colcon.colcon_core.package_identification:_identify(src/lidar_test) by extensions ['ros']
[0.560s] Level 1:colcon.colcon_core.package_identification:_identify(src/lidar_test) by extension 'ros'
[0.561s] Level 1:colcon.colcon_core.package_identification:_identify(src/lidar_test) by extensions ['cmake', 'python']
[0.561s] Level 1:colcon.colcon_core.package_identification:_identify(src/lidar_test) by extension 'cmake'
[0.566s] Level 1:colcon.colcon_core.package_identification:_identify(src/lidar_test) by extension 'python'
[0.566s] DEBUG:colcon.colcon_core.package_identification:Package 'src/lidar_test' with type 'cmake' and name 'lidar_test'
[0.566s] Level 1:colcon.colcon_core.package_identification:_identify(src/my_robot) by extensions ['ignore', 'ignore_ament_install']
[0.567s] Level 1:colcon.colcon_core.package_identification:_identify(src/my_robot) by extension 'ignore'
[0.567s] Level 1:colcon.colcon_core.package_identification:_identify(src/my_robot) by extension 'ignore_ament_install'
[0.567s] Level 1:colcon.colcon_core.package_identification:_identify(src/my_robot) by extensions ['colcon_pkg']
[0.567s] Level 1:colcon.colcon_core.package_identification:_identify(src/my_robot) by extension 'colcon_pkg'
[0.567s] Level 1:colcon.colcon_core.package_identification:_identify(src/my_robot) by extensions ['colcon_meta']
[0.567s] Level 1:colcon.colcon_core.package_identification:_identify(src/my_robot) by extension 'colcon_meta'
[0.567s] Level 1:colcon.colcon_core.package_identification:_identify(src/my_robot) by extensions ['ros']
[0.567s] Level 1:colcon.colcon_core.package_identification:_identify(src/my_robot) by extension 'ros'
[0.573s] DEBUG:colcon.colcon_core.package_identification:Package 'src/my_robot' with type 'ros.ament_python' and name 'my_robot'
[0.574s] Level 1:colcon.colcon_core.package_identification:_identify(src/ydlidar_ros2_driver) by extensions ['ignore', 'ignore_ament_install']
[0.574s] Level 1:colcon.colcon_core.package_identification:_identify(src/ydlidar_ros2_driver) by extension 'ignore'
[0.574s] Level 1:colcon.colcon_core.package_identification:_identify(src/ydlidar_ros2_driver) by extension 'ignore_ament_install'
[0.574s] Level 1:colcon.colcon_core.package_identification:_identify(src/ydlidar_ros2_driver) by extensions ['colcon_pkg']
[0.574s] Level 1:colcon.colcon_core.package_identification:_identify(src/ydlidar_ros2_driver) by extension 'colcon_pkg'
[0.574s] Level 1:colcon.colcon_core.package_identification:_identify(src/ydlidar_ros2_driver) by extensions ['colcon_meta']
[0.574s] Level 1:colcon.colcon_core.package_identification:_identify(src/ydlidar_ros2_driver) by extension 'colcon_meta'
[0.574s] Level 1:colcon.colcon_core.package_identification:_identify(src/ydlidar_ros2_driver) by extensions ['ros']
[0.575s] Level 1:colcon.colcon_core.package_identification:_identify(src/ydlidar_ros2_driver) by extension 'ros'
[0.576s] DEBUG:colcon.colcon_core.package_identification:Package 'src/ydlidar_ros2_driver' with type 'ros.ament_cmake' and name 'ydlidar_ros2_driver'
[0.576s] Level 1:colcon.colcon_core.package_identification:_identify(src/yolo_testing) by extensions ['ignore', 'ignore_ament_install']
[0.576s] Level 1:colcon.colcon_core.package_identification:_identify(src/yolo_testing) by extension 'ignore'
[0.576s] Level 1:colcon.colcon_core.package_identification:_identify(src/yolo_testing) by extension 'ignore_ament_install'
[0.577s] Level 1:colcon.colcon_core.package_identification:_identify(src/yolo_testing) by extensions ['colcon_pkg']
[0.577s] Level 1:colcon.colcon_core.package_identification:_identify(src/yolo_testing) by extension 'colcon_pkg'
[0.577s] Level 1:colcon.colcon_core.package_identification:_identify(src/yolo_testing) by extensions ['colcon_meta']
[0.577s] Level 1:colcon.colcon_core.package_identification:_identify(src/yolo_testing) by extension 'colcon_meta'
[0.577s] Level 1:colcon.colcon_core.package_identification:_identify(src/yolo_testing) by extensions ['ros']
[0.577s] Level 1:colcon.colcon_core.package_identification:_identify(src/yolo_testing) by extension 'ros'
[0.579s] DEBUG:colcon.colcon_core.package_identification:Package 'src/yolo_testing' with type 'ros.ament_python' and name 'yolo_testing'
[0.579s] Level 1:colcon.colcon_core.package_discovery:discover_packages(recursive) using defaults
[0.579s] Level 1:colcon.colcon_core.package_discovery:discover_packages(ignore) discover
[0.579s] Level 1:colcon.colcon_core.package_discovery:discover_packages(ignore) using defaults
[0.579s] Level 1:colcon.colcon_core.package_discovery:discover_packages(path) discover
[0.579s] Level 1:colcon.colcon_core.package_discovery:discover_packages(path) using defaults
[0.633s] Level 5:colcon.colcon_core.verb:set package 'lidar_manual' build argument 'cmake_args' from command line to 'None'
[0.634s] Level 5:colcon.colcon_core.verb:set package 'lidar_manual' build argument 'cmake_target' from command line to 'None'
[0.634s] Level 5:colcon.colcon_core.verb:set package 'lidar_manual' build argument 'cmake_target_skip_unavailable' from command line to 'False'
[0.634s] Level 5:colcon.colcon_core.verb:set package 'lidar_manual' build argument 'cmake_clean_cache' from command line to 'False'
[0.634s] Level 5:colcon.colcon_core.verb:set package 'lidar_manual' build argument 'cmake_clean_first' from command line to 'False'
[0.634s] Level 5:colcon.colcon_core.verb:set package 'lidar_manual' build argument 'cmake_force_configure' from command line to 'False'
[0.634s] Level 5:colcon.colcon_core.verb:set package 'lidar_manual' build argument 'ament_cmake_args' from command line to 'None'
[0.634s] Level 5:colcon.colcon_core.verb:set package 'lidar_manual' build argument 'catkin_cmake_args' from command line to 'None'
[0.634s] Level 5:colcon.colcon_core.verb:set package 'lidar_manual' build argument 'catkin_skip_building_tests' from command line to 'False'
[0.634s] DEBUG:colcon.colcon_core.verb:Building package 'lidar_manual' with the following arguments: {'ament_cmake_args': None, 'build_base': '/home/waesco704/ydlidar_ws/build/lidar_manual', 'catkin_cmake_args': None, 'catkin_skip_building_tests': False, 'cmake_args': None, 'cmake_clean_cache': False, 'cmake_clean_first': False, 'cmake_force_configure': False, 'cmake_target': None, 'cmake_target_skip_unavailable': False, 'install_base': '/home/waesco704/ydlidar_ws/install/lidar_manual', 'merge_install': False, 'path': '/home/waesco704/ydlidar_ws/src/lidar_manual', 'symlink_install': False, 'test_result_base': None}
[0.635s] Level 5:colcon.colcon_core.verb:set package 'lidar_test' build argument 'cmake_args' from command line to 'None'
[0.635s] Level 5:colcon.colcon_core.verb:set package 'lidar_test' build argument 'cmake_target' from command line to 'None'
[0.635s] Level 5:colcon.colcon_core.verb:set package 'lidar_test' build argument 'cmake_target_skip_unavailable' from command line to 'False'
[0.635s] Level 5:colcon.colcon_core.verb:set package 'lidar_test' build argument 'cmake_clean_cache' from command line to 'False'
[0.635s] Level 5:colcon.colcon_core.verb:set package 'lidar_test' build argument 'cmake_clean_first' from command line to 'False'
[0.635s] Level 5:colcon.colcon_core.verb:set package 'lidar_test' build argument 'cmake_force_configure' from command line to 'False'
[0.635s] Level 5:colcon.colcon_core.verb:set package 'lidar_test' build argument 'ament_cmake_args' from command line to 'None'
[0.635s] Level 5:colcon.colcon_core.verb:set package 'lidar_test' build argument 'catkin_cmake_args' from command line to 'None'
[0.635s] Level 5:colcon.colcon_core.verb:set package 'lidar_test' build argument 'catkin_skip_building_tests' from command line to 'False'
[0.635s] DEBUG:colcon.colcon_core.verb:Building package 'lidar_test' with the following arguments: {'ament_cmake_args': None, 'build_base': '/home/waesco704/ydlidar_ws/build/lidar_test', 'catkin_cmake_args': None, 'catkin_skip_building_tests': False, 'cmake_args': None, 'cmake_clean_cache': False, 'cmake_clean_first': False, 'cmake_force_configure': False, 'cmake_target': None, 'cmake_target_skip_unavailable': False, 'install_base': '/home/waesco704/ydlidar_ws/install/lidar_test', 'merge_install': False, 'path': '/home/waesco704/ydlidar_ws/src/lidar_test', 'symlink_install': False, 'test_result_base': None}
[0.636s] Level 5:colcon.colcon_core.verb:set package 'my_robot' build argument 'cmake_args' from command line to 'None'
[0.636s] Level 5:colcon.colcon_core.verb:set package 'my_robot' build argument 'cmake_target' from command line to 'None'
[0.636s] Level 5:colcon.colcon_core.verb:set package 'my_robot' build argument 'cmake_target_skip_unavailable' from command line to 'False'
[0.636s] Level 5:colcon.colcon_core.verb:set package 'my_robot' build argument 'cmake_clean_cache' from command line to 'False'
[0.636s] Level 5:colcon.colcon_core.verb:set package 'my_robot' build argument 'cmake_clean_first' from command line to 'False'
[0.636s] Level 5:colcon.colcon_core.verb:set package 'my_robot' build argument 'cmake_force_configure' from command line to 'False'
[0.636s] Level 5:colcon.colcon_core.verb:set package 'my_robot' build argument 'ament_cmake_args' from command line to 'None'
[0.636s] Level 5:colcon.colcon_core.verb:set package 'my_robot' build argument 'catkin_cmake_args' from command line to 'None'
[0.636s] Level 5:colcon.colcon_core.verb:set package 'my_robot' build argument 'catkin_skip_building_tests' from command line to 'False'
[0.636s] DEBUG:colcon.colcon_core.verb:Building package 'my_robot' with the following arguments: {'ament_cmake_args': None, 'build_base': '/home/waesco704/ydlidar_ws/build/my_robot', 'catkin_cmake_args': None, 'catkin_skip_building_tests': False, 'cmake_args': None, 'cmake_clean_cache': False, 'cmake_clean_first': False, 'cmake_force_configure': False, 'cmake_target': None, 'cmake_target_skip_unavailable': False, 'install_base': '/home/waesco704/ydlidar_ws/install/my_robot', 'merge_install': False, 'path': '/home/waesco704/ydlidar_ws/src/my_robot', 'symlink_install': False, 'test_result_base': None}
[0.637s] Level 5:colcon.colcon_core.verb:set package 'ydlidar_ros2_driver' build argument 'cmake_args' from command line to 'None'
[0.637s] Level 5:colcon.colcon_core.verb:set package 'ydlidar_ros2_driver' build argument 'cmake_target' from command line to 'None'
[0.637s] Level 5:colcon.colcon_core.verb:set package 'ydlidar_ros2_driver' build argument 'cmake_target_skip_unavailable' from command line to 'False'
[0.637s] Level 5:colcon.colcon_core.verb:set package 'ydlidar_ros2_driver' build argument 'cmake_clean_cache' from command line to 'False'
[0.637s] Level 5:colcon.colcon_core.verb:set package 'ydlidar_ros2_driver' build argument 'cmake_clean_first' from command line to 'False'
[0.637s] Level 5:colcon.colcon_core.verb:set package 'ydlidar_ros2_driver' build argument 'cmake_force_configure' from command line to 'False'
[0.637s] Level 5:colcon.colcon_core.verb:set package 'ydlidar_ros2_driver' build argument 'ament_cmake_args' from command line to 'None'
[0.637s] Level 5:colcon.colcon_core.verb:set package 'ydlidar_ros2_driver' build argument 'catkin_cmake_args' from command line to 'None'
[0.638s] Level 5:colcon.colcon_core.verb:set package 'ydlidar_ros2_driver' build argument 'catkin_skip_building_tests' from command line to 'False'
[0.638s] DEBUG:colcon.colcon_core.verb:Building package 'ydlidar_ros2_driver' with the following arguments: {'ament_cmake_args': None, 'build_base': '/home/waesco704/ydlidar_ws/build/ydlidar_ros2_driver', 'catkin_cmake_args': None, 'catkin_skip_building_tests': False, 'cmake_args': None, 'cmake_clean_cache': False, 'cmake_clean_first': False, 'cmake_force_configure': False, 'cmake_target': None, 'cmake_target_skip_unavailable': False, 'install_base': '/home/waesco704/ydlidar_ws/install/ydlidar_ros2_driver', 'merge_install': False, 'path': '/home/waesco704/ydlidar_ws/src/ydlidar_ros2_driver', 'symlink_install': False, 'test_result_base': None}
[0.638s] Level 5:colcon.colcon_core.verb:set package 'ydlidar_sdk' build argument 'cmake_args' from command line to 'None'
[0.638s] Level 5:colcon.colcon_core.verb:set package 'ydlidar_sdk' build argument 'cmake_target' from command line to 'None'
[0.638s] Level 5:colcon.colcon_core.verb:set package 'ydlidar_sdk' build argument 'cmake_target_skip_unavailable' from command line to 'False'
[0.638s] Level 5:colcon.colcon_core.verb:set package 'ydlidar_sdk' build argument 'cmake_clean_cache' from command line to 'False'
[0.638s] Level 5:colcon.colcon_core.verb:set package 'ydlidar_sdk' build argument 'cmake_clean_first' from command line to 'False'
[0.639s] Level 5:colcon.colcon_core.verb:set package 'ydlidar_sdk' build argument 'cmake_force_configure' from command line to 'False'
[0.639s] Level 5:colcon.colcon_core.verb:set package 'ydlidar_sdk' build argument 'ament_cmake_args' from command line to 'None'
[0.639s] Level 5:colcon.colcon_core.verb:set package 'ydlidar_sdk' build argument 'catkin_cmake_args' from command line to 'None'
[0.639s] Level 5:colcon.colcon_core.verb:set package 'ydlidar_sdk' build argument 'catkin_skip_building_tests' from command line to 'False'
[0.639s] DEBUG:colcon.colcon_core.verb:Building package 'ydlidar_sdk' with the following arguments: {'ament_cmake_args': None, 'build_base': '/home/waesco704/ydlidar_ws/build/ydlidar_sdk', 'catkin_cmake_args': None, 'catkin_skip_building_tests': False, 'cmake_args': None, 'cmake_clean_cache': False, 'cmake_clean_first': False, 'cmake_force_configure': False, 'cmake_target': None, 'cmake_target_skip_unavailable': False, 'install_base': '/home/waesco704/ydlidar_ws/install/ydlidar_sdk', 'merge_install': False, 'path': '/home/waesco704/ydlidar_ws/src/YDLidar-SDK', 'symlink_install': False, 'test_result_base': None}
[0.639s] Level 5:colcon.colcon_core.verb:set package 'yolo_testing' build argument 'cmake_args' from command line to 'None'
[0.639s] Level 5:colcon.colcon_core.verb:set package 'yolo_testing' build argument 'cmake_target' from command line to 'None'
[0.639s] Level 5:colcon.colcon_core.verb:set package 'yolo_testing' build argument 'cmake_target_skip_unavailable' from command line to 'False'
[0.640s] Level 5:colcon.colcon_core.verb:set package 'yolo_testing' build argument 'cmake_clean_cache' from command line to 'False'
[0.640s] Level 5:colcon.colcon_core.verb:set package 'yolo_testing' build argument 'cmake_clean_first' from command line to 'False'
[0.640s] Level 5:colcon.colcon_core.verb:set package 'yolo_testing' build argument 'cmake_force_configure' from command line to 'False'
[0.640s] Level 5:colcon.colcon_core.verb:set package 'yolo_testing' build argument 'ament_cmake_args' from command line to 'None'
[0.640s] Level 5:colcon.colcon_core.verb:set package 'yolo_testing' build argument 'catkin_cmake_args' from command line to 'None'
[0.640s] Level 5:colcon.colcon_core.verb:set package 'yolo_testing' build argument 'catkin_skip_building_tests' from command line to 'False'
[0.640s] DEBUG:colcon.colcon_core.verb:Building package 'yolo_testing' with the following arguments: {'ament_cmake_args': None, 'build_base': '/home/waesco704/ydlidar_ws/build/yolo_testing', 'catkin_cmake_args': None, 'catkin_skip_building_tests': False, 'cmake_args': None, 'cmake_clean_cache': False, 'cmake_clean_first': False, 'cmake_force_configure': False, 'cmake_target': None, 'cmake_target_skip_unavailable': False, 'install_base': '/home/waesco704/ydlidar_ws/install/yolo_testing', 'merge_install': False, 'path': '/home/waesco704/ydlidar_ws/src/yolo_testing', 'symlink_install': False, 'test_result_base': None}
[0.640s] INFO:colcon.colcon_core.executor:Executing jobs using 'parallel' executor
[0.643s] DEBUG:colcon.colcon_parallel_executor.executor.parallel:run_until_complete
[0.643s] INFO:colcon.colcon_cmake.task.cmake.build:Building CMake package in '/home/waesco704/ydlidar_ws/src/lidar_manual'
[0.651s] INFO:colcon.colcon_core.plugin_system:Skipping extension 'colcon_core.shell.bat': Not used on non-Windows systems
[0.651s] INFO:colcon.colcon_core.shell:Skip shell extension 'powershell' for command environment: Not usable outside of PowerShell
[0.651s] DEBUG:colcon.colcon_core.shell:Skip shell extension 'dsv' for command environment
[0.663s] INFO:colcon.colcon_cmake.task.cmake.build:Building CMake package in '/home/waesco704/ydlidar_ws/src/lidar_test'
[0.664s] INFO:colcon.colcon_core.shell:Skip shell extension 'powershell' for command environment: Not usable outside of PowerShell
[0.664s] DEBUG:colcon.colcon_core.shell:Skip shell extension 'dsv' for command environment
[0.671s] INFO:colcon.colcon_ros.task.ament_python.build:Building ROS package in '/home/waesco704/ydlidar_ws/src/my_robot' with build type 'ament_python'
[0.672s] Level 1:colcon.colcon_core.shell:create_environment_hook('my_robot', 'ament_prefix_path')
[0.672s] INFO:colcon.colcon_core.shell:Creating environment hook '/home/waesco704/ydlidar_ws/install/my_robot/share/my_robot/hook/ament_prefix_path.ps1'
[0.674s] INFO:colcon.colcon_core.shell:Creating environment descriptor '/home/waesco704/ydlidar_ws/install/my_robot/share/my_robot/hook/ament_prefix_path.dsv'
[0.675s] INFO:colcon.colcon_core.shell:Creating environment hook '/home/waesco704/ydlidar_ws/install/my_robot/share/my_robot/hook/ament_prefix_path.sh'
[0.677s] INFO:colcon.colcon_core.shell:Skip shell extension 'powershell' for command environment: Not usable outside of PowerShell
[0.677s] DEBUG:colcon.colcon_core.shell:Skip shell extension 'dsv' for command environment
[0.685s] INFO:colcon.colcon_ros.task.ament_cmake.build:Building ROS package in '/home/waesco704/ydlidar_ws/src/ydlidar_ros2_driver' with build type 'ament_cmake'
[0.685s] INFO:colcon.colcon_cmake.task.cmake.build:Building CMake package in '/home/waesco704/ydlidar_ws/src/ydlidar_ros2_driver'
[0.685s] INFO:colcon.colcon_core.shell:Skip shell extension 'powershell' for command environment: Not usable outside of PowerShell
[0.686s] DEBUG:colcon.colcon_core.shell:Skip shell extension 'dsv' for command environment
[0.693s] INFO:colcon.colcon_cmake.task.cmake.build:Building CMake package in '/home/waesco704/ydlidar_ws/src/YDLidar-SDK'
[0.694s] INFO:colcon.colcon_core.shell:Skip shell extension 'powershell' for command environment: Not usable outside of PowerShell
[0.694s] DEBUG:colcon.colcon_core.shell:Skip shell extension 'dsv' for command environment
[0.701s] INFO:colcon.colcon_ros.task.ament_python.build:Building ROS package in '/home/waesco704/ydlidar_ws/src/yolo_testing' with build type 'ament_python'
[0.701s] Level 1:colcon.colcon_core.shell:create_environment_hook('yolo_testing', 'ament_prefix_path')
[0.701s] INFO:colcon.colcon_core.shell:Creating environment hook '/home/waesco704/ydlidar_ws/install/yolo_testing/share/yolo_testing/hook/ament_prefix_path.ps1'
[0.702s] INFO:colcon.colcon_core.shell:Creating environment descriptor '/home/waesco704/ydlidar_ws/install/yolo_testing/share/yolo_testing/hook/ament_prefix_path.dsv'
[0.703s] INFO:colcon.colcon_core.shell:Creating environment hook '/home/waesco704/ydlidar_ws/install/yolo_testing/share/yolo_testing/hook/ament_prefix_path.sh'
[0.704s] INFO:colcon.colcon_core.shell:Skip shell extension 'powershell' for command environment: Not usable outside of PowerShell
[0.705s] DEBUG:colcon.colcon_core.shell:Skip shell extension 'dsv' for command environment
[0.720s] DEBUG:colcon.colcon_core.event_handler.log_command:Invoking command in '/home/waesco704/ydlidar_ws/build/lidar_manual': /usr/bin/cmake --build /home/waesco704/ydlidar_ws/build/lidar_manual -- -j8 -l8
[0.730s] DEBUG:colcon.colcon_core.event_handler.log_command:Invoking command in '/home/waesco704/ydlidar_ws/build/lidar_test': /usr/bin/cmake --build /home/waesco704/ydlidar_ws/build/lidar_test -- -j8 -l8
[1.191s] INFO:colcon.colcon_core.task.python.build:Building Python package in '/home/waesco704/ydlidar_ws/src/my_robot'
[1.192s] INFO:colcon.colcon_core.shell:Skip shell extension 'powershell' for command environment: Not usable outside of PowerShell
[1.192s] DEBUG:colcon.colcon_core.shell:Skip shell extension 'dsv' for command environment
[1.209s] DEBUG:colcon.colcon_core.event_handler.log_command:Invoking command in '/home/waesco704/ydlidar_ws/build/ydlidar_ros2_driver': CMAKE_PREFIX_PATH=${CMAKE_PREFIX_PATH}:/home/waesco704/ydlidar_ws/install/yolo_testing:/home/waesco704/ydlidar_ws/install/my_robot:/opt/ros/humble /usr/bin/cmake --build /home/waesco704/ydlidar_ws/build/ydlidar_ros2_driver -- -j8 -l8
[1.215s] DEBUG:colcon.colcon_core.event_handler.log_command:Invoking command in '/home/waesco704/ydlidar_ws/build/ydlidar_sdk': /usr/bin/cmake --build /home/waesco704/ydlidar_ws/build/ydlidar_sdk -- -j8 -l8
[1.691s] INFO:colcon.colcon_core.task.python.build:Building Python package in '/home/waesco704/ydlidar_ws/src/yolo_testing'
[1.692s] INFO:colcon.colcon_core.shell:Skip shell extension 'powershell' for command environment: Not usable outside of PowerShell
[1.692s] DEBUG:colcon.colcon_core.shell:Skip shell extension 'dsv' for command environment
[1.718s] WARNING:colcon.colcon_cmake.task.cmake.build:Could not run installation step for package 'lidar_manual' because it has no 'install' target
[1.719s] Level 1:colcon.colcon_core.environment:create_environment_scripts_only(lidar_manual)
[1.725s] DEBUG:colcon.colcon_core.event_handler.log_command:Invoked command in '/home/waesco704/ydlidar_ws/build/lidar_manual' returned '0': /usr/bin/cmake --build /home/waesco704/ydlidar_ws/build/lidar_manual -- -j8 -l8
[1.732s] Level 1:colcon.colcon_core.environment:checking '/home/waesco704/ydlidar_ws/install/lidar_manual' for CMake module files
[1.733s] Level 1:colcon.colcon_core.environment:checking '/home/waesco704/ydlidar_ws/install/lidar_manual' for CMake config files
[1.734s] Level 1:colcon.colcon_core.environment:checking '/home/waesco704/ydlidar_ws/install/lidar_manual/bin'
[1.734s] Level 1:colcon.colcon_core.environment:checking '/home/waesco704/ydlidar_ws/install/lidar_manual/lib/pkgconfig/lidar_manual.pc'
[1.737s] Level 1:colcon.colcon_core.environment:checking '/home/waesco704/ydlidar_ws/install/lidar_manual/lib/python3.10/site-packages'
[1.738s] Level 1:colcon.colcon_core.environment:checking '/home/waesco704/ydlidar_ws/install/lidar_manual/bin'
[1.738s] INFO:colcon.colcon_core.shell:Creating package script '/home/waesco704/ydlidar_ws/install/lidar_manual/share/lidar_manual/package.ps1'
[1.740s] INFO:colcon.colcon_core.shell:Creating package descriptor '/home/waesco704/ydlidar_ws/install/lidar_manual/share/lidar_manual/package.dsv'
[1.741s] INFO:colcon.colcon_core.shell:Creating package script '/home/waesco704/ydlidar_ws/install/lidar_manual/share/lidar_manual/package.sh'
[1.743s] INFO:colcon.colcon_core.shell:Creating package script '/home/waesco704/ydlidar_ws/install/lidar_manual/share/lidar_manual/package.bash'
[1.745s] INFO:colcon.colcon_core.shell:Creating package script '/home/waesco704/ydlidar_ws/install/lidar_manual/share/lidar_manual/package.zsh'
[1.747s] Level 1:colcon.colcon_core.environment:create_file_with_runtime_dependencies(/home/waesco704/ydlidar_ws/install/lidar_manual/share/colcon-core/packages/lidar_manual)
[1.750s] DEBUG:colcon.colcon_core.event_handler.log_command:Invoked command in '/home/waesco704/ydlidar_ws/build/lidar_test' returned '0': /usr/bin/cmake --build /home/waesco704/ydlidar_ws/build/lidar_test -- -j8 -l8
[1.750s] WARNING:colcon.colcon_cmake.task.cmake.build:Could not run installation step for package 'lidar_test' because it has no 'install' target
[1.750s] Level 1:colcon.colcon_core.environment:create_environment_scripts_only(lidar_test)
[1.751s] Level 1:colcon.colcon_core.environment:checking '/home/waesco704/ydlidar_ws/install/lidar_test' for CMake module files
[1.752s] Level 1:colcon.colcon_core.environment:checking '/home/waesco704/ydlidar_ws/install/lidar_test' for CMake config files
[1.752s] Level 1:colcon.colcon_core.environment:checking '/home/waesco704/ydlidar_ws/install/lidar_test/bin'
[1.752s] Level 1:colcon.colcon_core.environment:checking '/home/waesco704/ydlidar_ws/install/lidar_test/lib/pkgconfig/lidar_test.pc'
[1.753s] Level 1:colcon.colcon_core.environment:checking '/home/waesco704/ydlidar_ws/install/lidar_test/lib/python3.10/site-packages'
[1.754s] Level 1:colcon.colcon_core.environment:checking '/home/waesco704/ydlidar_ws/install/lidar_test/bin'
[1.754s] INFO:colcon.colcon_core.shell:Creating package script '/home/waesco704/ydlidar_ws/install/lidar_test/share/lidar_test/package.ps1'
[1.755s] INFO:colcon.colcon_core.shell:Creating package descriptor '/home/waesco704/ydlidar_ws/install/lidar_test/share/lidar_test/package.dsv'
[1.756s] INFO:colcon.colcon_core.shell:Creating package script '/home/waesco704/ydlidar_ws/install/lidar_test/share/lidar_test/package.sh'
[1.757s] INFO:colcon.colcon_core.shell:Creating package script '/home/waesco704/ydlidar_ws/install/lidar_test/share/lidar_test/package.bash'
[1.758s] INFO:colcon.colcon_core.shell:Creating package script '/home/waesco704/ydlidar_ws/install/lidar_test/share/lidar_test/package.zsh'
[1.759s] Level 1:colcon.colcon_core.environment:create_file_with_runtime_dependencies(/home/waesco704/ydlidar_ws/install/lidar_test/share/colcon-core/packages/lidar_test)
[1.762s] DEBUG:colcon.colcon_core.event_handler.log_command:Invoked command in '/home/waesco704/ydlidar_ws/build/ydlidar_ros2_driver' returned '0': CMAKE_PREFIX_PATH=${CMAKE_PREFIX_PATH}:/home/waesco704/ydlidar_ws/install/yolo_testing:/home/waesco704/ydlidar_ws/install/my_robot:/opt/ros/humble /usr/bin/cmake --build /home/waesco704/ydlidar_ws/build/ydlidar_ros2_driver -- -j8 -l8
[1.784s] DEBUG:colcon.colcon_core.event_handler.log_command:Invoking command in '/home/waesco704/ydlidar_ws/build/ydlidar_ros2_driver': CMAKE_PREFIX_PATH=${CMAKE_PREFIX_PATH}:/home/waesco704/ydlidar_ws/install/yolo_testing:/home/waesco704/ydlidar_ws/install/my_robot:/opt/ros/humble /usr/bin/cmake --install /home/waesco704/ydlidar_ws/build/ydlidar_ros2_driver
[1.786s] DEBUG:colcon.colcon_core.event_handler.log_command:Invoked command in '/home/waesco704/ydlidar_ws/build/ydlidar_sdk' returned '0': /usr/bin/cmake --build /home/waesco704/ydlidar_ws/build/ydlidar_sdk -- -j8 -l8
[1.790s] DEBUG:colcon.colcon_core.event_handler.log_command:Invoking command in '/home/waesco704/ydlidar_ws/build/ydlidar_sdk': /usr/bin/cmake --install /home/waesco704/ydlidar_ws/build/ydlidar_sdk
[1.811s] Level 1:colcon.colcon_core.environment:create_environment_scripts_only(ydlidar_ros2_driver)
[1.812s] Level 1:colcon.colcon_core.environment:checking '/home/waesco704/ydlidar_ws/install/ydlidar_ros2_driver' for CMake module files
[1.816s] Level 1:colcon.colcon_core.environment:checking '/home/waesco704/ydlidar_ws/install/ydlidar_ros2_driver' for CMake config files
[1.820s] Level 1:colcon.colcon_core.shell:create_environment_hook('ydlidar_ros2_driver', 'cmake_prefix_path')
[1.820s] INFO:colcon.colcon_core.shell:Creating environment hook '/home/waesco704/ydlidar_ws/install/ydlidar_ros2_driver/share/ydlidar_ros2_driver/hook/cmake_prefix_path.ps1'
[1.822s] INFO:colcon.colcon_core.shell:Creating environment descriptor '/home/waesco704/ydlidar_ws/install/ydlidar_ros2_driver/share/ydlidar_ros2_driver/hook/cmake_prefix_path.dsv'
[1.824s] INFO:colcon.colcon_core.shell:Creating environment hook '/home/waesco704/ydlidar_ws/install/ydlidar_ros2_driver/share/ydlidar_ros2_driver/hook/cmake_prefix_path.sh'
[1.829s] Level 1:colcon.colcon_core.environment:checking '/home/waesco704/ydlidar_ws/install/ydlidar_ros2_driver/lib'
[1.830s] Level 1:colcon.colcon_core.environment:checking '/home/waesco704/ydlidar_ws/install/ydlidar_ros2_driver/bin'
[1.831s] Level 1:colcon.colcon_core.environment:checking '/home/waesco704/ydlidar_ws/install/ydlidar_ros2_driver/lib/pkgconfig/ydlidar_ros2_driver.pc'
[1.831s] Level 1:colcon.colcon_core.environment:checking '/home/waesco704/ydlidar_ws/install/ydlidar_ros2_driver/lib/python3.10/site-packages'
[1.832s] Level 1:colcon.colcon_core.environment:checking '/home/waesco704/ydlidar_ws/install/ydlidar_ros2_driver/bin'
[1.833s] INFO:colcon.colcon_core.shell:Creating package script '/home/waesco704/ydlidar_ws/install/ydlidar_ros2_driver/share/ydlidar_ros2_driver/package.ps1'
[1.835s] INFO:colcon.colcon_core.shell:Creating package descriptor '/home/waesco704/ydlidar_ws/install/ydlidar_ros2_driver/share/ydlidar_ros2_driver/package.dsv'
[1.837s] INFO:colcon.colcon_core.shell:Creating package script '/home/waesco704/ydlidar_ws/install/ydlidar_ros2_driver/share/ydlidar_ros2_driver/package.sh'
[1.839s] INFO:colcon.colcon_core.shell:Creating package script '/home/waesco704/ydlidar_ws/install/ydlidar_ros2_driver/share/ydlidar_ros2_driver/package.bash'
[1.840s] INFO:colcon.colcon_core.shell:Creating package script '/home/waesco704/ydlidar_ws/install/ydlidar_ros2_driver/share/ydlidar_ros2_driver/package.zsh'
[1.842s] Level 1:colcon.colcon_core.environment:create_file_with_runtime_dependencies(/home/waesco704/ydlidar_ws/install/ydlidar_ros2_driver/share/colcon-core/packages/ydlidar_ros2_driver)
[1.845s] Level 1:colcon.colcon_core.environment:create_environment_scripts_only(ydlidar_ros2_driver)
[1.845s] Level 1:colcon.colcon_core.environment:checking '/home/waesco704/ydlidar_ws/install/ydlidar_ros2_driver' for CMake module files
[1.848s] Level 1:colcon.colcon_core.environment:checking '/home/waesco704/ydlidar_ws/install/ydlidar_ros2_driver' for CMake config files
[1.852s] Level 1:colcon.colcon_core.shell:create_environment_hook('ydlidar_ros2_driver', 'cmake_prefix_path')
[1.852s] INFO:colcon.colcon_core.shell:Creating environment hook '/home/waesco704/ydlidar_ws/install/ydlidar_ros2_driver/share/ydlidar_ros2_driver/hook/cmake_prefix_path.ps1'
[1.854s] DEBUG:colcon.colcon_core.event_handler.log_command:Invoked command in '/home/waesco704/ydlidar_ws/build/ydlidar_ros2_driver' returned '0': CMAKE_PREFIX_PATH=${CMAKE_PREFIX_PATH}:/home/waesco704/ydlidar_ws/install/yolo_testing:/home/waesco704/ydlidar_ws/install/my_robot:/opt/ros/humble /usr/bin/cmake --install /home/waesco704/ydlidar_ws/build/ydlidar_ros2_driver
[1.855s] INFO:colcon.colcon_core.shell:Creating environment descriptor '/home/waesco704/ydlidar_ws/install/ydlidar_ros2_driver/share/ydlidar_ros2_driver/hook/cmake_prefix_path.dsv'
[1.856s] INFO:colcon.colcon_core.shell:Creating environment hook '/home/waesco704/ydlidar_ws/install/ydlidar_ros2_driver/share/ydlidar_ros2_driver/hook/cmake_prefix_path.sh'
[1.859s] Level 1:colcon.colcon_core.environment:checking '/home/waesco704/ydlidar_ws/install/ydlidar_ros2_driver/lib'
[1.859s] Level 1:colcon.colcon_core.environment:checking '/home/waesco704/ydlidar_ws/install/ydlidar_ros2_driver/bin'
[1.860s] Level 1:colcon.colcon_core.environment:checking '/home/waesco704/ydlidar_ws/install/ydlidar_ros2_driver/lib/pkgconfig/ydlidar_ros2_driver.pc'
[1.860s] Level 1:colcon.colcon_core.environment:checking '/home/waesco704/ydlidar_ws/install/ydlidar_ros2_driver/lib/python3.10/site-packages'
[1.861s] Level 1:colcon.colcon_core.environment:checking '/home/waesco704/ydlidar_ws/install/ydlidar_ros2_driver/bin'
[1.862s] INFO:colcon.colcon_core.shell:Creating package script '/home/waesco704/ydlidar_ws/install/ydlidar_ros2_driver/share/ydlidar_ros2_driver/package.ps1'
[1.865s] INFO:colcon.colcon_core.shell:Creating package descriptor '/home/waesco704/ydlidar_ws/install/ydlidar_ros2_driver/share/ydlidar_ros2_driver/package.dsv'
[1.867s] INFO:colcon.colcon_core.shell:Creating package script '/home/waesco704/ydlidar_ws/install/ydlidar_ros2_driver/share/ydlidar_ros2_driver/package.sh'
[1.869s] INFO:colcon.colcon_core.shell:Creating package script '/home/waesco704/ydlidar_ws/install/ydlidar_ros2_driver/share/ydlidar_ros2_driver/package.bash'
[1.871s] INFO:colcon.colcon_core.shell:Creating package script '/home/waesco704/ydlidar_ws/install/ydlidar_ros2_driver/share/ydlidar_ros2_driver/package.zsh'
[1.873s] Level 1:colcon.colcon_core.environment:create_file_with_runtime_dependencies(/home/waesco704/ydlidar_ws/install/ydlidar_ros2_driver/share/colcon-core/packages/ydlidar_ros2_driver)
[1.876s] Level 1:colcon.colcon_core.environment:create_environment_scripts_only(ydlidar_sdk)
[1.877s] Level 1:colcon.colcon_core.environment:checking '/home/waesco704/ydlidar_ws/install/ydlidar_sdk' for CMake module files
[1.880s] Level 1:colcon.colcon_core.environment:checking '/home/waesco704/ydlidar_ws/install/ydlidar_sdk' for CMake config files
[1.881s] Level 1:colcon.colcon_core.shell:create_environment_hook('ydlidar_sdk', 'cmake_prefix_path')
[1.882s] INFO:colcon.colcon_core.shell:Creating environment hook '/home/waesco704/ydlidar_ws/install/ydlidar_sdk/share/ydlidar_sdk/hook/cmake_prefix_path.ps1'
[1.882s] DEBUG:colcon.colcon_core.event_handler.log_command:Invoked command in '/home/waesco704/ydlidar_ws/build/ydlidar_sdk' returned '0': /usr/bin/cmake --install /home/waesco704/ydlidar_ws/build/ydlidar_sdk
[1.883s] INFO:colcon.colcon_core.shell:Creating environment descriptor '/home/waesco704/ydlidar_ws/install/ydlidar_sdk/share/ydlidar_sdk/hook/cmake_prefix_path.dsv'
[1.884s] INFO:colcon.colcon_core.shell:Creating environment hook '/home/waesco704/ydlidar_ws/install/ydlidar_sdk/share/ydlidar_sdk/hook/cmake_prefix_path.sh'
[1.885s] Level 1:colcon.colcon_core.environment:checking '/home/waesco704/ydlidar_ws/install/ydlidar_sdk/lib'
[1.885s] Level 1:colcon.colcon_core.environment:checking '/home/waesco704/ydlidar_ws/install/ydlidar_sdk/bin'
[1.886s] Level 1:colcon.colcon_core.shell:create_environment_hook('ydlidar_sdk', 'path')
[1.886s] INFO:colcon.colcon_core.shell:Creating environment hook '/home/waesco704/ydlidar_ws/install/ydlidar_sdk/share/ydlidar_sdk/hook/path.ps1'
[1.887s] INFO:colcon.colcon_core.shell:Creating environment descriptor '/home/waesco704/ydlidar_ws/install/ydlidar_sdk/share/ydlidar_sdk/hook/path.dsv'
[1.888s] INFO:colcon.colcon_core.shell:Creating environment hook '/home/waesco704/ydlidar_ws/install/ydlidar_sdk/share/ydlidar_sdk/hook/path.sh'
[1.889s] Level 1:colcon.colcon_core.environment:checking '/home/waesco704/ydlidar_ws/install/ydlidar_sdk/lib/pkgconfig/ydlidar_sdk.pc'
[1.889s] Level 1:colcon.colcon_core.environment:checking '/home/waesco704/ydlidar_ws/install/ydlidar_sdk/lib/python3.10/site-packages'
[1.890s] Level 1:colcon.colcon_core.environment:checking '/home/waesco704/ydlidar_ws/install/ydlidar_sdk/bin'
[1.890s] Level 1:colcon.colcon_core.shell:create_environment_hook('ydlidar_sdk', 'pythonscriptspath')
[1.891s] INFO:colcon.colcon_core.shell:Creating environment hook '/home/waesco704/ydlidar_ws/install/ydlidar_sdk/share/ydlidar_sdk/hook/pythonscriptspath.ps1'
[1.891s] INFO:colcon.colcon_core.shell:Creating environment descriptor '/home/waesco704/ydlidar_ws/install/ydlidar_sdk/share/ydlidar_sdk/hook/pythonscriptspath.dsv'
[1.892s] INFO:colcon.colcon_core.shell:Creating environment hook '/home/waesco704/ydlidar_ws/install/ydlidar_sdk/share/ydlidar_sdk/hook/pythonscriptspath.sh'
[1.894s] INFO:colcon.colcon_core.shell:Creating package script '/home/waesco704/ydlidar_ws/install/ydlidar_sdk/share/ydlidar_sdk/package.ps1'
[1.895s] INFO:colcon.colcon_core.shell:Creating package descriptor '/home/waesco704/ydlidar_ws/install/ydlidar_sdk/share/ydlidar_sdk/package.dsv'
[1.896s] INFO:colcon.colcon_core.shell:Creating package script '/home/waesco704/ydlidar_ws/install/ydlidar_sdk/share/ydlidar_sdk/package.sh'
[1.897s] INFO:colcon.colcon_core.shell:Creating package script '/home/waesco704/ydlidar_ws/install/ydlidar_sdk/share/ydlidar_sdk/package.bash'
[1.898s] INFO:colcon.colcon_core.shell:Creating package script '/home/waesco704/ydlidar_ws/install/ydlidar_sdk/share/ydlidar_sdk/package.zsh'
[1.898s] Level 1:colcon.colcon_core.environment:create_file_with_runtime_dependencies(/home/waesco704/ydlidar_ws/install/ydlidar_sdk/share/colcon-core/packages/ydlidar_sdk)
[3.132s] DEBUG:colcon.colcon_core.event_handler.log_command:Invoking command in '/home/waesco704/ydlidar_ws/src/my_robot': PYTHONPATH=/home/waesco704/ydlidar_ws/build/my_robot/prefix_override:/home/waesco704/.local/lib/python3.10/site-packages/colcon_core/task/python/colcon_distutils_commands:/home/waesco704/ydlidar_ws/install/my_robot/lib/python3.10/site-packages:${PYTHONPATH} /usr/bin/python3 -W ignore:setup.py install is deprecated -W ignore:easy_install command is deprecated setup.py egg_info --egg-base ../../build/my_robot build --build-base /home/waesco704/ydlidar_ws/build/my_robot/build install --record /home/waesco704/ydlidar_ws/build/my_robot/install.log --single-version-externally-managed install_data
[3.137s] DEBUG:colcon.colcon_core.event_handler.log_command:Invoking command in '/home/waesco704/ydlidar_ws/src/yolo_testing': PYTHONPATH=/home/waesco704/ydlidar_ws/build/yolo_testing/prefix_override:/home/waesco704/.local/lib/python3.10/site-packages/colcon_core/task/python/colcon_distutils_commands:/home/waesco704/ydlidar_ws/install/yolo_testing/lib/python3.10/site-packages:${PYTHONPATH} /usr/bin/python3 -W ignore:setup.py install is deprecated -W ignore:easy_install command is deprecated setup.py egg_info --egg-base ../../build/yolo_testing build --build-base /home/waesco704/ydlidar_ws/build/yolo_testing/build install --record /home/waesco704/ydlidar_ws/build/yolo_testing/install.log --single-version-externally-managed install_data
[4.249s] Level 1:colcon.colcon_core.environment:checking '/home/waesco704/ydlidar_ws/install/my_robot' for CMake module files
[4.250s] DEBUG:colcon.colcon_core.event_handler.log_command:Invoked command in '/home/waesco704/ydlidar_ws/src/my_robot' returned '0': PYTHONPATH=/home/waesco704/ydlidar_ws/build/my_robot/prefix_override:/home/waesco704/.local/lib/python3.10/site-packages/colcon_core/task/python/colcon_distutils_commands:/home/waesco704/ydlidar_ws/install/my_robot/lib/python3.10/site-packages:${PYTHONPATH} /usr/bin/python3 -W ignore:setup.py install is deprecated -W ignore:easy_install command is deprecated setup.py egg_info --egg-base ../../build/my_robot build --build-base /home/waesco704/ydlidar_ws/build/my_robot/build install --record /home/waesco704/ydlidar_ws/build/my_robot/install.log --single-version-externally-managed install_data
[4.251s] Level 1:colcon.colcon_core.environment:checking '/home/waesco704/ydlidar_ws/install/my_robot' for CMake config files
[4.254s] Level 1:colcon.colcon_core.environment:checking '/home/waesco704/ydlidar_ws/install/my_robot/lib'
[4.254s] Level 1:colcon.colcon_core.environment:checking '/home/waesco704/ydlidar_ws/install/my_robot/bin'
[4.254s] Level 1:colcon.colcon_core.environment:checking '/home/waesco704/ydlidar_ws/install/my_robot/lib/pkgconfig/my_robot.pc'
[4.255s] Level 1:colcon.colcon_core.environment:checking '/home/waesco704/ydlidar_ws/install/my_robot/lib/python3.10/site-packages'
[4.255s] Level 1:colcon.colcon_core.shell:create_environment_hook('my_robot', 'pythonpath')
[4.256s] INFO:colcon.colcon_core.shell:Creating environment hook '/home/waesco704/ydlidar_ws/install/my_robot/share/my_robot/hook/pythonpath.ps1'
[4.258s] INFO:colcon.colcon_core.shell:Creating environment descriptor '/home/waesco704/ydlidar_ws/install/my_robot/share/my_robot/hook/pythonpath.dsv'
[4.259s] INFO:colcon.colcon_core.shell:Creating environment hook '/home/waesco704/ydlidar_ws/install/my_robot/share/my_robot/hook/pythonpath.sh'
[4.262s] Level 1:colcon.colcon_core.environment:checking '/home/waesco704/ydlidar_ws/install/my_robot/bin'
[4.262s] Level 1:colcon.colcon_core.environment:create_environment_scripts_only(my_robot)
[4.263s] INFO:colcon.colcon_core.shell:Creating package script '/home/waesco704/ydlidar_ws/install/my_robot/share/my_robot/package.ps1'
[4.265s] INFO:colcon.colcon_core.shell:Creating package descriptor '/home/waesco704/ydlidar_ws/install/my_robot/share/my_robot/package.dsv'
[4.266s] INFO:colcon.colcon_core.shell:Creating package script '/home/waesco704/ydlidar_ws/install/my_robot/share/my_robot/package.sh'
[4.267s] INFO:colcon.colcon_core.shell:Creating package script '/home/waesco704/ydlidar_ws/install/my_robot/share/my_robot/package.bash'
[4.267s] INFO:colcon.colcon_core.shell:Creating package script '/home/waesco704/ydlidar_ws/install/my_robot/share/my_robot/package.zsh'
[4.268s] Level 1:colcon.colcon_core.environment:create_file_with_runtime_dependencies(/home/waesco704/ydlidar_ws/install/my_robot/share/colcon-core/packages/my_robot)
[4.272s] Level 1:colcon.colcon_core.environment:checking '/home/waesco704/ydlidar_ws/install/yolo_testing' for CMake module files
[4.274s] DEBUG:colcon.colcon_core.event_handler.log_command:Invoked command in '/home/waesco704/ydlidar_ws/src/yolo_testing' returned '0': PYTHONPATH=/home/waesco704/ydlidar_ws/build/yolo_testing/prefix_override:/home/waesco704/.local/lib/python3.10/site-packages/colcon_core/task/python/colcon_distutils_commands:/home/waesco704/ydlidar_ws/install/yolo_testing/lib/python3.10/site-packages:${PYTHONPATH} /usr/bin/python3 -W ignore:setup.py install is deprecated -W ignore:easy_install command is deprecated setup.py egg_info --egg-base ../../build/yolo_testing build --build-base /home/waesco704/ydlidar_ws/build/yolo_testing/build install --record /home/waesco704/ydlidar_ws/build/yolo_testing/install.log --single-version-externally-managed install_data
[4.275s] Level 1:colcon.colcon_core.environment:checking '/home/waesco704/ydlidar_ws/install/yolo_testing' for CMake config files
[4.277s] Level 1:colcon.colcon_core.environment:checking '/home/waesco704/ydlidar_ws/install/yolo_testing/lib'
[4.277s] Level 1:colcon.colcon_core.environment:checking '/home/waesco704/ydlidar_ws/install/yolo_testing/bin'
[4.277s] Level 1:colcon.colcon_core.environment:checking '/home/waesco704/ydlidar_ws/install/yolo_testing/lib/pkgconfig/yolo_testing.pc'
[4.277s] Level 1:colcon.colcon_core.environment:checking '/home/waesco704/ydlidar_ws/install/yolo_testing/lib/python3.10/site-packages'
[4.277s] Level 1:colcon.colcon_core.shell:create_environment_hook('yolo_testing', 'pythonpath')
[4.278s] INFO:colcon.colcon_core.shell:Creating environment hook '/home/waesco704/ydlidar_ws/install/yolo_testing/share/yolo_testing/hook/pythonpath.ps1'
[4.280s] INFO:colcon.colcon_core.shell:Creating environment descriptor '/home/waesco704/ydlidar_ws/install/yolo_testing/share/yolo_testing/hook/pythonpath.dsv'
[4.281s] INFO:colcon.colcon_core.shell:Creating environment hook '/home/waesco704/ydlidar_ws/install/yolo_testing/share/yolo_testing/hook/pythonpath.sh'
[4.282s] Level 1:colcon.colcon_core.environment:checking '/home/waesco704/ydlidar_ws/install/yolo_testing/bin'
[4.282s] Level 1:colcon.colcon_core.environment:create_environment_scripts_only(yolo_testing)
[4.284s] INFO:colcon.colcon_core.shell:Creating package script '/home/waesco704/ydlidar_ws/install/yolo_testing/share/yolo_testing/package.ps1'
[4.285s] INFO:colcon.colcon_core.shell:Creating package descriptor '/home/waesco704/ydlidar_ws/install/yolo_testing/share/yolo_testing/package.dsv'
[4.287s] INFO:colcon.colcon_core.shell:Creating package script '/home/waesco704/ydlidar_ws/install/yolo_testing/share/yolo_testing/package.sh'
[4.289s] INFO:colcon.colcon_core.shell:Creating package script '/home/waesco704/ydlidar_ws/install/yolo_testing/share/yolo_testing/package.bash'
[4.289s] INFO:colcon.colcon_core.shell:Creating package script '/home/waesco704/ydlidar_ws/install/yolo_testing/share/yolo_testing/package.zsh'
[4.290s] Level 1:colcon.colcon_core.environment:create_file_with_runtime_dependencies(/home/waesco704/ydlidar_ws/install/yolo_testing/share/colcon-core/packages/yolo_testing)
[4.291s] DEBUG:colcon.colcon_parallel_executor.executor.parallel:closing loop
[4.292s] DEBUG:colcon.colcon_parallel_executor.executor.parallel:loop closed
[4.293s] DEBUG:colcon.colcon_parallel_executor.executor.parallel:run_until_complete finished with '0'
[4.293s] DEBUG:colcon.colcon_core.event_reactor:joining thread
[4.310s] INFO:colcon.colcon_core.plugin_system:Skipping extension 'colcon_notification.desktop_notification.terminal_notifier': Not used on non-Darwin systems
[4.310s] INFO:colcon.colcon_core.plugin_system:Skipping extension 'colcon_notification.desktop_notification.win32': Not used on non-Windows systems
[4.310s] INFO:colcon.colcon_notification.desktop_notification:Sending desktop notification using 'notify2'
[4.381s] DEBUG:colcon.colcon_core.event_reactor:joined thread
[4.382s] INFO:colcon.colcon_core.shell:Creating prefix script '/home/waesco704/ydlidar_ws/install/local_setup.ps1'
[4.385s] INFO:colcon.colcon_core.shell:Creating prefix util module '/home/waesco704/ydlidar_ws/install/_local_setup_util_ps1.py'
[4.388s] INFO:colcon.colcon_core.shell:Creating prefix chain script '/home/waesco704/ydlidar_ws/install/setup.ps1'
[4.391s] INFO:colcon.colcon_core.shell:Creating prefix script '/home/waesco704/ydlidar_ws/install/local_setup.sh'
[4.393s] INFO:colcon.colcon_core.shell:Creating prefix util module '/home/waesco704/ydlidar_ws/install/_local_setup_util_sh.py'
[4.395s] INFO:colcon.colcon_core.shell:Creating prefix chain script '/home/waesco704/ydlidar_ws/install/setup.sh'
[4.398s] INFO:colcon.colcon_core.shell:Creating prefix script '/home/waesco704/ydlidar_ws/install/local_setup.bash'
[4.399s] INFO:colcon.colcon_core.shell:Creating prefix chain script '/home/waesco704/ydlidar_ws/install/setup.bash'
[4.403s] INFO:colcon.colcon_core.shell:Creating prefix script '/home/waesco704/ydlidar_ws/install/local_setup.zsh'
[4.405s] INFO:colcon.colcon_core.shell:Creating prefix chain script '/home/waesco704/ydlidar_ws/install/setup.zsh'
