[0.058s] Invoking command in '/home/waesco704/ydlidar_ws/build/lidar_manual': /usr/bin/cmake /home/waesco704/ydlidar_ws/src/lidar_manual -DCMAKE_INSTALL_PREFIX=/home/waesco704/ydlidar_ws/install/lidar_manual
[0.549s] -- The C compiler identification is GNU 11.4.0
[0.549s] -- The CXX compiler identification is GNU 11.4.0
[0.550s] -- Detecting C compiler ABI info
[0.551s] -- Detecting C compiler ABI info - done
[0.551s] -- Check for working C compiler: /usr/bin/cc - skipped
[0.551s] -- Detecting C compile features
[0.552s] -- Detecting C compile features - done
[0.552s] -- Detecting CXX compiler ABI info
[0.630s] -- Detecting CXX compiler ABI info - done
[0.643s] -- Check for working CXX compiler: /usr/bin/c++ - skipped
[0.644s] -- Detecting CXX compile features
[0.644s] -- Detecting CXX compile features - done
[0.647s] -- Configuring done
[0.651s] -- Generating done
[0.653s] -- Build files have been written to: /home/waesco704/ydlidar_ws/build/lidar_manual
[0.663s] Invoked command in '/home/waesco704/ydlidar_ws/build/lidar_manual' returned '0': /usr/bin/cmake /home/waesco704/ydlidar_ws/src/lidar_manual -DCMAKE_INSTALL_PREFIX=/home/waesco704/ydlidar_ws/install/lidar_manual
[0.667s] Invoking command in '/home/waesco704/ydlidar_ws/build/lidar_manual': /usr/bin/cmake --build /home/waesco704/ydlidar_ws/build/lidar_manual -- -j8 -l8
[0.757s] [ 50%] [32mBuilding CXX object CMakeFiles/test_manual.dir/test_manual.cpp.o[0m
[1.727s] [100%] [32m[1mLinking CXX executable test_manual[0m
[2.141s] [100%] Built target test_manual
[2.211s] Invoked command in '/home/waesco704/ydlidar_ws/build/lidar_manual' returned '0': /usr/bin/cmake --build /home/waesco704/ydlidar_ws/build/lidar_manual -- -j8 -l8
