[2.459s] Invoking command in '/home/waesco704/ydlidar_ws/src/my_robot': PYTHONPATH=/home/waesco704/ydlidar_ws/build/my_robot/prefix_override:/home/waesco704/.local/lib/python3.10/site-packages/colcon_core/task/python/colcon_distutils_commands:/home/waesco704/ydlidar_ws/install/my_robot/lib/python3.10/site-packages:${PYTHONPATH} /usr/bin/python3 -W ignore:setup.py install is deprecated -W ignore:easy_install command is deprecated setup.py egg_info --egg-base ../../build/my_robot build --build-base /home/waesco704/ydlidar_ws/build/my_robot/build install --record /home/waesco704/ydlidar_ws/build/my_robot/install.log --single-version-externally-managed install_data
[2.995s] running egg_info
[3.029s] writing ../../build/my_robot/my_robot.egg-info/PKG-INFO
[3.031s] writing dependency_links to ../../build/my_robot/my_robot.egg-info/dependency_links.txt
[3.031s] writing entry points to ../../build/my_robot/my_robot.egg-info/entry_points.txt
[3.032s] writing requirements to ../../build/my_robot/my_robot.egg-info/requires.txt
[3.032s] writing top-level names to ../../build/my_robot/my_robot.egg-info/top_level.txt
[3.105s] reading manifest file '../../build/my_robot/my_robot.egg-info/SOURCES.txt'
[3.109s] writing manifest file '../../build/my_robot/my_robot.egg-info/SOURCES.txt'
[3.109s] running build
[3.109s] running build_py
[3.110s] copying my_robot/reactive_avoidance.py -> /home/waesco704/ydlidar_ws/build/my_robot/build/lib/my_robot
[3.110s] copying my_robot/serial_bridge.py -> /home/waesco704/ydlidar_ws/build/my_robot/build/lib/my_robot
[3.111s] copying my_robot/cmd_vel_bridge.py -> /home/waesco704/ydlidar_ws/build/my_robot/build/lib/my_robot
[3.111s] copying my_robot/__init__.py -> /home/waesco704/ydlidar_ws/build/my_robot/build/lib/my_robot
[3.112s] copying my_robot/lidar_processor.py -> /home/waesco704/ydlidar_ws/build/my_robot/build/lib/my_robot
[3.113s] running install
[3.122s] running install_lib
[3.159s] running install_data
[3.159s] copying resource/my_robot -> /home/waesco704/ydlidar_ws/install/my_robot/share/ament_index/resource_index/packages
[3.160s] copying package.xml -> /home/waesco704/ydlidar_ws/install/my_robot/share/my_robot
[3.160s] copying launch/bringup_slam.launch.py -> /home/waesco704/ydlidar_ws/install/my_robot/share/my_robot/launch
[3.161s] copying launch/bringup_localization.launch.py -> /home/waesco704/ydlidar_ws/install/my_robot/share/my_robot/launch
[3.161s] copying launch/bringup_navigation.launch.py -> /home/waesco704/ydlidar_ws/install/my_robot/share/my_robot/launch
[3.162s] copying config/slam_params_online_async.yaml -> /home/waesco704/ydlidar_ws/install/my_robot/share/my_robot/config
[3.162s] copying config/localization_params.yaml -> /home/waesco704/ydlidar_ws/install/my_robot/share/my_robot/config
[3.163s] copying config/nav2_params.yaml -> /home/waesco704/ydlidar_ws/install/my_robot/share/my_robot/config
[3.163s] copying config/ydlidar_slam_view.rviz -> /home/waesco704/ydlidar_ws/install/my_robot/share/my_robot/config
[3.164s] copying config/navigation_view.rviz -> /home/waesco704/ydlidar_ws/install/my_robot/share/my_robot/config
[3.164s] running install_egg_info
[3.202s] removing '/home/waesco704/ydlidar_ws/install/my_robot/lib/python3.10/site-packages/my_robot-0.0.0-py3.10.egg-info' (and everything under it)
[3.203s] Copying ../../build/my_robot/my_robot.egg-info to /home/waesco704/ydlidar_ws/install/my_robot/lib/python3.10/site-packages/my_robot-0.0.0-py3.10.egg-info
[3.205s] running install_scripts
[3.489s] Installing cmd_vel_bridge script to /home/waesco704/ydlidar_ws/install/my_robot/lib/my_robot
[3.490s] Installing reactive_avoidance script to /home/waesco704/ydlidar_ws/install/my_robot/lib/my_robot
[3.490s] Installing serial_bridge script to /home/waesco704/ydlidar_ws/install/my_robot/lib/my_robot
[3.491s] writing list of installed files to '/home/waesco704/ydlidar_ws/build/my_robot/install.log'
[3.578s] Invoked command in '/home/waesco704/ydlidar_ws/src/my_robot' returned '0': PYTHONPATH=/home/waesco704/ydlidar_ws/build/my_robot/prefix_override:/home/waesco704/.local/lib/python3.10/site-packages/colcon_core/task/python/colcon_distutils_commands:/home/waesco704/ydlidar_ws/install/my_robot/lib/python3.10/site-packages:${PYTHONPATH} /usr/bin/python3 -W ignore:setup.py install is deprecated -W ignore:easy_install command is deprecated setup.py egg_info --egg-base ../../build/my_robot build --build-base /home/waesco704/ydlidar_ws/build/my_robot/build install --record /home/waesco704/ydlidar_ws/build/my_robot/install.log --single-version-externally-managed install_data
