[1.896s] Invoking command in '/home/waesco704/ydlidar_ws/src/my_robot': PYTHONPATH=/home/waesco704/ydlidar_ws/build/my_robot/prefix_override:/home/waesco704/.local/lib/python3.10/site-packages/colcon_core/task/python/colcon_distutils_commands:/home/waesco704/ydlidar_ws/install/my_robot/lib/python3.10/site-packages:${PYTHONPATH} /usr/bin/python3 -W ignore:setup.py install is deprecated -W ignore:easy_install command is deprecated setup.py egg_info --egg-base ../../build/my_robot build --build-base /home/waesco704/ydlidar_ws/build/my_robot/build install --record /home/waesco704/ydlidar_ws/build/my_robot/install.log --single-version-externally-managed install_data
[2.688s] running egg_info
[2.729s] creating ../../build/my_robot/my_robot.egg-info
[2.730s] writing ../../build/my_robot/my_robot.egg-info/PKG-INFO
[2.733s] writing dependency_links to ../../build/my_robot/my_robot.egg-info/dependency_links.txt
[2.735s] writing entry points to ../../build/my_robot/my_robot.egg-info/entry_points.txt
[2.736s] writing requirements to ../../build/my_robot/my_robot.egg-info/requires.txt
[2.737s] writing top-level names to ../../build/my_robot/my_robot.egg-info/top_level.txt
[2.738s] writing manifest file '../../build/my_robot/my_robot.egg-info/SOURCES.txt'
[2.823s] reading manifest file '../../build/my_robot/my_robot.egg-info/SOURCES.txt'
[2.828s] writing manifest file '../../build/my_robot/my_robot.egg-info/SOURCES.txt'
[2.829s] running build
[2.829s] running build_py
[2.830s] creating /home/waesco704/ydlidar_ws/build/my_robot/build/lib/my_robot
[2.830s] copying my_robot/reactive_avoidance.py -> /home/waesco704/ydlidar_ws/build/my_robot/build/lib/my_robot
[2.831s] copying my_robot/serial_bridge.py -> /home/waesco704/ydlidar_ws/build/my_robot/build/lib/my_robot
[2.832s] copying my_robot/cmd_vel_bridge.py -> /home/waesco704/ydlidar_ws/build/my_robot/build/lib/my_robot
[2.832s] copying my_robot/__init__.py -> /home/waesco704/ydlidar_ws/build/my_robot/build/lib/my_robot
[2.833s] copying my_robot/lidar_processor.py -> /home/waesco704/ydlidar_ws/build/my_robot/build/lib/my_robot
[2.834s] running install
[2.844s] running install_lib
[2.930s] creating /home/waesco704/ydlidar_ws/install/my_robot/lib/python3.10/site-packages/my_robot
[2.930s] copying /home/waesco704/ydlidar_ws/build/my_robot/build/lib/my_robot/reactive_avoidance.py -> /home/waesco704/ydlidar_ws/install/my_robot/lib/python3.10/site-packages/my_robot
[2.930s] copying /home/waesco704/ydlidar_ws/build/my_robot/build/lib/my_robot/serial_bridge.py -> /home/waesco704/ydlidar_ws/install/my_robot/lib/python3.10/site-packages/my_robot
[2.931s] copying /home/waesco704/ydlidar_ws/build/my_robot/build/lib/my_robot/cmd_vel_bridge.py -> /home/waesco704/ydlidar_ws/install/my_robot/lib/python3.10/site-packages/my_robot
[2.931s] copying /home/waesco704/ydlidar_ws/build/my_robot/build/lib/my_robot/__init__.py -> /home/waesco704/ydlidar_ws/install/my_robot/lib/python3.10/site-packages/my_robot
[2.931s] copying /home/waesco704/ydlidar_ws/build/my_robot/build/lib/my_robot/lidar_processor.py -> /home/waesco704/ydlidar_ws/install/my_robot/lib/python3.10/site-packages/my_robot
[2.933s] byte-compiling /home/waesco704/ydlidar_ws/install/my_robot/lib/python3.10/site-packages/my_robot/reactive_avoidance.py to reactive_avoidance.cpython-310.pyc
[2.936s] byte-compiling /home/waesco704/ydlidar_ws/install/my_robot/lib/python3.10/site-packages/my_robot/serial_bridge.py to serial_bridge.cpython-310.pyc
[2.939s] byte-compiling /home/waesco704/ydlidar_ws/install/my_robot/lib/python3.10/site-packages/my_robot/cmd_vel_bridge.py to cmd_vel_bridge.cpython-310.pyc
[2.956s] byte-compiling /home/waesco704/ydlidar_ws/install/my_robot/lib/python3.10/site-packages/my_robot/__init__.py to __init__.cpython-310.pyc
[2.958s] byte-compiling /home/waesco704/ydlidar_ws/install/my_robot/lib/python3.10/site-packages/my_robot/lidar_processor.py to lidar_processor.cpython-310.pyc
[2.959s] running install_data
[2.960s] creating /home/waesco704/ydlidar_ws/install/my_robot/share/ament_index/resource_index/packages
[2.960s] copying resource/my_robot -> /home/waesco704/ydlidar_ws/install/my_robot/share/ament_index/resource_index/packages
[2.961s] copying package.xml -> /home/waesco704/ydlidar_ws/install/my_robot/share/my_robot
[2.961s] creating /home/waesco704/ydlidar_ws/install/my_robot/share/my_robot/launch
[2.962s] copying launch/bringup_slam.launch.py -> /home/waesco704/ydlidar_ws/install/my_robot/share/my_robot/launch
[2.963s] copying launch/bringup_localization.launch.py -> /home/waesco704/ydlidar_ws/install/my_robot/share/my_robot/launch
[2.963s] copying launch/bringup_navigation.launch.py -> /home/waesco704/ydlidar_ws/install/my_robot/share/my_robot/launch
[2.964s] creating /home/waesco704/ydlidar_ws/install/my_robot/share/my_robot/config
[2.964s] copying config/slam_params_online_async.yaml -> /home/waesco704/ydlidar_ws/install/my_robot/share/my_robot/config
[2.964s] copying config/localization_params.yaml -> /home/waesco704/ydlidar_ws/install/my_robot/share/my_robot/config
[2.964s] copying config/nav2_params.yaml -> /home/waesco704/ydlidar_ws/install/my_robot/share/my_robot/config
[2.965s] copying config/ydlidar_slam_view.rviz -> /home/waesco704/ydlidar_ws/install/my_robot/share/my_robot/config
[2.966s] copying config/navigation_view.rviz -> /home/waesco704/ydlidar_ws/install/my_robot/share/my_robot/config
[2.966s] running install_egg_info
[3.067s] Copying ../../build/my_robot/my_robot.egg-info to /home/waesco704/ydlidar_ws/install/my_robot/lib/python3.10/site-packages/my_robot-0.0.0-py3.10.egg-info
[3.070s] running install_scripts
[3.469s] Installing cmd_vel_bridge script to /home/waesco704/ydlidar_ws/install/my_robot/lib/my_robot
[3.471s] Installing reactive_avoidance script to /home/waesco704/ydlidar_ws/install/my_robot/lib/my_robot
[3.475s] Installing serial_bridge script to /home/waesco704/ydlidar_ws/install/my_robot/lib/my_robot
[3.475s] writing list of installed files to '/home/waesco704/ydlidar_ws/build/my_robot/install.log'
[3.599s] Invoked command in '/home/waesco704/ydlidar_ws/src/my_robot' returned '0': PYTHONPATH=/home/waesco704/ydlidar_ws/build/my_robot/prefix_override:/home/waesco704/.local/lib/python3.10/site-packages/colcon_core/task/python/colcon_distutils_commands:/home/waesco704/ydlidar_ws/install/my_robot/lib/python3.10/site-packages:${PYTHONPATH} /usr/bin/python3 -W ignore:setup.py install is deprecated -W ignore:easy_install command is deprecated setup.py egg_info --egg-base ../../build/my_robot build --build-base /home/waesco704/ydlidar_ws/build/my_robot/build install --record /home/waesco704/ydlidar_ws/build/my_robot/install.log --single-version-externally-managed install_data
