[0.291s] DEBUG:colcon:Command line arguments: ['/home/waesco704/.local/bin/colcon', 'build']
[0.291s] DEBUG:colcon:Parsed command line arguments: Namespace(log_base=None, log_level=None, verb_name='build', build_base='build', install_base='install', merge_install=False, symlink_install=False, test_result_base=None, continue_on_error=False, executor='parallel', parallel_workers=8, event_handlers=None, ignore_user_meta=False, metas=['./colcon.meta'], base_paths=['.'], packages_ignore=None, packages_ignore_regex=None, paths=None, packages_up_to=None, packages_up_to_regex=None, packages_above=None, packages_above_and_dependencies=None, packages_above_depth=None, packages_select_by_dep=None, packages_skip_by_dep=None, packages_skip_up_to=None, packages_select_build_failed=False, packages_skip_build_finished=False, packages_select_test_failures=False, packages_skip_test_passed=False, packages_select=None, packages_skip=None, packages_select_regex=None, packages_skip_regex=None, packages_start=None, packages_end=None, cmake_args=None, cmake_target=None, cmake_target_skip_unavailable=False, cmake_clean_cache=False, cmake_clean_first=False, cmake_force_configure=False, ament_cmake_args=None, catkin_cmake_args=None, catkin_skip_building_tests=False, verb_parser=<colcon_defaults.argument_parser.defaults.DefaultArgumentsDecorator object at 0xffffb4269690>, verb_extension=<colcon_core.verb.build.BuildVerb object at 0xffffb4269090>, main=<bound method BuildVerb.main of <colcon_core.verb.build.BuildVerb object at 0xffffb4269090>>)
[0.380s] Level 1:colcon.colcon_core.package_discovery:discover_packages(colcon_meta) check parameters
[0.381s] Level 1:colcon.colcon_core.package_discovery:discover_packages(recursive) check parameters
[0.381s] Level 1:colcon.colcon_core.package_discovery:discover_packages(ignore) check parameters
[0.381s] Level 1:colcon.colcon_core.package_discovery:discover_packages(path) check parameters
[0.381s] Level 1:colcon.colcon_core.package_discovery:discover_packages(colcon_meta) discover
[0.381s] Level 1:colcon.colcon_core.package_discovery:discover_packages(recursive) discover
[0.381s] INFO:colcon.colcon_core.package_discovery:Crawling recursively for packages in '/home/waesco704/ydlidar_ws'
[0.381s] Level 1:colcon.colcon_core.package_identification:_identify(.) by extensions ['ignore', 'ignore_ament_install']
[0.382s] Level 1:colcon.colcon_core.package_identification:_identify(.) by extension 'ignore'
[0.382s] Level 1:colcon.colcon_core.package_identification:_identify(.) by extension 'ignore_ament_install'
[0.382s] Level 1:colcon.colcon_core.package_identification:_identify(.) by extensions ['colcon_pkg']
[0.382s] Level 1:colcon.colcon_core.package_identification:_identify(.) by extension 'colcon_pkg'
[0.382s] Level 1:colcon.colcon_core.package_identification:_identify(.) by extensions ['colcon_meta']
[0.382s] Level 1:colcon.colcon_core.package_identification:_identify(.) by extension 'colcon_meta'
[0.382s] Level 1:colcon.colcon_core.package_identification:_identify(.) by extensions ['ros']
[0.382s] Level 1:colcon.colcon_core.package_identification:_identify(.) by extension 'ros'
[0.414s] Level 1:colcon.colcon_core.package_identification:_identify(.) by extensions ['cmake', 'python']
[0.415s] Level 1:colcon.colcon_core.package_identification:_identify(.) by extension 'cmake'
[0.415s] Level 1:colcon.colcon_core.package_identification:_identify(.) by extension 'python'
[0.415s] Level 1:colcon.colcon_core.package_identification:_identify(.) by extensions ['python_setup_py']
[0.415s] Level 1:colcon.colcon_core.package_identification:_identify(.) by extension 'python_setup_py'
[0.415s] Level 1:colcon.colcon_core.package_identification:_identify(build) by extensions ['ignore', 'ignore_ament_install']
[0.416s] Level 1:colcon.colcon_core.package_identification:_identify(build) by extension 'ignore'
[0.416s] Level 1:colcon.colcon_core.package_identification:_identify(build) ignored
[0.416s] Level 1:colcon.colcon_core.package_identification:_identify(install) by extensions ['ignore', 'ignore_ament_install']
[0.416s] Level 1:colcon.colcon_core.package_identification:_identify(install) by extension 'ignore'
[0.416s] Level 1:colcon.colcon_core.package_identification:_identify(install) ignored
[0.417s] Level 1:colcon.colcon_core.package_identification:_identify(log) by extensions ['ignore', 'ignore_ament_install']
[0.417s] Level 1:colcon.colcon_core.package_identification:_identify(log) by extension 'ignore'
[0.417s] Level 1:colcon.colcon_core.package_identification:_identify(log) ignored
[0.417s] Level 1:colcon.colcon_core.package_identification:_identify(src) by extensions ['ignore', 'ignore_ament_install']
[0.417s] Level 1:colcon.colcon_core.package_identification:_identify(src) by extension 'ignore'
[0.417s] Level 1:colcon.colcon_core.package_identification:_identify(src) by extension 'ignore_ament_install'
[0.417s] Level 1:colcon.colcon_core.package_identification:_identify(src) by extensions ['colcon_pkg']
[0.418s] Level 1:colcon.colcon_core.package_identification:_identify(src) by extension 'colcon_pkg'
[0.418s] Level 1:colcon.colcon_core.package_identification:_identify(src) by extensions ['colcon_meta']
[0.418s] Level 1:colcon.colcon_core.package_identification:_identify(src) by extension 'colcon_meta'
[0.418s] Level 1:colcon.colcon_core.package_identification:_identify(src) by extensions ['ros']
[0.418s] Level 1:colcon.colcon_core.package_identification:_identify(src) by extension 'ros'
[0.418s] Level 1:colcon.colcon_core.package_identification:_identify(src) by extensions ['cmake', 'python']
[0.418s] Level 1:colcon.colcon_core.package_identification:_identify(src) by extension 'cmake'
[0.418s] Level 1:colcon.colcon_core.package_identification:_identify(src) by extension 'python'
[0.418s] Level 1:colcon.colcon_core.package_identification:_identify(src) by extensions ['python_setup_py']
[0.418s] Level 1:colcon.colcon_core.package_identification:_identify(src) by extension 'python_setup_py'
[0.419s] Level 1:colcon.colcon_core.package_identification:_identify(src/YDLidar-SDK) by extensions ['ignore', 'ignore_ament_install']
[0.419s] Level 1:colcon.colcon_core.package_identification:_identify(src/YDLidar-SDK) by extension 'ignore'
[0.419s] Level 1:colcon.colcon_core.package_identification:_identify(src/YDLidar-SDK) by extension 'ignore_ament_install'
[0.419s] Level 1:colcon.colcon_core.package_identification:_identify(src/YDLidar-SDK) by extensions ['colcon_pkg']
[0.419s] Level 1:colcon.colcon_core.package_identification:_identify(src/YDLidar-SDK) by extension 'colcon_pkg'
[0.419s] Level 1:colcon.colcon_core.package_identification:_identify(src/YDLidar-SDK) by extensions ['colcon_meta']
[0.419s] Level 1:colcon.colcon_core.package_identification:_identify(src/YDLidar-SDK) by extension 'colcon_meta'
[0.419s] Level 1:colcon.colcon_core.package_identification:_identify(src/YDLidar-SDK) by extensions ['ros']
[0.419s] Level 1:colcon.colcon_core.package_identification:_identify(src/YDLidar-SDK) by extension 'ros'
[0.419s] Level 1:colcon.colcon_core.package_identification:_identify(src/YDLidar-SDK) by extensions ['cmake', 'python']
[0.420s] Level 1:colcon.colcon_core.package_identification:_identify(src/YDLidar-SDK) by extension 'cmake'
[0.460s] Level 1:colcon.colcon_core.package_identification:_identify(src/YDLidar-SDK) by extension 'python'
[0.460s] DEBUG:colcon.colcon_core.package_identification:Package 'src/YDLidar-SDK' with type 'cmake' and name 'ydlidar_sdk'
[0.460s] Level 1:colcon.colcon_core.package_identification:_identify(src/lidar_manual) by extensions ['ignore', 'ignore_ament_install']
[0.461s] Level 1:colcon.colcon_core.package_identification:_identify(src/lidar_manual) by extension 'ignore'
[0.461s] Level 1:colcon.colcon_core.package_identification:_identify(src/lidar_manual) by extension 'ignore_ament_install'
[0.461s] Level 1:colcon.colcon_core.package_identification:_identify(src/lidar_manual) by extensions ['colcon_pkg']
[0.461s] Level 1:colcon.colcon_core.package_identification:_identify(src/lidar_manual) by extension 'colcon_pkg'
[0.461s] Level 1:colcon.colcon_core.package_identification:_identify(src/lidar_manual) by extensions ['colcon_meta']
[0.461s] Level 1:colcon.colcon_core.package_identification:_identify(src/lidar_manual) by extension 'colcon_meta'
[0.462s] Level 1:colcon.colcon_core.package_identification:_identify(src/lidar_manual) by extensions ['ros']
[0.462s] Level 1:colcon.colcon_core.package_identification:_identify(src/lidar_manual) by extension 'ros'
[0.462s] Level 1:colcon.colcon_core.package_identification:_identify(src/lidar_manual) by extensions ['cmake', 'python']
[0.462s] Level 1:colcon.colcon_core.package_identification:_identify(src/lidar_manual) by extension 'cmake'
[0.466s] Level 1:colcon.colcon_core.package_identification:_identify(src/lidar_manual) by extension 'python'
[0.466s] DEBUG:colcon.colcon_core.package_identification:Package 'src/lidar_manual' with type 'cmake' and name 'lidar_manual'
[0.466s] Level 1:colcon.colcon_core.package_identification:_identify(src/lidar_test) by extensions ['ignore', 'ignore_ament_install']
[0.467s] Level 1:colcon.colcon_core.package_identification:_identify(src/lidar_test) by extension 'ignore'
[0.467s] Level 1:colcon.colcon_core.package_identification:_identify(src/lidar_test) by extension 'ignore_ament_install'
[0.467s] Level 1:colcon.colcon_core.package_identification:_identify(src/lidar_test) by extensions ['colcon_pkg']
[0.467s] Level 1:colcon.colcon_core.package_identification:_identify(src/lidar_test) by extension 'colcon_pkg'
[0.467s] Level 1:colcon.colcon_core.package_identification:_identify(src/lidar_test) by extensions ['colcon_meta']
[0.467s] Level 1:colcon.colcon_core.package_identification:_identify(src/lidar_test) by extension 'colcon_meta'
[0.467s] Level 1:colcon.colcon_core.package_identification:_identify(src/lidar_test) by extensions ['ros']
[0.467s] Level 1:colcon.colcon_core.package_identification:_identify(src/lidar_test) by extension 'ros'
[0.467s] Level 1:colcon.colcon_core.package_identification:_identify(src/lidar_test) by extensions ['cmake', 'python']
[0.468s] Level 1:colcon.colcon_core.package_identification:_identify(src/lidar_test) by extension 'cmake'
[0.472s] Level 1:colcon.colcon_core.package_identification:_identify(src/lidar_test) by extension 'python'
[0.472s] DEBUG:colcon.colcon_core.package_identification:Package 'src/lidar_test' with type 'cmake' and name 'lidar_test'
[0.472s] Level 1:colcon.colcon_core.package_identification:_identify(src/my_robot) by extensions ['ignore', 'ignore_ament_install']
[0.472s] Level 1:colcon.colcon_core.package_identification:_identify(src/my_robot) by extension 'ignore'
[0.472s] Level 1:colcon.colcon_core.package_identification:_identify(src/my_robot) by extension 'ignore_ament_install'
[0.472s] Level 1:colcon.colcon_core.package_identification:_identify(src/my_robot) by extensions ['colcon_pkg']
[0.472s] Level 1:colcon.colcon_core.package_identification:_identify(src/my_robot) by extension 'colcon_pkg'
[0.472s] Level 1:colcon.colcon_core.package_identification:_identify(src/my_robot) by extensions ['colcon_meta']
[0.473s] Level 1:colcon.colcon_core.package_identification:_identify(src/my_robot) by extension 'colcon_meta'
[0.473s] Level 1:colcon.colcon_core.package_identification:_identify(src/my_robot) by extensions ['ros']
[0.473s] Level 1:colcon.colcon_core.package_identification:_identify(src/my_robot) by extension 'ros'
[0.478s] DEBUG:colcon.colcon_core.package_identification:Package 'src/my_robot' with type 'ros.ament_python' and name 'my_robot'
[0.479s] Level 1:colcon.colcon_core.package_identification:_identify(src/ydlidar_ros2_driver) by extensions ['ignore', 'ignore_ament_install']
[0.479s] Level 1:colcon.colcon_core.package_identification:_identify(src/ydlidar_ros2_driver) by extension 'ignore'
[0.479s] Level 1:colcon.colcon_core.package_identification:_identify(src/ydlidar_ros2_driver) by extension 'ignore_ament_install'
[0.479s] Level 1:colcon.colcon_core.package_identification:_identify(src/ydlidar_ros2_driver) by extensions ['colcon_pkg']
[0.479s] Level 1:colcon.colcon_core.package_identification:_identify(src/ydlidar_ros2_driver) by extension 'colcon_pkg'
[0.479s] Level 1:colcon.colcon_core.package_identification:_identify(src/ydlidar_ros2_driver) by extensions ['colcon_meta']
[0.479s] Level 1:colcon.colcon_core.package_identification:_identify(src/ydlidar_ros2_driver) by extension 'colcon_meta'
[0.480s] Level 1:colcon.colcon_core.package_identification:_identify(src/ydlidar_ros2_driver) by extensions ['ros']
[0.480s] Level 1:colcon.colcon_core.package_identification:_identify(src/ydlidar_ros2_driver) by extension 'ros'
[0.481s] DEBUG:colcon.colcon_core.package_identification:Package 'src/ydlidar_ros2_driver' with type 'ros.ament_cmake' and name 'ydlidar_ros2_driver'
[0.481s] Level 1:colcon.colcon_core.package_identification:_identify(src/yolo_testing) by extensions ['ignore', 'ignore_ament_install']
[0.482s] Level 1:colcon.colcon_core.package_identification:_identify(src/yolo_testing) by extension 'ignore'
[0.482s] Level 1:colcon.colcon_core.package_identification:_identify(src/yolo_testing) by extension 'ignore_ament_install'
[0.482s] Level 1:colcon.colcon_core.package_identification:_identify(src/yolo_testing) by extensions ['colcon_pkg']
[0.482s] Level 1:colcon.colcon_core.package_identification:_identify(src/yolo_testing) by extension 'colcon_pkg'
[0.482s] Level 1:colcon.colcon_core.package_identification:_identify(src/yolo_testing) by extensions ['colcon_meta']
[0.482s] Level 1:colcon.colcon_core.package_identification:_identify(src/yolo_testing) by extension 'colcon_meta'
[0.482s] Level 1:colcon.colcon_core.package_identification:_identify(src/yolo_testing) by extensions ['ros']
[0.482s] Level 1:colcon.colcon_core.package_identification:_identify(src/yolo_testing) by extension 'ros'
[0.484s] DEBUG:colcon.colcon_core.package_identification:Package 'src/yolo_testing' with type 'ros.ament_python' and name 'yolo_testing'
[0.484s] Level 1:colcon.colcon_core.package_discovery:discover_packages(recursive) using defaults
[0.484s] Level 1:colcon.colcon_core.package_discovery:discover_packages(ignore) discover
[0.484s] Level 1:colcon.colcon_core.package_discovery:discover_packages(ignore) using defaults
[0.484s] Level 1:colcon.colcon_core.package_discovery:discover_packages(path) discover
[0.485s] Level 1:colcon.colcon_core.package_discovery:discover_packages(path) using defaults
[0.532s] Level 5:colcon.colcon_core.verb:set package 'lidar_manual' build argument 'cmake_args' from command line to 'None'
[0.532s] Level 5:colcon.colcon_core.verb:set package 'lidar_manual' build argument 'cmake_target' from command line to 'None'
[0.532s] Level 5:colcon.colcon_core.verb:set package 'lidar_manual' build argument 'cmake_target_skip_unavailable' from command line to 'False'
[0.532s] Level 5:colcon.colcon_core.verb:set package 'lidar_manual' build argument 'cmake_clean_cache' from command line to 'False'
[0.532s] Level 5:colcon.colcon_core.verb:set package 'lidar_manual' build argument 'cmake_clean_first' from command line to 'False'
[0.532s] Level 5:colcon.colcon_core.verb:set package 'lidar_manual' build argument 'cmake_force_configure' from command line to 'False'
[0.533s] Level 5:colcon.colcon_core.verb:set package 'lidar_manual' build argument 'ament_cmake_args' from command line to 'None'
[0.533s] Level 5:colcon.colcon_core.verb:set package 'lidar_manual' build argument 'catkin_cmake_args' from command line to 'None'
[0.533s] Level 5:colcon.colcon_core.verb:set package 'lidar_manual' build argument 'catkin_skip_building_tests' from command line to 'False'
[0.533s] DEBUG:colcon.colcon_core.verb:Building package 'lidar_manual' with the following arguments: {'ament_cmake_args': None, 'build_base': '/home/waesco704/ydlidar_ws/build/lidar_manual', 'catkin_cmake_args': None, 'catkin_skip_building_tests': False, 'cmake_args': None, 'cmake_clean_cache': False, 'cmake_clean_first': False, 'cmake_force_configure': False, 'cmake_target': None, 'cmake_target_skip_unavailable': False, 'install_base': '/home/waesco704/ydlidar_ws/install/lidar_manual', 'merge_install': False, 'path': '/home/waesco704/ydlidar_ws/src/lidar_manual', 'symlink_install': False, 'test_result_base': None}
[0.533s] Level 5:colcon.colcon_core.verb:set package 'lidar_test' build argument 'cmake_args' from command line to 'None'
[0.534s] Level 5:colcon.colcon_core.verb:set package 'lidar_test' build argument 'cmake_target' from command line to 'None'
[0.534s] Level 5:colcon.colcon_core.verb:set package 'lidar_test' build argument 'cmake_target_skip_unavailable' from command line to 'False'
[0.534s] Level 5:colcon.colcon_core.verb:set package 'lidar_test' build argument 'cmake_clean_cache' from command line to 'False'
[0.534s] Level 5:colcon.colcon_core.verb:set package 'lidar_test' build argument 'cmake_clean_first' from command line to 'False'
[0.534s] Level 5:colcon.colcon_core.verb:set package 'lidar_test' build argument 'cmake_force_configure' from command line to 'False'
[0.534s] Level 5:colcon.colcon_core.verb:set package 'lidar_test' build argument 'ament_cmake_args' from command line to 'None'
[0.534s] Level 5:colcon.colcon_core.verb:set package 'lidar_test' build argument 'catkin_cmake_args' from command line to 'None'
[0.534s] Level 5:colcon.colcon_core.verb:set package 'lidar_test' build argument 'catkin_skip_building_tests' from command line to 'False'
[0.534s] DEBUG:colcon.colcon_core.verb:Building package 'lidar_test' with the following arguments: {'ament_cmake_args': None, 'build_base': '/home/waesco704/ydlidar_ws/build/lidar_test', 'catkin_cmake_args': None, 'catkin_skip_building_tests': False, 'cmake_args': None, 'cmake_clean_cache': False, 'cmake_clean_first': False, 'cmake_force_configure': False, 'cmake_target': None, 'cmake_target_skip_unavailable': False, 'install_base': '/home/waesco704/ydlidar_ws/install/lidar_test', 'merge_install': False, 'path': '/home/waesco704/ydlidar_ws/src/lidar_test', 'symlink_install': False, 'test_result_base': None}
[0.535s] Level 5:colcon.colcon_core.verb:set package 'my_robot' build argument 'cmake_args' from command line to 'None'
[0.535s] Level 5:colcon.colcon_core.verb:set package 'my_robot' build argument 'cmake_target' from command line to 'None'
[0.535s] Level 5:colcon.colcon_core.verb:set package 'my_robot' build argument 'cmake_target_skip_unavailable' from command line to 'False'
[0.535s] Level 5:colcon.colcon_core.verb:set package 'my_robot' build argument 'cmake_clean_cache' from command line to 'False'
[0.535s] Level 5:colcon.colcon_core.verb:set package 'my_robot' build argument 'cmake_clean_first' from command line to 'False'
[0.535s] Level 5:colcon.colcon_core.verb:set package 'my_robot' build argument 'cmake_force_configure' from command line to 'False'
[0.535s] Level 5:colcon.colcon_core.verb:set package 'my_robot' build argument 'ament_cmake_args' from command line to 'None'
[0.535s] Level 5:colcon.colcon_core.verb:set package 'my_robot' build argument 'catkin_cmake_args' from command line to 'None'
[0.535s] Level 5:colcon.colcon_core.verb:set package 'my_robot' build argument 'catkin_skip_building_tests' from command line to 'False'
[0.535s] DEBUG:colcon.colcon_core.verb:Building package 'my_robot' with the following arguments: {'ament_cmake_args': None, 'build_base': '/home/waesco704/ydlidar_ws/build/my_robot', 'catkin_cmake_args': None, 'catkin_skip_building_tests': False, 'cmake_args': None, 'cmake_clean_cache': False, 'cmake_clean_first': False, 'cmake_force_configure': False, 'cmake_target': None, 'cmake_target_skip_unavailable': False, 'install_base': '/home/waesco704/ydlidar_ws/install/my_robot', 'merge_install': False, 'path': '/home/waesco704/ydlidar_ws/src/my_robot', 'symlink_install': False, 'test_result_base': None}
[0.536s] Level 5:colcon.colcon_core.verb:set package 'ydlidar_ros2_driver' build argument 'cmake_args' from command line to 'None'
[0.536s] Level 5:colcon.colcon_core.verb:set package 'ydlidar_ros2_driver' build argument 'cmake_target' from command line to 'None'
[0.536s] Level 5:colcon.colcon_core.verb:set package 'ydlidar_ros2_driver' build argument 'cmake_target_skip_unavailable' from command line to 'False'
[0.536s] Level 5:colcon.colcon_core.verb:set package 'ydlidar_ros2_driver' build argument 'cmake_clean_cache' from command line to 'False'
[0.536s] Level 5:colcon.colcon_core.verb:set package 'ydlidar_ros2_driver' build argument 'cmake_clean_first' from command line to 'False'
[0.536s] Level 5:colcon.colcon_core.verb:set package 'ydlidar_ros2_driver' build argument 'cmake_force_configure' from command line to 'False'
[0.536s] Level 5:colcon.colcon_core.verb:set package 'ydlidar_ros2_driver' build argument 'ament_cmake_args' from command line to 'None'
[0.536s] Level 5:colcon.colcon_core.verb:set package 'ydlidar_ros2_driver' build argument 'catkin_cmake_args' from command line to 'None'
[0.536s] Level 5:colcon.colcon_core.verb:set package 'ydlidar_ros2_driver' build argument 'catkin_skip_building_tests' from command line to 'False'
[0.536s] DEBUG:colcon.colcon_core.verb:Building package 'ydlidar_ros2_driver' with the following arguments: {'ament_cmake_args': None, 'build_base': '/home/waesco704/ydlidar_ws/build/ydlidar_ros2_driver', 'catkin_cmake_args': None, 'catkin_skip_building_tests': False, 'cmake_args': None, 'cmake_clean_cache': False, 'cmake_clean_first': False, 'cmake_force_configure': False, 'cmake_target': None, 'cmake_target_skip_unavailable': False, 'install_base': '/home/waesco704/ydlidar_ws/install/ydlidar_ros2_driver', 'merge_install': False, 'path': '/home/waesco704/ydlidar_ws/src/ydlidar_ros2_driver', 'symlink_install': False, 'test_result_base': None}
[0.537s] Level 5:colcon.colcon_core.verb:set package 'ydlidar_sdk' build argument 'cmake_args' from command line to 'None'
[0.537s] Level 5:colcon.colcon_core.verb:set package 'ydlidar_sdk' build argument 'cmake_target' from command line to 'None'
[0.537s] Level 5:colcon.colcon_core.verb:set package 'ydlidar_sdk' build argument 'cmake_target_skip_unavailable' from command line to 'False'
[0.537s] Level 5:colcon.colcon_core.verb:set package 'ydlidar_sdk' build argument 'cmake_clean_cache' from command line to 'False'
[0.537s] Level 5:colcon.colcon_core.verb:set package 'ydlidar_sdk' build argument 'cmake_clean_first' from command line to 'False'
[0.537s] Level 5:colcon.colcon_core.verb:set package 'ydlidar_sdk' build argument 'cmake_force_configure' from command line to 'False'
[0.537s] Level 5:colcon.colcon_core.verb:set package 'ydlidar_sdk' build argument 'ament_cmake_args' from command line to 'None'
[0.537s] Level 5:colcon.colcon_core.verb:set package 'ydlidar_sdk' build argument 'catkin_cmake_args' from command line to 'None'
[0.537s] Level 5:colcon.colcon_core.verb:set package 'ydlidar_sdk' build argument 'catkin_skip_building_tests' from command line to 'False'
[0.537s] DEBUG:colcon.colcon_core.verb:Building package 'ydlidar_sdk' with the following arguments: {'ament_cmake_args': None, 'build_base': '/home/waesco704/ydlidar_ws/build/ydlidar_sdk', 'catkin_cmake_args': None, 'catkin_skip_building_tests': False, 'cmake_args': None, 'cmake_clean_cache': False, 'cmake_clean_first': False, 'cmake_force_configure': False, 'cmake_target': None, 'cmake_target_skip_unavailable': False, 'install_base': '/home/waesco704/ydlidar_ws/install/ydlidar_sdk', 'merge_install': False, 'path': '/home/waesco704/ydlidar_ws/src/YDLidar-SDK', 'symlink_install': False, 'test_result_base': None}
[0.538s] Level 5:colcon.colcon_core.verb:set package 'yolo_testing' build argument 'cmake_args' from command line to 'None'
[0.538s] Level 5:colcon.colcon_core.verb:set package 'yolo_testing' build argument 'cmake_target' from command line to 'None'
[0.538s] Level 5:colcon.colcon_core.verb:set package 'yolo_testing' build argument 'cmake_target_skip_unavailable' from command line to 'False'
[0.538s] Level 5:colcon.colcon_core.verb:set package 'yolo_testing' build argument 'cmake_clean_cache' from command line to 'False'
[0.538s] Level 5:colcon.colcon_core.verb:set package 'yolo_testing' build argument 'cmake_clean_first' from command line to 'False'
[0.538s] Level 5:colcon.colcon_core.verb:set package 'yolo_testing' build argument 'cmake_force_configure' from command line to 'False'
[0.538s] Level 5:colcon.colcon_core.verb:set package 'yolo_testing' build argument 'ament_cmake_args' from command line to 'None'
[0.538s] Level 5:colcon.colcon_core.verb:set package 'yolo_testing' build argument 'catkin_cmake_args' from command line to 'None'
[0.538s] Level 5:colcon.colcon_core.verb:set package 'yolo_testing' build argument 'catkin_skip_building_tests' from command line to 'False'
[0.538s] DEBUG:colcon.colcon_core.verb:Building package 'yolo_testing' with the following arguments: {'ament_cmake_args': None, 'build_base': '/home/waesco704/ydlidar_ws/build/yolo_testing', 'catkin_cmake_args': None, 'catkin_skip_building_tests': False, 'cmake_args': None, 'cmake_clean_cache': False, 'cmake_clean_first': False, 'cmake_force_configure': False, 'cmake_target': None, 'cmake_target_skip_unavailable': False, 'install_base': '/home/waesco704/ydlidar_ws/install/yolo_testing', 'merge_install': False, 'path': '/home/waesco704/ydlidar_ws/src/yolo_testing', 'symlink_install': False, 'test_result_base': None}
[0.539s] INFO:colcon.colcon_core.executor:Executing jobs using 'parallel' executor
[0.541s] DEBUG:colcon.colcon_parallel_executor.executor.parallel:run_until_complete
[0.542s] INFO:colcon.colcon_cmake.task.cmake.build:Building CMake package in '/home/waesco704/ydlidar_ws/src/lidar_manual'
[0.547s] INFO:colcon.colcon_core.plugin_system:Skipping extension 'colcon_core.shell.bat': Not used on non-Windows systems
[0.547s] INFO:colcon.colcon_core.shell:Skip shell extension 'powershell' for command environment: Not usable outside of PowerShell
[0.547s] DEBUG:colcon.colcon_core.shell:Skip shell extension 'dsv' for command environment
[0.558s] INFO:colcon.colcon_cmake.task.cmake.build:Building CMake package in '/home/waesco704/ydlidar_ws/src/lidar_test'
[0.559s] INFO:colcon.colcon_core.shell:Skip shell extension 'powershell' for command environment: Not usable outside of PowerShell
[0.559s] DEBUG:colcon.colcon_core.shell:Skip shell extension 'dsv' for command environment
[0.567s] INFO:colcon.colcon_ros.task.ament_python.build:Building ROS package in '/home/waesco704/ydlidar_ws/src/my_robot' with build type 'ament_python'
[0.567s] Level 1:colcon.colcon_core.shell:create_environment_hook('my_robot', 'ament_prefix_path')
[0.568s] INFO:colcon.colcon_core.shell:Creating environment hook '/home/waesco704/ydlidar_ws/install/my_robot/share/my_robot/hook/ament_prefix_path.ps1'
[0.570s] INFO:colcon.colcon_core.shell:Creating environment descriptor '/home/waesco704/ydlidar_ws/install/my_robot/share/my_robot/hook/ament_prefix_path.dsv'
[0.571s] INFO:colcon.colcon_core.shell:Creating environment hook '/home/waesco704/ydlidar_ws/install/my_robot/share/my_robot/hook/ament_prefix_path.sh'
[0.572s] INFO:colcon.colcon_core.shell:Skip shell extension 'powershell' for command environment: Not usable outside of PowerShell
[0.573s] DEBUG:colcon.colcon_core.shell:Skip shell extension 'dsv' for command environment
[0.580s] INFO:colcon.colcon_ros.task.ament_cmake.build:Building ROS package in '/home/waesco704/ydlidar_ws/src/ydlidar_ros2_driver' with build type 'ament_cmake'
[0.581s] INFO:colcon.colcon_cmake.task.cmake.build:Building CMake package in '/home/waesco704/ydlidar_ws/src/ydlidar_ros2_driver'
[0.581s] INFO:colcon.colcon_core.shell:Skip shell extension 'powershell' for command environment: Not usable outside of PowerShell
[0.582s] DEBUG:colcon.colcon_core.shell:Skip shell extension 'dsv' for command environment
[0.589s] INFO:colcon.colcon_cmake.task.cmake.build:Building CMake package in '/home/waesco704/ydlidar_ws/src/YDLidar-SDK'
[0.589s] INFO:colcon.colcon_core.shell:Skip shell extension 'powershell' for command environment: Not usable outside of PowerShell
[0.589s] DEBUG:colcon.colcon_core.shell:Skip shell extension 'dsv' for command environment
[0.596s] INFO:colcon.colcon_ros.task.ament_python.build:Building ROS package in '/home/waesco704/ydlidar_ws/src/yolo_testing' with build type 'ament_python'
[0.597s] Level 1:colcon.colcon_core.shell:create_environment_hook('yolo_testing', 'ament_prefix_path')
[0.597s] INFO:colcon.colcon_core.shell:Creating environment hook '/home/waesco704/ydlidar_ws/install/yolo_testing/share/yolo_testing/hook/ament_prefix_path.ps1'
[0.599s] INFO:colcon.colcon_core.shell:Creating environment descriptor '/home/waesco704/ydlidar_ws/install/yolo_testing/share/yolo_testing/hook/ament_prefix_path.dsv'
[0.599s] INFO:colcon.colcon_core.shell:Creating environment hook '/home/waesco704/ydlidar_ws/install/yolo_testing/share/yolo_testing/hook/ament_prefix_path.sh'
[0.600s] INFO:colcon.colcon_core.shell:Skip shell extension 'powershell' for command environment: Not usable outside of PowerShell
[0.601s] DEBUG:colcon.colcon_core.shell:Skip shell extension 'dsv' for command environment
[0.617s] DEBUG:colcon.colcon_core.event_handler.log_command:Invoking command in '/home/waesco704/ydlidar_ws/build/lidar_manual': /usr/bin/cmake --build /home/waesco704/ydlidar_ws/build/lidar_manual -- -j8 -l8
[0.626s] DEBUG:colcon.colcon_core.event_handler.log_command:Invoking command in '/home/waesco704/ydlidar_ws/build/lidar_test': /usr/bin/cmake --build /home/waesco704/ydlidar_ws/build/lidar_test -- -j8 -l8
[1.088s] INFO:colcon.colcon_core.task.python.build:Building Python package in '/home/waesco704/ydlidar_ws/src/my_robot'
[1.088s] INFO:colcon.colcon_core.shell:Skip shell extension 'powershell' for command environment: Not usable outside of PowerShell
[1.089s] DEBUG:colcon.colcon_core.shell:Skip shell extension 'dsv' for command environment
[1.105s] DEBUG:colcon.colcon_core.event_handler.log_command:Invoking command in '/home/waesco704/ydlidar_ws/build/ydlidar_ros2_driver': CMAKE_PREFIX_PATH=${CMAKE_PREFIX_PATH}:/home/waesco704/ydlidar_ws/install/my_robot:/opt/ros/humble /usr/bin/cmake --build /home/waesco704/ydlidar_ws/build/ydlidar_ros2_driver -- -j8 -l8
[1.113s] DEBUG:colcon.colcon_core.event_handler.log_command:Invoking command in '/home/waesco704/ydlidar_ws/build/ydlidar_sdk': /usr/bin/cmake --build /home/waesco704/ydlidar_ws/build/ydlidar_sdk -- -j8 -l8
[1.645s] INFO:colcon.colcon_core.task.python.build:Building Python package in '/home/waesco704/ydlidar_ws/src/yolo_testing'
[1.647s] INFO:colcon.colcon_core.shell:Skip shell extension 'powershell' for command environment: Not usable outside of PowerShell
[1.647s] DEBUG:colcon.colcon_core.shell:Skip shell extension 'dsv' for command environment
[1.666s] DEBUG:colcon.colcon_core.event_handler.log_command:Invoked command in '/home/waesco704/ydlidar_ws/build/lidar_test' returned '0': /usr/bin/cmake --build /home/waesco704/ydlidar_ws/build/lidar_test -- -j8 -l8
[1.667s] WARNING:colcon.colcon_cmake.task.cmake.build:Could not run installation step for package 'lidar_test' because it has no 'install' target
[1.667s] Level 1:colcon.colcon_core.environment:create_environment_scripts_only(lidar_test)
[1.676s] Level 1:colcon.colcon_core.environment:checking '/home/waesco704/ydlidar_ws/install/lidar_test' for CMake module files
[1.677s] Level 1:colcon.colcon_core.environment:checking '/home/waesco704/ydlidar_ws/install/lidar_test' for CMake config files
[1.679s] Level 1:colcon.colcon_core.environment:checking '/home/waesco704/ydlidar_ws/install/lidar_test/bin'
[1.679s] Level 1:colcon.colcon_core.environment:checking '/home/waesco704/ydlidar_ws/install/lidar_test/lib/pkgconfig/lidar_test.pc'
[1.682s] Level 1:colcon.colcon_core.environment:checking '/home/waesco704/ydlidar_ws/install/lidar_test/lib/python3.10/site-packages'
[1.683s] Level 1:colcon.colcon_core.environment:checking '/home/waesco704/ydlidar_ws/install/lidar_test/bin'
[1.684s] INFO:colcon.colcon_core.shell:Creating package script '/home/waesco704/ydlidar_ws/install/lidar_test/share/lidar_test/package.ps1'
[1.686s] INFO:colcon.colcon_core.shell:Creating package descriptor '/home/waesco704/ydlidar_ws/install/lidar_test/share/lidar_test/package.dsv'
[1.687s] INFO:colcon.colcon_core.shell:Creating package script '/home/waesco704/ydlidar_ws/install/lidar_test/share/lidar_test/package.sh'
[1.690s] INFO:colcon.colcon_core.shell:Creating package script '/home/waesco704/ydlidar_ws/install/lidar_test/share/lidar_test/package.bash'
[1.693s] INFO:colcon.colcon_core.shell:Creating package script '/home/waesco704/ydlidar_ws/install/lidar_test/share/lidar_test/package.zsh'
[1.695s] Level 1:colcon.colcon_core.environment:create_file_with_runtime_dependencies(/home/waesco704/ydlidar_ws/install/lidar_test/share/colcon-core/packages/lidar_test)
[1.699s] WARNING:colcon.colcon_cmake.task.cmake.build:Could not run installation step for package 'lidar_manual' because it has no 'install' target
[1.699s] Level 1:colcon.colcon_core.environment:create_environment_scripts_only(lidar_manual)
[1.700s] Level 1:colcon.colcon_core.environment:checking '/home/waesco704/ydlidar_ws/install/lidar_manual' for CMake module files
[1.702s] DEBUG:colcon.colcon_core.event_handler.log_command:Invoked command in '/home/waesco704/ydlidar_ws/build/lidar_manual' returned '0': /usr/bin/cmake --build /home/waesco704/ydlidar_ws/build/lidar_manual -- -j8 -l8
[1.702s] Level 1:colcon.colcon_core.environment:checking '/home/waesco704/ydlidar_ws/install/lidar_manual' for CMake config files
[1.704s] Level 1:colcon.colcon_core.environment:checking '/home/waesco704/ydlidar_ws/install/lidar_manual/bin'
[1.704s] Level 1:colcon.colcon_core.environment:checking '/home/waesco704/ydlidar_ws/install/lidar_manual/lib/pkgconfig/lidar_manual.pc'
[1.705s] Level 1:colcon.colcon_core.environment:checking '/home/waesco704/ydlidar_ws/install/lidar_manual/lib/python3.10/site-packages'
[1.706s] Level 1:colcon.colcon_core.environment:checking '/home/waesco704/ydlidar_ws/install/lidar_manual/bin'
[1.706s] INFO:colcon.colcon_core.shell:Creating package script '/home/waesco704/ydlidar_ws/install/lidar_manual/share/lidar_manual/package.ps1'
[1.707s] INFO:colcon.colcon_core.shell:Creating package descriptor '/home/waesco704/ydlidar_ws/install/lidar_manual/share/lidar_manual/package.dsv'
[1.708s] INFO:colcon.colcon_core.shell:Creating package script '/home/waesco704/ydlidar_ws/install/lidar_manual/share/lidar_manual/package.sh'
[1.710s] INFO:colcon.colcon_core.shell:Creating package script '/home/waesco704/ydlidar_ws/install/lidar_manual/share/lidar_manual/package.bash'
[1.711s] INFO:colcon.colcon_core.shell:Creating package script '/home/waesco704/ydlidar_ws/install/lidar_manual/share/lidar_manual/package.zsh'
[1.712s] Level 1:colcon.colcon_core.environment:create_file_with_runtime_dependencies(/home/waesco704/ydlidar_ws/install/lidar_manual/share/colcon-core/packages/lidar_manual)
[1.718s] DEBUG:colcon.colcon_core.event_handler.log_command:Invoked command in '/home/waesco704/ydlidar_ws/build/ydlidar_ros2_driver' returned '0': CMAKE_PREFIX_PATH=${CMAKE_PREFIX_PATH}:/home/waesco704/ydlidar_ws/install/my_robot:/opt/ros/humble /usr/bin/cmake --build /home/waesco704/ydlidar_ws/build/ydlidar_ros2_driver -- -j8 -l8
[1.734s] DEBUG:colcon.colcon_core.event_handler.log_command:Invoking command in '/home/waesco704/ydlidar_ws/build/ydlidar_ros2_driver': CMAKE_PREFIX_PATH=${CMAKE_PREFIX_PATH}:/home/waesco704/ydlidar_ws/install/my_robot:/opt/ros/humble /usr/bin/cmake --install /home/waesco704/ydlidar_ws/build/ydlidar_ros2_driver
[1.737s] DEBUG:colcon.colcon_core.event_handler.log_command:Invoked command in '/home/waesco704/ydlidar_ws/build/ydlidar_sdk' returned '0': /usr/bin/cmake --build /home/waesco704/ydlidar_ws/build/ydlidar_sdk -- -j8 -l8
[1.742s] DEBUG:colcon.colcon_core.event_handler.log_command:Invoking command in '/home/waesco704/ydlidar_ws/build/ydlidar_sdk': /usr/bin/cmake --install /home/waesco704/ydlidar_ws/build/ydlidar_sdk
[1.763s] Level 1:colcon.colcon_core.environment:create_environment_scripts_only(ydlidar_ros2_driver)
[1.764s] Level 1:colcon.colcon_core.environment:checking '/home/waesco704/ydlidar_ws/install/ydlidar_ros2_driver' for CMake module files
[1.773s] Level 1:colcon.colcon_core.environment:checking '/home/waesco704/ydlidar_ws/install/ydlidar_ros2_driver' for CMake config files
[1.776s] Level 1:colcon.colcon_core.shell:create_environment_hook('ydlidar_ros2_driver', 'cmake_prefix_path')
[1.777s] INFO:colcon.colcon_core.shell:Creating environment hook '/home/waesco704/ydlidar_ws/install/ydlidar_ros2_driver/share/ydlidar_ros2_driver/hook/cmake_prefix_path.ps1'
[1.780s] INFO:colcon.colcon_core.shell:Creating environment descriptor '/home/waesco704/ydlidar_ws/install/ydlidar_ros2_driver/share/ydlidar_ros2_driver/hook/cmake_prefix_path.dsv'
[1.782s] INFO:colcon.colcon_core.shell:Creating environment hook '/home/waesco704/ydlidar_ws/install/ydlidar_ros2_driver/share/ydlidar_ros2_driver/hook/cmake_prefix_path.sh'
[1.784s] Level 1:colcon.colcon_core.environment:checking '/home/waesco704/ydlidar_ws/install/ydlidar_ros2_driver/lib'
[1.785s] Level 1:colcon.colcon_core.environment:checking '/home/waesco704/ydlidar_ws/install/ydlidar_ros2_driver/bin'
[1.785s] Level 1:colcon.colcon_core.environment:checking '/home/waesco704/ydlidar_ws/install/ydlidar_ros2_driver/lib/pkgconfig/ydlidar_ros2_driver.pc'
[1.786s] Level 1:colcon.colcon_core.environment:checking '/home/waesco704/ydlidar_ws/install/ydlidar_ros2_driver/lib/python3.10/site-packages'
[1.786s] Level 1:colcon.colcon_core.environment:checking '/home/waesco704/ydlidar_ws/install/ydlidar_ros2_driver/bin'
[1.787s] INFO:colcon.colcon_core.shell:Creating package script '/home/waesco704/ydlidar_ws/install/ydlidar_ros2_driver/share/ydlidar_ros2_driver/package.ps1'
[1.789s] INFO:colcon.colcon_core.shell:Creating package descriptor '/home/waesco704/ydlidar_ws/install/ydlidar_ros2_driver/share/ydlidar_ros2_driver/package.dsv'
[1.791s] INFO:colcon.colcon_core.shell:Creating package script '/home/waesco704/ydlidar_ws/install/ydlidar_ros2_driver/share/ydlidar_ros2_driver/package.sh'
[1.792s] INFO:colcon.colcon_core.shell:Creating package script '/home/waesco704/ydlidar_ws/install/ydlidar_ros2_driver/share/ydlidar_ros2_driver/package.bash'
[1.794s] INFO:colcon.colcon_core.shell:Creating package script '/home/waesco704/ydlidar_ws/install/ydlidar_ros2_driver/share/ydlidar_ros2_driver/package.zsh'
[1.795s] Level 1:colcon.colcon_core.environment:create_file_with_runtime_dependencies(/home/waesco704/ydlidar_ws/install/ydlidar_ros2_driver/share/colcon-core/packages/ydlidar_ros2_driver)
[1.797s] Level 1:colcon.colcon_core.environment:create_environment_scripts_only(ydlidar_ros2_driver)
[1.798s] Level 1:colcon.colcon_core.environment:checking '/home/waesco704/ydlidar_ws/install/ydlidar_ros2_driver' for CMake module files
[1.801s] Level 1:colcon.colcon_core.environment:checking '/home/waesco704/ydlidar_ws/install/ydlidar_ros2_driver' for CMake config files
[1.803s] DEBUG:colcon.colcon_core.event_handler.log_command:Invoked command in '/home/waesco704/ydlidar_ws/build/ydlidar_ros2_driver' returned '0': CMAKE_PREFIX_PATH=${CMAKE_PREFIX_PATH}:/home/waesco704/ydlidar_ws/install/my_robot:/opt/ros/humble /usr/bin/cmake --install /home/waesco704/ydlidar_ws/build/ydlidar_ros2_driver
[1.804s] Level 1:colcon.colcon_core.shell:create_environment_hook('ydlidar_ros2_driver', 'cmake_prefix_path')
[1.804s] INFO:colcon.colcon_core.shell:Creating environment hook '/home/waesco704/ydlidar_ws/install/ydlidar_ros2_driver/share/ydlidar_ros2_driver/hook/cmake_prefix_path.ps1'
[1.806s] INFO:colcon.colcon_core.shell:Creating environment descriptor '/home/waesco704/ydlidar_ws/install/ydlidar_ros2_driver/share/ydlidar_ros2_driver/hook/cmake_prefix_path.dsv'
[1.808s] INFO:colcon.colcon_core.shell:Creating environment hook '/home/waesco704/ydlidar_ws/install/ydlidar_ros2_driver/share/ydlidar_ros2_driver/hook/cmake_prefix_path.sh'
[1.810s] Level 1:colcon.colcon_core.environment:checking '/home/waesco704/ydlidar_ws/install/ydlidar_ros2_driver/lib'
[1.810s] Level 1:colcon.colcon_core.environment:checking '/home/waesco704/ydlidar_ws/install/ydlidar_ros2_driver/bin'
[1.810s] Level 1:colcon.colcon_core.environment:checking '/home/waesco704/ydlidar_ws/install/ydlidar_ros2_driver/lib/pkgconfig/ydlidar_ros2_driver.pc'
[1.811s] Level 1:colcon.colcon_core.environment:checking '/home/waesco704/ydlidar_ws/install/ydlidar_ros2_driver/lib/python3.10/site-packages'
[1.812s] Level 1:colcon.colcon_core.environment:checking '/home/waesco704/ydlidar_ws/install/ydlidar_ros2_driver/bin'
[1.813s] INFO:colcon.colcon_core.shell:Creating package script '/home/waesco704/ydlidar_ws/install/ydlidar_ros2_driver/share/ydlidar_ros2_driver/package.ps1'
[1.815s] INFO:colcon.colcon_core.shell:Creating package descriptor '/home/waesco704/ydlidar_ws/install/ydlidar_ros2_driver/share/ydlidar_ros2_driver/package.dsv'
[1.817s] INFO:colcon.colcon_core.shell:Creating package script '/home/waesco704/ydlidar_ws/install/ydlidar_ros2_driver/share/ydlidar_ros2_driver/package.sh'
[1.819s] INFO:colcon.colcon_core.shell:Creating package script '/home/waesco704/ydlidar_ws/install/ydlidar_ros2_driver/share/ydlidar_ros2_driver/package.bash'
[1.821s] INFO:colcon.colcon_core.shell:Creating package script '/home/waesco704/ydlidar_ws/install/ydlidar_ros2_driver/share/ydlidar_ros2_driver/package.zsh'
[1.823s] Level 1:colcon.colcon_core.environment:create_file_with_runtime_dependencies(/home/waesco704/ydlidar_ws/install/ydlidar_ros2_driver/share/colcon-core/packages/ydlidar_ros2_driver)
[1.825s] Level 1:colcon.colcon_core.environment:create_environment_scripts_only(ydlidar_sdk)
[1.825s] Level 1:colcon.colcon_core.environment:checking '/home/waesco704/ydlidar_ws/install/ydlidar_sdk' for CMake module files
[1.827s] DEBUG:colcon.colcon_core.event_handler.log_command:Invoked command in '/home/waesco704/ydlidar_ws/build/ydlidar_sdk' returned '0': /usr/bin/cmake --install /home/waesco704/ydlidar_ws/build/ydlidar_sdk
[1.827s] Level 1:colcon.colcon_core.environment:checking '/home/waesco704/ydlidar_ws/install/ydlidar_sdk' for CMake config files
[1.828s] Level 1:colcon.colcon_core.shell:create_environment_hook('ydlidar_sdk', 'cmake_prefix_path')
[1.828s] INFO:colcon.colcon_core.shell:Creating environment hook '/home/waesco704/ydlidar_ws/install/ydlidar_sdk/share/ydlidar_sdk/hook/cmake_prefix_path.ps1'
[1.830s] INFO:colcon.colcon_core.shell:Creating environment descriptor '/home/waesco704/ydlidar_ws/install/ydlidar_sdk/share/ydlidar_sdk/hook/cmake_prefix_path.dsv'
[1.831s] INFO:colcon.colcon_core.shell:Creating environment hook '/home/waesco704/ydlidar_ws/install/ydlidar_sdk/share/ydlidar_sdk/hook/cmake_prefix_path.sh'
[1.832s] Level 1:colcon.colcon_core.environment:checking '/home/waesco704/ydlidar_ws/install/ydlidar_sdk/lib'
[1.832s] Level 1:colcon.colcon_core.environment:checking '/home/waesco704/ydlidar_ws/install/ydlidar_sdk/bin'
[1.833s] Level 1:colcon.colcon_core.shell:create_environment_hook('ydlidar_sdk', 'path')
[1.833s] INFO:colcon.colcon_core.shell:Creating environment hook '/home/waesco704/ydlidar_ws/install/ydlidar_sdk/share/ydlidar_sdk/hook/path.ps1'
[1.834s] INFO:colcon.colcon_core.shell:Creating environment descriptor '/home/waesco704/ydlidar_ws/install/ydlidar_sdk/share/ydlidar_sdk/hook/path.dsv'
[1.835s] INFO:colcon.colcon_core.shell:Creating environment hook '/home/waesco704/ydlidar_ws/install/ydlidar_sdk/share/ydlidar_sdk/hook/path.sh'
[1.836s] Level 1:colcon.colcon_core.environment:checking '/home/waesco704/ydlidar_ws/install/ydlidar_sdk/lib/pkgconfig/ydlidar_sdk.pc'
[1.836s] Level 1:colcon.colcon_core.environment:checking '/home/waesco704/ydlidar_ws/install/ydlidar_sdk/lib/python3.10/site-packages'
[1.837s] Level 1:colcon.colcon_core.environment:checking '/home/waesco704/ydlidar_ws/install/ydlidar_sdk/bin'
[1.837s] Level 1:colcon.colcon_core.shell:create_environment_hook('ydlidar_sdk', 'pythonscriptspath')
[1.838s] INFO:colcon.colcon_core.shell:Creating environment hook '/home/waesco704/ydlidar_ws/install/ydlidar_sdk/share/ydlidar_sdk/hook/pythonscriptspath.ps1'
[1.839s] INFO:colcon.colcon_core.shell:Creating environment descriptor '/home/waesco704/ydlidar_ws/install/ydlidar_sdk/share/ydlidar_sdk/hook/pythonscriptspath.dsv'
[1.839s] INFO:colcon.colcon_core.shell:Creating environment hook '/home/waesco704/ydlidar_ws/install/ydlidar_sdk/share/ydlidar_sdk/hook/pythonscriptspath.sh'
[1.841s] INFO:colcon.colcon_core.shell:Creating package script '/home/waesco704/ydlidar_ws/install/ydlidar_sdk/share/ydlidar_sdk/package.ps1'
[1.842s] INFO:colcon.colcon_core.shell:Creating package descriptor '/home/waesco704/ydlidar_ws/install/ydlidar_sdk/share/ydlidar_sdk/package.dsv'
[1.843s] INFO:colcon.colcon_core.shell:Creating package script '/home/waesco704/ydlidar_ws/install/ydlidar_sdk/share/ydlidar_sdk/package.sh'
[1.844s] INFO:colcon.colcon_core.shell:Creating package script '/home/waesco704/ydlidar_ws/install/ydlidar_sdk/share/ydlidar_sdk/package.bash'
[1.845s] INFO:colcon.colcon_core.shell:Creating package script '/home/waesco704/ydlidar_ws/install/ydlidar_sdk/share/ydlidar_sdk/package.zsh'
[1.846s] Level 1:colcon.colcon_core.environment:create_file_with_runtime_dependencies(/home/waesco704/ydlidar_ws/install/ydlidar_sdk/share/colcon-core/packages/ydlidar_sdk)
[2.968s] DEBUG:colcon.colcon_core.event_handler.log_command:Invoking command in '/home/waesco704/ydlidar_ws/src/my_robot': PYTHONPATH=/home/waesco704/ydlidar_ws/build/my_robot/prefix_override:/home/waesco704/.local/lib/python3.10/site-packages/colcon_core/task/python/colcon_distutils_commands:/home/waesco704/ydlidar_ws/install/my_robot/lib/python3.10/site-packages:${PYTHONPATH} /usr/bin/python3 -W ignore:setup.py install is deprecated -W ignore:easy_install command is deprecated setup.py egg_info --egg-base ../../build/my_robot build --build-base /home/waesco704/ydlidar_ws/build/my_robot/build install --record /home/waesco704/ydlidar_ws/build/my_robot/install.log --single-version-externally-managed install_data
[2.978s] DEBUG:colcon.colcon_core.event_handler.log_command:Invoking command in '/home/waesco704/ydlidar_ws/src/yolo_testing': PYTHONPATH=/home/waesco704/ydlidar_ws/build/yolo_testing/prefix_override:/home/waesco704/.local/lib/python3.10/site-packages/colcon_core/task/python/colcon_distutils_commands:/home/waesco704/ydlidar_ws/install/yolo_testing/lib/python3.10/site-packages:${PYTHONPATH} /usr/bin/python3 -W ignore:setup.py install is deprecated -W ignore:easy_install command is deprecated setup.py egg_info --egg-base ../../build/yolo_testing build --build-base /home/waesco704/ydlidar_ws/build/yolo_testing/build install --record /home/waesco704/ydlidar_ws/build/yolo_testing/install.log --single-version-externally-managed install_data
[4.104s] Level 1:colcon.colcon_core.environment:checking '/home/waesco704/ydlidar_ws/install/my_robot' for CMake module files
[4.105s] DEBUG:colcon.colcon_core.event_handler.log_command:Invoked command in '/home/waesco704/ydlidar_ws/src/my_robot' returned '0': PYTHONPATH=/home/waesco704/ydlidar_ws/build/my_robot/prefix_override:/home/waesco704/.local/lib/python3.10/site-packages/colcon_core/task/python/colcon_distutils_commands:/home/waesco704/ydlidar_ws/install/my_robot/lib/python3.10/site-packages:${PYTHONPATH} /usr/bin/python3 -W ignore:setup.py install is deprecated -W ignore:easy_install command is deprecated setup.py egg_info --egg-base ../../build/my_robot build --build-base /home/waesco704/ydlidar_ws/build/my_robot/build install --record /home/waesco704/ydlidar_ws/build/my_robot/install.log --single-version-externally-managed install_data
[4.106s] Level 1:colcon.colcon_core.environment:checking '/home/waesco704/ydlidar_ws/install/my_robot' for CMake config files
[4.108s] Level 1:colcon.colcon_core.environment:checking '/home/waesco704/ydlidar_ws/install/my_robot/lib'
[4.108s] Level 1:colcon.colcon_core.environment:checking '/home/waesco704/ydlidar_ws/install/my_robot/bin'
[4.109s] Level 1:colcon.colcon_core.environment:checking '/home/waesco704/ydlidar_ws/install/my_robot/lib/pkgconfig/my_robot.pc'
[4.110s] Level 1:colcon.colcon_core.environment:checking '/home/waesco704/ydlidar_ws/install/my_robot/lib/python3.10/site-packages'
[4.110s] Level 1:colcon.colcon_core.shell:create_environment_hook('my_robot', 'pythonpath')
[4.111s] INFO:colcon.colcon_core.shell:Creating environment hook '/home/waesco704/ydlidar_ws/install/my_robot/share/my_robot/hook/pythonpath.ps1'
[4.112s] INFO:colcon.colcon_core.shell:Creating environment descriptor '/home/waesco704/ydlidar_ws/install/my_robot/share/my_robot/hook/pythonpath.dsv'
[4.114s] INFO:colcon.colcon_core.shell:Creating environment hook '/home/waesco704/ydlidar_ws/install/my_robot/share/my_robot/hook/pythonpath.sh'
[4.116s] Level 1:colcon.colcon_core.environment:checking '/home/waesco704/ydlidar_ws/install/my_robot/bin'
[4.116s] Level 1:colcon.colcon_core.environment:create_environment_scripts_only(my_robot)
[4.118s] INFO:colcon.colcon_core.shell:Creating package script '/home/waesco704/ydlidar_ws/install/my_robot/share/my_robot/package.ps1'
[4.119s] INFO:colcon.colcon_core.shell:Creating package descriptor '/home/waesco704/ydlidar_ws/install/my_robot/share/my_robot/package.dsv'
[4.121s] INFO:colcon.colcon_core.shell:Creating package script '/home/waesco704/ydlidar_ws/install/my_robot/share/my_robot/package.sh'
[4.123s] INFO:colcon.colcon_core.shell:Creating package script '/home/waesco704/ydlidar_ws/install/my_robot/share/my_robot/package.bash'
[4.124s] INFO:colcon.colcon_core.shell:Creating package script '/home/waesco704/ydlidar_ws/install/my_robot/share/my_robot/package.zsh'
[4.125s] Level 1:colcon.colcon_core.environment:create_file_with_runtime_dependencies(/home/waesco704/ydlidar_ws/install/my_robot/share/colcon-core/packages/my_robot)
[4.130s] Level 1:colcon.colcon_core.environment:checking '/home/waesco704/ydlidar_ws/install/yolo_testing' for CMake module files
[4.132s] DEBUG:colcon.colcon_core.event_handler.log_command:Invoked command in '/home/waesco704/ydlidar_ws/src/yolo_testing' returned '0': PYTHONPATH=/home/waesco704/ydlidar_ws/build/yolo_testing/prefix_override:/home/waesco704/.local/lib/python3.10/site-packages/colcon_core/task/python/colcon_distutils_commands:/home/waesco704/ydlidar_ws/install/yolo_testing/lib/python3.10/site-packages:${PYTHONPATH} /usr/bin/python3 -W ignore:setup.py install is deprecated -W ignore:easy_install command is deprecated setup.py egg_info --egg-base ../../build/yolo_testing build --build-base /home/waesco704/ydlidar_ws/build/yolo_testing/build install --record /home/waesco704/ydlidar_ws/build/yolo_testing/install.log --single-version-externally-managed install_data
[4.132s] Level 1:colcon.colcon_core.environment:checking '/home/waesco704/ydlidar_ws/install/yolo_testing' for CMake config files
[4.134s] Level 1:colcon.colcon_core.environment:checking '/home/waesco704/ydlidar_ws/install/yolo_testing/lib'
[4.135s] Level 1:colcon.colcon_core.environment:checking '/home/waesco704/ydlidar_ws/install/yolo_testing/bin'
[4.135s] Level 1:colcon.colcon_core.environment:checking '/home/waesco704/ydlidar_ws/install/yolo_testing/lib/pkgconfig/yolo_testing.pc'
[4.136s] Level 1:colcon.colcon_core.environment:checking '/home/waesco704/ydlidar_ws/install/yolo_testing/lib/python3.10/site-packages'
[4.136s] Level 1:colcon.colcon_core.shell:create_environment_hook('yolo_testing', 'pythonpath')
[4.137s] INFO:colcon.colcon_core.shell:Creating environment hook '/home/waesco704/ydlidar_ws/install/yolo_testing/share/yolo_testing/hook/pythonpath.ps1'
[4.139s] INFO:colcon.colcon_core.shell:Creating environment descriptor '/home/waesco704/ydlidar_ws/install/yolo_testing/share/yolo_testing/hook/pythonpath.dsv'
[4.140s] INFO:colcon.colcon_core.shell:Creating environment hook '/home/waesco704/ydlidar_ws/install/yolo_testing/share/yolo_testing/hook/pythonpath.sh'
[4.142s] Level 1:colcon.colcon_core.environment:checking '/home/waesco704/ydlidar_ws/install/yolo_testing/bin'
[4.143s] Level 1:colcon.colcon_core.environment:create_environment_scripts_only(yolo_testing)
[4.144s] INFO:colcon.colcon_core.shell:Creating package script '/home/waesco704/ydlidar_ws/install/yolo_testing/share/yolo_testing/package.ps1'
[4.146s] INFO:colcon.colcon_core.shell:Creating package descriptor '/home/waesco704/ydlidar_ws/install/yolo_testing/share/yolo_testing/package.dsv'
[4.147s] INFO:colcon.colcon_core.shell:Creating package script '/home/waesco704/ydlidar_ws/install/yolo_testing/share/yolo_testing/package.sh'
[4.149s] INFO:colcon.colcon_core.shell:Creating package script '/home/waesco704/ydlidar_ws/install/yolo_testing/share/yolo_testing/package.bash'
[4.150s] INFO:colcon.colcon_core.shell:Creating package script '/home/waesco704/ydlidar_ws/install/yolo_testing/share/yolo_testing/package.zsh'
[4.151s] Level 1:colcon.colcon_core.environment:create_file_with_runtime_dependencies(/home/waesco704/ydlidar_ws/install/yolo_testing/share/colcon-core/packages/yolo_testing)
[4.152s] DEBUG:colcon.colcon_parallel_executor.executor.parallel:closing loop
[4.153s] DEBUG:colcon.colcon_parallel_executor.executor.parallel:loop closed
[4.154s] DEBUG:colcon.colcon_parallel_executor.executor.parallel:run_until_complete finished with '0'
[4.154s] DEBUG:colcon.colcon_core.event_reactor:joining thread
[4.174s] INFO:colcon.colcon_core.plugin_system:Skipping extension 'colcon_notification.desktop_notification.terminal_notifier': Not used on non-Darwin systems
[4.174s] INFO:colcon.colcon_core.plugin_system:Skipping extension 'colcon_notification.desktop_notification.win32': Not used on non-Windows systems
[4.174s] INFO:colcon.colcon_notification.desktop_notification:Sending desktop notification using 'notify2'
[4.226s] DEBUG:colcon.colcon_core.event_reactor:joined thread
[4.227s] INFO:colcon.colcon_core.shell:Creating prefix script '/home/waesco704/ydlidar_ws/install/local_setup.ps1'
[4.231s] INFO:colcon.colcon_core.shell:Creating prefix util module '/home/waesco704/ydlidar_ws/install/_local_setup_util_ps1.py'
[4.236s] INFO:colcon.colcon_core.shell:Creating prefix chain script '/home/waesco704/ydlidar_ws/install/setup.ps1'
[4.240s] INFO:colcon.colcon_core.shell:Creating prefix script '/home/waesco704/ydlidar_ws/install/local_setup.sh'
[4.242s] INFO:colcon.colcon_core.shell:Creating prefix util module '/home/waesco704/ydlidar_ws/install/_local_setup_util_sh.py'
[4.244s] INFO:colcon.colcon_core.shell:Creating prefix chain script '/home/waesco704/ydlidar_ws/install/setup.sh'
[4.248s] INFO:colcon.colcon_core.shell:Creating prefix script '/home/waesco704/ydlidar_ws/install/local_setup.bash'
[4.249s] INFO:colcon.colcon_core.shell:Creating prefix chain script '/home/waesco704/ydlidar_ws/install/setup.bash'
[4.252s] INFO:colcon.colcon_core.shell:Creating prefix script '/home/waesco704/ydlidar_ws/install/local_setup.zsh'
[4.254s] INFO:colcon.colcon_core.shell:Creating prefix chain script '/home/waesco704/ydlidar_ws/install/setup.zsh'
