/home/waesco704/ydlidar_ws/install/my_robot/lib/python3.10/site-packages/my_robot/reactive_avoidance.py
/home/waesco704/ydlidar_ws/install/my_robot/lib/python3.10/site-packages/my_robot/serial_bridge.py
/home/waesco704/ydlidar_ws/install/my_robot/lib/python3.10/site-packages/my_robot/cmd_vel_bridge.py
/home/waesco704/ydlidar_ws/install/my_robot/lib/python3.10/site-packages/my_robot/__init__.py
/home/waesco704/ydlidar_ws/install/my_robot/lib/python3.10/site-packages/my_robot/lidar_processor.py
/home/waesco704/ydlidar_ws/install/my_robot/lib/python3.10/site-packages/my_robot/__pycache__/reactive_avoidance.cpython-310.pyc
/home/waesco704/ydlidar_ws/install/my_robot/lib/python3.10/site-packages/my_robot/__pycache__/serial_bridge.cpython-310.pyc
/home/waesco704/ydlidar_ws/install/my_robot/lib/python3.10/site-packages/my_robot/__pycache__/cmd_vel_bridge.cpython-310.pyc
/home/waesco704/ydlidar_ws/install/my_robot/lib/python3.10/site-packages/my_robot/__pycache__/__init__.cpython-310.pyc
/home/waesco704/ydlidar_ws/install/my_robot/lib/python3.10/site-packages/my_robot/__pycache__/lidar_processor.cpython-310.pyc
/home/waesco704/ydlidar_ws/install/my_robot/share/ament_index/resource_index/packages/my_robot
/home/waesco704/ydlidar_ws/install/my_robot/share/my_robot/package.xml
/home/waesco704/ydlidar_ws/install/my_robot/share/my_robot/launch/bringup_slam.launch.py
/home/waesco704/ydlidar_ws/install/my_robot/share/my_robot/launch/bringup_localization.launch.py
/home/waesco704/ydlidar_ws/install/my_robot/share/my_robot/launch/bringup_navigation.launch.py
/home/waesco704/ydlidar_ws/install/my_robot/share/my_robot/config/slam_params_online_async.yaml
/home/waesco704/ydlidar_ws/install/my_robot/share/my_robot/config/localization_params.yaml
/home/waesco704/ydlidar_ws/install/my_robot/share/my_robot/config/nav2_params.yaml
/home/waesco704/ydlidar_ws/install/my_robot/share/my_robot/config/ydlidar_slam_view.rviz
/home/waesco704/ydlidar_ws/install/my_robot/share/my_robot/config/navigation_view.rviz
/home/waesco704/ydlidar_ws/install/my_robot/lib/python3.10/site-packages/my_robot-0.0.0-py3.10.egg-info/zip-safe
/home/waesco704/ydlidar_ws/install/my_robot/lib/python3.10/site-packages/my_robot-0.0.0-py3.10.egg-info/PKG-INFO
/home/waesco704/ydlidar_ws/install/my_robot/lib/python3.10/site-packages/my_robot-0.0.0-py3.10.egg-info/top_level.txt
/home/waesco704/ydlidar_ws/install/my_robot/lib/python3.10/site-packages/my_robot-0.0.0-py3.10.egg-info/requires.txt
/home/waesco704/ydlidar_ws/install/my_robot/lib/python3.10/site-packages/my_robot-0.0.0-py3.10.egg-info/SOURCES.txt
/home/waesco704/ydlidar_ws/install/my_robot/lib/python3.10/site-packages/my_robot-0.0.0-py3.10.egg-info/entry_points.txt
/home/waesco704/ydlidar_ws/install/my_robot/lib/python3.10/site-packages/my_robot-0.0.0-py3.10.egg-info/dependency_links.txt
/home/waesco704/ydlidar_ws/install/my_robot/lib/my_robot/cmd_vel_bridge
/home/waesco704/ydlidar_ws/install/my_robot/lib/my_robot/reactive_avoidance
/home/waesco704/ydlidar_ws/install/my_robot/lib/my_robot/serial_bridge
