[0.523s] Invoking command in '/home/waesco704/ydlidar_ws/build/ydlidar_sdk': /usr/bin/cmake --build /home/waesco704/ydlidar_ws/build/ydlidar_sdk -- -j8 -l8
[0.629s] [ 38%] Built target ydlidar_sdk
[0.678s] [ 41%] Built target gs_ota
[0.679s] [ 45%] Built target gs_test2
[0.681s] [ 49%] Built target sdm18_test
[0.687s] [ 52%] Built target gs_test
[0.690s] [ 56%] Built target sdm_test
[0.690s] [ 60%] Built target et_test
[0.693s] [ 63%] Built target scl_test
[0.694s] [ 67%] Built target gs_restart
[0.739s] [ 70%] Built target tia_test
[0.739s] [ 74%] Built target tof_test
[0.740s] [ 81%] Built target tmini-sh_test
[0.740s] [ 81%] Built target tri_restart
[0.742s] [ 85%] Built target tea_test
[0.749s] [ 89%] Built target tmini_test
[0.756s] [ 92%] Built target tri_test
[0.758s] [ 96%] Built target tri_and_gs_test
[0.779s] [100%] Built target lidar_c_api_test
[1.148s] Invoked command in '/home/waesco704/ydlidar_ws/build/ydlidar_sdk' returned '0': /usr/bin/cmake --build /home/waesco704/ydlidar_ws/build/ydlidar_sdk -- -j8 -l8
[1.152s] Invoking command in '/home/waesco704/ydlidar_ws/build/ydlidar_sdk': /usr/bin/cmake --install /home/waesco704/ydlidar_ws/build/ydlidar_sdk
[1.179s] -- Install configuration: ""
[1.183s] -- Up-to-date: /home/waesco704/ydlidar_ws/install/ydlidar_sdk/include/core/base/datatype.h
[1.183s] -- Up-to-date: /home/waesco704/ydlidar_ws/install/ydlidar_sdk/include/core/base/locker.h
[1.183s] -- Up-to-date: /home/waesco704/ydlidar_ws/install/ydlidar_sdk/include/core/base/thread.h
[1.184s] -- Up-to-date: /home/waesco704/ydlidar_ws/install/ydlidar_sdk/include/core/base/timer.h
[1.184s] -- Up-to-date: /home/waesco704/ydlidar_ws/install/ydlidar_sdk/include/core/base/typedef.h
[1.184s] -- Up-to-date: /home/waesco704/ydlidar_ws/install/ydlidar_sdk/include/core/base/utils.h
[1.185s] -- Up-to-date: /home/waesco704/ydlidar_ws/install/ydlidar_sdk/include/core/base/v8stdint.h
[1.185s] -- Up-to-date: /home/waesco704/ydlidar_ws/install/ydlidar_sdk/include/core/base/ydlidar.h
[1.186s] -- Up-to-date: /home/waesco704/ydlidar_ws/install/ydlidar_sdk/include/core/common/ChannelDevice.h
[1.186s] -- Up-to-date: /home/waesco704/ydlidar_ws/install/ydlidar_sdk/include/core/common/DriverInterface.h
[1.186s] -- Up-to-date: /home/waesco704/ydlidar_ws/install/ydlidar_sdk/include/core/common/ydlidar_datatype.h
[1.186s] -- Up-to-date: /home/waesco704/ydlidar_ws/install/ydlidar_sdk/include/core/common/ydlidar_def.h
[1.187s] -- Up-to-date: /home/waesco704/ydlidar_ws/install/ydlidar_sdk/include/core/common/ydlidar_help.h
[1.187s] -- Up-to-date: /home/waesco704/ydlidar_ws/install/ydlidar_sdk/include/core/common/ydlidar_protocol.h
[1.188s] -- Up-to-date: /home/waesco704/ydlidar_ws/install/ydlidar_sdk/include/core/json/cJSON.h
[1.188s] -- Up-to-date: /home/waesco704/ydlidar_ws/install/ydlidar_sdk/include/core/math/angles.h
[1.189s] -- Up-to-date: /home/waesco704/ydlidar_ws/install/ydlidar_sdk/include/core/network/ActiveSocket.h
[1.189s] -- Up-to-date: /home/waesco704/ydlidar_ws/install/ydlidar_sdk/include/core/network/PassiveSocket.h
[1.189s] -- Up-to-date: /home/waesco704/ydlidar_ws/install/ydlidar_sdk/include/core/network/SimpleSocket.h
[1.190s] -- Up-to-date: /home/waesco704/ydlidar_ws/install/ydlidar_sdk/include/core/network/StatTimer.h
[1.190s] -- Up-to-date: /home/waesco704/ydlidar_ws/install/ydlidar_sdk/include/core/serial/common.h
[1.190s] -- Up-to-date: /home/waesco704/ydlidar_ws/install/ydlidar_sdk/include/core/serial/serial.h
[1.190s] -- Up-to-date: /home/waesco704/ydlidar_ws/install/ydlidar_sdk/include/core/serial/impl/unix/lock.h
[1.190s] -- Up-to-date: /home/waesco704/ydlidar_ws/install/ydlidar_sdk/include/core/serial/impl/unix/unix.h
[1.191s] -- Up-to-date: /home/waesco704/ydlidar_ws/install/ydlidar_sdk/include/core/serial/impl/unix/unix_serial.h
[1.191s] -- Up-to-date: /home/waesco704/ydlidar_ws/install/ydlidar_sdk/include/src/CYdLidar.h
[1.192s] -- Up-to-date: /home/waesco704/ydlidar_ws/install/ydlidar_sdk/include/src/DTSLidarDriver.h
[1.192s] -- Up-to-date: /home/waesco704/ydlidar_ws/install/ydlidar_sdk/include/src/ETLidarDriver.h
[1.193s] -- Up-to-date: /home/waesco704/ydlidar_ws/install/ydlidar_sdk/include/src/GSLidarDriver.h
[1.193s] -- Up-to-date: /home/waesco704/ydlidar_ws/install/ydlidar_sdk/include/src/SDMLidarDriver.h
[1.194s] -- Up-to-date: /home/waesco704/ydlidar_ws/install/ydlidar_sdk/include/src/TiaLidarDriver.h
[1.194s] -- Up-to-date: /home/waesco704/ydlidar_ws/install/ydlidar_sdk/include/src/YDlidarDriver.h
[1.194s] -- Up-to-date: /home/waesco704/ydlidar_ws/install/ydlidar_sdk/include/src/ydlidar_sdk.h
[1.194s] -- Up-to-date: /home/waesco704/ydlidar_ws/install/ydlidar_sdk/include/src/filters/FilterInterface.h
[1.195s] -- Up-to-date: /home/waesco704/ydlidar_ws/install/ydlidar_sdk/include/src/filters/NoiseFilter.h
[1.195s] -- Up-to-date: /home/waesco704/ydlidar_ws/install/ydlidar_sdk/include/src/filters/StrongLightFilter.h
[1.196s] -- Up-to-date: /home/waesco704/ydlidar_ws/install/ydlidar_sdk/include/ydlidar_config.h
[1.197s] -- Up-to-date: /home/waesco704/ydlidar_ws/install/ydlidar_sdk/lib/libydlidar_sdk.a
[1.197s] -- Up-to-date: /home/waesco704/ydlidar_ws/install/ydlidar_sdk/lib/pkgconfig/YDLIDAR_SDK.pc
[1.198s] -- Up-to-date: /home/waesco704/ydlidar_ws/install/ydlidar_sdk/lib/cmake/ydlidar_sdk/ydlidar_sdkConfig.cmake
[1.199s] -- Up-to-date: /home/waesco704/ydlidar_ws/install/ydlidar_sdk/lib/cmake/ydlidar_sdk/ydlidar_sdkTargets.cmake
[1.199s] -- Up-to-date: /home/waesco704/ydlidar_ws/install/ydlidar_sdk/lib/cmake/ydlidar_sdk/ydlidar_sdkConfigVersion.cmake
[1.200s] -- Up-to-date: /home/waesco704/ydlidar_ws/install/ydlidar_sdk/share/YDLIDAR_SDK/FindYDLIDAR_SDK.cmake
[1.200s] -- Up-to-date: /home/waesco704/ydlidar_ws/install/ydlidar_sdk/share/YDLIDAR_SDK
[1.200s] -- Up-to-date: /home/waesco704/ydlidar_ws/install/ydlidar_sdk/share/YDLIDAR_SDK/install_package.cmake
[1.200s] -- Up-to-date: /home/waesco704/ydlidar_ws/install/ydlidar_sdk/share/YDLIDAR_SDK/PackageConfigVersion.cmake.in
[1.201s] -- Up-to-date: /home/waesco704/ydlidar_ws/install/ydlidar_sdk/share/YDLIDAR_SDK/cmake_uninstall.cmake.in
[1.201s] -- Up-to-date: /home/waesco704/ydlidar_ws/install/ydlidar_sdk/share/YDLIDAR_SDK/FindPackage.cmake.in
[1.201s] -- Up-to-date: /home/waesco704/ydlidar_ws/install/ydlidar_sdk/share/YDLIDAR_SDK/PackageConfig.cmake.in
[1.202s] -- Up-to-date: /home/waesco704/ydlidar_ws/install/ydlidar_sdk/share/YDLIDAR_SDK/script_show_final_summary.cmake
[1.202s] -- Up-to-date: /home/waesco704/ydlidar_ws/install/ydlidar_sdk/share/YDLIDAR_SDK/common
[1.203s] -- Up-to-date: /home/waesco704/ydlidar_ws/install/ydlidar_sdk/share/YDLIDAR_SDK/common/ydlidar_base.cmake
[1.203s] -- Up-to-date: /home/waesco704/ydlidar_ws/install/ydlidar_sdk/share/YDLIDAR_SDK/common/ydlidar_parse.cmake
[1.203s] -- Up-to-date: /home/waesco704/ydlidar_ws/install/ydlidar_sdk/share/YDLIDAR_SDK/PkgConfig.pc.in
[1.203s] -- Up-to-date: /home/waesco704/ydlidar_ws/install/ydlidar_sdk/share/YDLIDAR_SDK/LICENSE.txt
[1.204s] -- Up-to-date: /home/waesco704/ydlidar_ws/install/ydlidar_sdk/share/YDLIDAR_SDK/README.md
[1.204s] -- Up-to-date: /home/waesco704/ydlidar_ws/install/ydlidar_sdk/share/YDLIDAR_SDK/doc
[1.204s] -- Up-to-date: /home/waesco704/ydlidar_ws/install/ydlidar_sdk/share/YDLIDAR_SDK/doc/SDK.pdf
[1.205s] -- Up-to-date: /home/waesco704/ydlidar_ws/install/ydlidar_sdk/share/YDLIDAR_SDK/doc/tutorials
[1.205s] -- Up-to-date: /home/waesco704/ydlidar_ws/install/ydlidar_sdk/share/YDLIDAR_SDK/doc/tutorials/writing_lidar_network_adapter_tutorial_c++.md
[1.205s] -- Up-to-date: /home/waesco704/ydlidar_ws/install/ydlidar_sdk/share/YDLIDAR_SDK/doc/tutorials/writing_lidar_tutorial_c++.md
[1.206s] -- Up-to-date: /home/waesco704/ydlidar_ws/install/ydlidar_sdk/share/YDLIDAR_SDK/doc/tutorials/examine_the_simple_lidar_tutorial.md
[1.206s] -- Up-to-date: /home/waesco704/ydlidar_ws/install/ydlidar_sdk/share/YDLIDAR_SDK/doc/tutorials/writing_lidar_tutorial_python.md
[1.206s] -- Up-to-date: /home/waesco704/ydlidar_ws/install/ydlidar_sdk/share/YDLIDAR_SDK/doc/tutorials/writing_lidar_tutorial_c.md
[1.206s] -- Up-to-date: /home/waesco704/ydlidar_ws/install/ydlidar_sdk/share/YDLIDAR_SDK/doc/README.md
[1.207s] -- Up-to-date: /home/waesco704/ydlidar_ws/install/ydlidar_sdk/share/YDLIDAR_SDK/doc/FAQs
[1.207s] -- Up-to-date: /home/waesco704/ydlidar_ws/install/ydlidar_sdk/share/YDLIDAR_SDK/doc/FAQs/Hardware_FAQs.md
[1.207s] -- Up-to-date: /home/waesco704/ydlidar_ws/install/ydlidar_sdk/share/YDLIDAR_SDK/doc/FAQs/Hardware_FAQs_cn.md
[1.208s] -- Up-to-date: /home/waesco704/ydlidar_ws/install/ydlidar_sdk/share/YDLIDAR_SDK/doc/FAQs/README.md
[1.209s] -- Up-to-date: /home/waesco704/ydlidar_ws/install/ydlidar_sdk/share/YDLIDAR_SDK/doc/FAQs/General_FAQs_cn.md
[1.209s] -- Up-to-date: /home/waesco704/ydlidar_ws/install/ydlidar_sdk/share/YDLIDAR_SDK/doc/FAQs/General_FAQs.md
[1.209s] -- Up-to-date: /home/waesco704/ydlidar_ws/install/ydlidar_sdk/share/YDLIDAR_SDK/doc/FAQs/Software_FAQs.md
[1.210s] -- Up-to-date: /home/waesco704/ydlidar_ws/install/ydlidar_sdk/share/YDLIDAR_SDK/doc/FAQs/Software_FAQs_cn.md
[1.210s] -- Up-to-date: /home/waesco704/ydlidar_ws/install/ydlidar_sdk/share/YDLIDAR_SDK/doc/YDLidar-SDK-Communication-Protocol.pdf
[1.210s] -- Up-to-date: /home/waesco704/ydlidar_ws/install/ydlidar_sdk/share/YDLIDAR_SDK/doc/Tutorials.md
[1.210s] -- Up-to-date: /home/waesco704/ydlidar_ws/install/ydlidar_sdk/share/YDLIDAR_SDK/doc/images
[1.210s] -- Up-to-date: /home/waesco704/ydlidar_ws/install/ydlidar_sdk/share/YDLIDAR_SDK/doc/images/YDLidar.jpg
[1.211s] -- Up-to-date: /home/waesco704/ydlidar_ws/install/ydlidar_sdk/share/YDLIDAR_SDK/doc/images/EAI.png
[1.211s] -- Up-to-date: /home/waesco704/ydlidar_ws/install/ydlidar_sdk/share/YDLIDAR_SDK/doc/images/system_workflow.png
[1.211s] -- Up-to-date: /home/waesco704/ydlidar_ws/install/ydlidar_sdk/share/YDLIDAR_SDK/doc/images/sdk_init.png
[1.211s] -- Up-to-date: /home/waesco704/ydlidar_ws/install/ydlidar_sdk/share/YDLIDAR_SDK/doc/images/sdk_architecture.png
[1.212s] -- Up-to-date: /home/waesco704/ydlidar_ws/install/ydlidar_sdk/share/YDLIDAR_SDK/doc/images/communication_mechanism.png
[1.212s] -- Up-to-date: /home/waesco704/ydlidar_ws/install/ydlidar_sdk/share/YDLIDAR_SDK/doc/images/frame_intensity.png
[1.212s] -- Up-to-date: /home/waesco704/ydlidar_ws/install/ydlidar_sdk/share/YDLIDAR_SDK/doc/images/sequence.png
[1.212s] -- Up-to-date: /home/waesco704/ydlidar_ws/install/ydlidar_sdk/share/YDLIDAR_SDK/doc/images/YDLidar.png
[1.212s] -- Up-to-date: /home/waesco704/ydlidar_ws/install/ydlidar_sdk/share/YDLIDAR_SDK/doc/images/sdk_scanning.png
[1.213s] -- Up-to-date: /home/waesco704/ydlidar_ws/install/ydlidar_sdk/share/YDLIDAR_SDK/doc/images/angle_q2.png
[1.213s] -- Up-to-date: /home/waesco704/ydlidar_ws/install/ydlidar_sdk/share/YDLIDAR_SDK/doc/images/FlowChart.png
[1.213s] -- Up-to-date: /home/waesco704/ydlidar_ws/install/ydlidar_sdk/share/YDLIDAR_SDK/doc/images/frame.png
[1.213s] -- Up-to-date: /home/waesco704/ydlidar_ws/install/ydlidar_sdk/share/YDLIDAR_SDK/doc/Dataset.md
[1.213s] -- Up-to-date: /home/waesco704/ydlidar_ws/install/ydlidar_sdk/share/YDLIDAR_SDK/doc/Diagram.md
[1.214s] -- Up-to-date: /home/waesco704/ydlidar_ws/install/ydlidar_sdk/share/YDLIDAR_SDK/doc/YDLidar-SDK-Communication-Protocol.html
[1.214s] -- Up-to-date: /home/waesco704/ydlidar_ws/install/ydlidar_sdk/share/YDLIDAR_SDK/doc/YDLidar-SDK-Communication-Protocol.md
[1.214s] -- Up-to-date: /home/waesco704/ydlidar_ws/install/ydlidar_sdk/share/YDLIDAR_SDK/doc/howto
[1.215s] -- Up-to-date: /home/waesco704/ydlidar_ws/install/ydlidar_sdk/share/YDLIDAR_SDK/doc/howto/how_to_create_a_csharp_project.md
[1.216s] -- Up-to-date: /home/waesco704/ydlidar_ws/install/ydlidar_sdk/share/YDLIDAR_SDK/doc/howto/README.md
[1.216s] -- Up-to-date: /home/waesco704/ydlidar_ws/install/ydlidar_sdk/share/YDLIDAR_SDK/doc/howto/images
[1.216s] -- Up-to-date: /home/waesco704/ydlidar_ws/install/ydlidar_sdk/share/YDLIDAR_SDK/doc/howto/images/csharp_build.png
[1.217s] -- Up-to-date: /home/waesco704/ydlidar_ws/install/ydlidar_sdk/share/YDLIDAR_SDK/doc/howto/images/csharp_project.png
[1.217s] -- Up-to-date: /home/waesco704/ydlidar_ws/install/ydlidar_sdk/share/YDLIDAR_SDK/doc/howto/images/csharp_exception.png
[1.217s] -- Up-to-date: /home/waesco704/ydlidar_ws/install/ydlidar_sdk/share/YDLIDAR_SDK/doc/howto/images/csharp_library.png
[1.217s] -- Up-to-date: /home/waesco704/ydlidar_ws/install/ydlidar_sdk/share/YDLIDAR_SDK/doc/howto/images/sdk_init.png
[1.218s] -- Up-to-date: /home/waesco704/ydlidar_ws/install/ydlidar_sdk/share/YDLIDAR_SDK/doc/howto/images/csharp_running.png
[1.218s] -- Up-to-date: /home/waesco704/ydlidar_ws/install/ydlidar_sdk/share/YDLIDAR_SDK/doc/howto/images/vscode
[1.218s] -- Up-to-date: /home/waesco704/ydlidar_ws/install/ydlidar_sdk/share/YDLIDAR_SDK/doc/howto/images/vscode/tasks.png
[1.219s] -- Up-to-date: /home/waesco704/ydlidar_ws/install/ydlidar_sdk/share/YDLIDAR_SDK/doc/howto/images/vscode/run_tasks.jpg
[1.219s] -- Up-to-date: /home/waesco704/ydlidar_ws/install/ydlidar_sdk/share/YDLIDAR_SDK/doc/howto/images/cpack.png
[1.219s] -- Up-to-date: /home/waesco704/ydlidar_ws/install/ydlidar_sdk/share/YDLIDAR_SDK/doc/howto/images/ttyUSB1.png
[1.220s] -- Up-to-date: /home/waesco704/ydlidar_ws/install/ydlidar_sdk/share/YDLIDAR_SDK/doc/howto/images/ttyUSB0.png
[1.220s] -- Up-to-date: /home/waesco704/ydlidar_ws/install/ydlidar_sdk/share/YDLIDAR_SDK/doc/howto/images/ydlidar_lidar_monitor.png
[1.220s] -- Up-to-date: /home/waesco704/ydlidar_ws/install/ydlidar_sdk/share/YDLIDAR_SDK/doc/howto/images/sequence.png
[1.221s] -- Up-to-date: /home/waesco704/ydlidar_ws/install/ydlidar_sdk/share/YDLIDAR_SDK/doc/howto/images/sdk_scanning.png
[1.221s] -- Up-to-date: /home/waesco704/ydlidar_ws/install/ydlidar_sdk/share/YDLIDAR_SDK/doc/howto/how_to_create_a_udev_rules.md
[1.221s] -- Up-to-date: /home/waesco704/ydlidar_ws/install/ydlidar_sdk/share/YDLIDAR_SDK/doc/howto/how_to_build_and_install.md
[1.224s] -- Up-to-date: /home/waesco704/ydlidar_ws/install/ydlidar_sdk/share/YDLIDAR_SDK/doc/howto/how_to_build_and_debug_using_vscode.md
[1.224s] -- Up-to-date: /home/waesco704/ydlidar_ws/install/ydlidar_sdk/share/YDLIDAR_SDK/doc/howto/how_to_solve_slow_pull_from_cn.md
[1.225s] -- Up-to-date: /home/waesco704/ydlidar_ws/install/ydlidar_sdk/share/YDLIDAR_SDK/doc/howto/how_to_gerenrate_vs_project_by_cmake.md
[1.225s] -- Up-to-date: /home/waesco704/ydlidar_ws/install/ydlidar_sdk/share/YDLIDAR_SDK/doc/howto/how_to_create_a_pull.md
[1.226s] -- Up-to-date: /home/waesco704/ydlidar_ws/install/ydlidar_sdk/share/YDLIDAR_SDK/doc/YDLidar_SDK_Communication_Protocol.pdf
[1.226s] -- Up-to-date: /home/waesco704/ydlidar_ws/install/ydlidar_sdk/share/YDLIDAR_SDK/doc/quickstart
[1.226s] -- Up-to-date: /home/waesco704/ydlidar_ws/install/ydlidar_sdk/share/YDLIDAR_SDK/doc/quickstart/README.md
[1.227s] -- Up-to-date: /home/waesco704/ydlidar_ws/install/ydlidar_sdk/share/YDLIDAR_SDK/doc/quickstart/ydlidar_sdk_software_installation_guide.md
[1.227s] -- Up-to-date: /home/waesco704/ydlidar_ws/install/ydlidar_sdk/share/YDLIDAR_SDK/doc/YDLIDAR_SDK_API_for_Developers.md
[1.227s] -- Up-to-date: /home/waesco704/ydlidar_ws/install/ydlidar_sdk/startup/initenv.sh
[1.228s] -- Up-to-date: /home/waesco704/ydlidar_ws/install/ydlidar_sdk/bin/et_test
[1.228s] -- Up-to-date: /home/waesco704/ydlidar_ws/install/ydlidar_sdk/bin/gs_ota
[1.228s] -- Up-to-date: /home/waesco704/ydlidar_ws/install/ydlidar_sdk/bin/gs_restart
[1.229s] -- Up-to-date: /home/waesco704/ydlidar_ws/install/ydlidar_sdk/bin/gs_test
[1.229s] -- Up-to-date: /home/waesco704/ydlidar_ws/install/ydlidar_sdk/bin/gs_test2
[1.229s] -- Up-to-date: /home/waesco704/ydlidar_ws/install/ydlidar_sdk/bin/scl_test
[1.229s] -- Up-to-date: /home/waesco704/ydlidar_ws/install/ydlidar_sdk/bin/sdm18_test
[1.230s] -- Up-to-date: /home/waesco704/ydlidar_ws/install/ydlidar_sdk/bin/sdm_test
[1.230s] -- Up-to-date: /home/waesco704/ydlidar_ws/install/ydlidar_sdk/bin/tea_test
[1.231s] -- Up-to-date: /home/waesco704/ydlidar_ws/install/ydlidar_sdk/bin/tia_test
[1.232s] -- Up-to-date: /home/waesco704/ydlidar_ws/install/ydlidar_sdk/bin/tmini-sh_test
[1.232s] -- Up-to-date: /home/waesco704/ydlidar_ws/install/ydlidar_sdk/bin/tmini_test
[1.233s] -- Up-to-date: /home/waesco704/ydlidar_ws/install/ydlidar_sdk/bin/tof_test
[1.233s] -- Up-to-date: /home/waesco704/ydlidar_ws/install/ydlidar_sdk/bin/tri_and_gs_test
[1.233s] -- Up-to-date: /home/waesco704/ydlidar_ws/install/ydlidar_sdk/bin/tri_restart
[1.234s] -- Up-to-date: /home/waesco704/ydlidar_ws/install/ydlidar_sdk/bin/tri_test
[1.234s] -- Up-to-date: /home/waesco704/ydlidar_ws/install/ydlidar_sdk/bin/lidar_c_api_test
[1.237s] Invoked command in '/home/waesco704/ydlidar_ws/build/ydlidar_sdk' returned '0': /usr/bin/cmake --install /home/waesco704/ydlidar_ws/build/ydlidar_sdk
