running develop
running egg_info
writing my_robot.egg-info/PKG-INFO
writing dependency_links to my_robot.egg-info/dependency_links.txt
writing entry points to my_robot.egg-info/entry_points.txt
writing requirements to my_robot.egg-info/requires.txt
writing top-level names to my_robot.egg-info/top_level.txt
reading manifest file 'my_robot.egg-info/SOURCES.txt'
writing manifest file 'my_robot.egg-info/SOURCES.txt'
running build_ext
Creating /home/waesco704/ydlidar_ws/install/my_robot/lib/python3.10/site-packages/my-robot.egg-link (link to .)
Installing cmd_vel_bridge script to /home/waesco704/ydlidar_ws/install/my_robot/lib/my_robot
Installing reactive_avoidance script to /home/waesco704/ydlidar_ws/install/my_robot/lib/my_robot
Installing serial_bridge script to /home/waesco704/ydlidar_ws/install/my_robot/lib/my_robot

Installed /home/waesco704/ydlidar_ws/build/my_robot
running symlink_data
symbolically linking /home/waesco704/ydlidar_ws/build/my_robot/resource/my_robot -> /home/waesco704/ydlidar_ws/install/my_robot/share/ament_index/resource_index/packages
symbolically linking /home/waesco704/ydlidar_ws/build/my_robot/package.xml -> /home/waesco704/ydlidar_ws/install/my_robot/share/my_robot
symbolically linking /home/waesco704/ydlidar_ws/build/my_robot/launch/bringup_slam.launch.py -> /home/waesco704/ydlidar_ws/install/my_robot/share/my_robot/launch
symbolically linking /home/waesco704/ydlidar_ws/build/my_robot/launch/bringup_localization.launch.py -> /home/waesco704/ydlidar_ws/install/my_robot/share/my_robot/launch
symbolically linking /home/waesco704/ydlidar_ws/build/my_robot/launch/bringup_navigation.launch.py -> /home/waesco704/ydlidar_ws/install/my_robot/share/my_robot/launch
symbolically linking /home/waesco704/ydlidar_ws/build/my_robot/config/slam_params_online_async.yaml -> /home/waesco704/ydlidar_ws/install/my_robot/share/my_robot/config
symbolically linking /home/waesco704/ydlidar_ws/build/my_robot/config/localization_params.yaml -> /home/waesco704/ydlidar_ws/install/my_robot/share/my_robot/config
symbolically linking /home/waesco704/ydlidar_ws/build/my_robot/config/nav2_params.yaml -> /home/waesco704/ydlidar_ws/install/my_robot/share/my_robot/config
symbolically linking /home/waesco704/ydlidar_ws/build/my_robot/config/ydlidar_slam_view.rviz -> /home/waesco704/ydlidar_ws/install/my_robot/share/my_robot/config
symbolically linking /home/waesco704/ydlidar_ws/build/my_robot/config/navigation_view.rviz -> /home/waesco704/ydlidar_ws/install/my_robot/share/my_robot/config
