[2.415s] Invoking command in '/home/waesco704/ydlidar_ws/build/my_robot': PYTHONPATH=/home/waesco704/ydlidar_ws/build/my_robot/prefix_override:/home/waesco704/.local/lib/python3.10/site-packages/colcon_core/task/python/colcon_distutils_commands:/home/waesco704/ydlidar_ws/install/my_robot/lib/python3.10/site-packages:${PYTHONPATH} /usr/bin/python3 -W ignore:setup.py install is deprecated -W ignore:easy_install command is deprecated setup.py develop --editable --build-directory /home/waesco704/ydlidar_ws/build/my_robot/build --no-deps symlink_data --force
[3.142s] running develop
[3.609s] running egg_info
[3.644s] writing my_robot.egg-info/PKG-INFO
[3.645s] writing dependency_links to my_robot.egg-info/dependency_links.txt
[3.645s] writing entry points to my_robot.egg-info/entry_points.txt
[3.646s] writing requirements to my_robot.egg-info/requires.txt
[3.646s] writing top-level names to my_robot.egg-info/top_level.txt
[3.718s] reading manifest file 'my_robot.egg-info/SOURCES.txt'
[3.721s] writing manifest file 'my_robot.egg-info/SOURCES.txt'
[3.758s] running build_ext
[3.758s] Creating /home/waesco704/ydlidar_ws/install/my_robot/lib/python3.10/site-packages/my-robot.egg-link (link to .)
[3.760s] Installing cmd_vel_bridge script to /home/waesco704/ydlidar_ws/install/my_robot/lib/my_robot
[3.761s] Installing reactive_avoidance script to /home/waesco704/ydlidar_ws/install/my_robot/lib/my_robot
[3.761s] Installing serial_bridge script to /home/waesco704/ydlidar_ws/install/my_robot/lib/my_robot
[3.762s] 
[3.762s] Installed /home/waesco704/ydlidar_ws/build/my_robot
[3.762s] running symlink_data
[3.762s] symbolically linking /home/waesco704/ydlidar_ws/build/my_robot/resource/my_robot -> /home/waesco704/ydlidar_ws/install/my_robot/share/ament_index/resource_index/packages
[3.763s] symbolically linking /home/waesco704/ydlidar_ws/build/my_robot/package.xml -> /home/waesco704/ydlidar_ws/install/my_robot/share/my_robot
[3.763s] symbolically linking /home/waesco704/ydlidar_ws/build/my_robot/launch/bringup_slam.launch.py -> /home/waesco704/ydlidar_ws/install/my_robot/share/my_robot/launch
[3.764s] symbolically linking /home/waesco704/ydlidar_ws/build/my_robot/launch/bringup_localization.launch.py -> /home/waesco704/ydlidar_ws/install/my_robot/share/my_robot/launch
[3.764s] symbolically linking /home/waesco704/ydlidar_ws/build/my_robot/launch/bringup_navigation.launch.py -> /home/waesco704/ydlidar_ws/install/my_robot/share/my_robot/launch
[3.764s] symbolically linking /home/waesco704/ydlidar_ws/build/my_robot/config/slam_params_online_async.yaml -> /home/waesco704/ydlidar_ws/install/my_robot/share/my_robot/config
[3.765s] symbolically linking /home/waesco704/ydlidar_ws/build/my_robot/config/localization_params.yaml -> /home/waesco704/ydlidar_ws/install/my_robot/share/my_robot/config
[3.765s] symbolically linking /home/waesco704/ydlidar_ws/build/my_robot/config/nav2_params.yaml -> /home/waesco704/ydlidar_ws/install/my_robot/share/my_robot/config
[3.765s] symbolically linking /home/waesco704/ydlidar_ws/build/my_robot/config/ydlidar_slam_view.rviz -> /home/waesco704/ydlidar_ws/install/my_robot/share/my_robot/config
[3.766s] symbolically linking /home/waesco704/ydlidar_ws/build/my_robot/config/navigation_view.rviz -> /home/waesco704/ydlidar_ws/install/my_robot/share/my_robot/config
[3.863s] Invoked command in '/home/waesco704/ydlidar_ws/build/my_robot' returned '0': PYTHONPATH=/home/waesco704/ydlidar_ws/build/my_robot/prefix_override:/home/waesco704/.local/lib/python3.10/site-packages/colcon_core/task/python/colcon_distutils_commands:/home/waesco704/ydlidar_ws/install/my_robot/lib/python3.10/site-packages:${PYTHONPATH} /usr/bin/python3 -W ignore:setup.py install is deprecated -W ignore:easy_install command is deprecated setup.py develop --editable --build-directory /home/waesco704/ydlidar_ws/build/my_robot/build --no-deps symlink_data --force
