[1.764s] Invoking command in '/home/waesco704/ydlidar_ws/src/my_robot': PYTHONPATH=/home/waesco704/ydlidar_ws/build/my_robot/prefix_override:/home/waesco704/.local/lib/python3.10/site-packages/colcon_core/task/python/colcon_distutils_commands:/home/waesco704/ydlidar_ws/install/my_robot/lib/python3.10/site-packages:${PYTHONPATH} /usr/bin/python3 -W ignore:setup.py install is deprecated -W ignore:easy_install command is deprecated setup.py egg_info --egg-base ../../build/my_robot build --build-base /home/waesco704/ydlidar_ws/build/my_robot/build install --record /home/waesco704/ydlidar_ws/build/my_robot/install.log --single-version-externally-managed install_data
[2.291s] running egg_info
[2.324s] writing ../../build/my_robot/my_robot.egg-info/PKG-INFO
[2.326s] writing dependency_links to ../../build/my_robot/my_robot.egg-info/dependency_links.txt
[2.326s] writing entry points to ../../build/my_robot/my_robot.egg-info/entry_points.txt
[2.327s] writing requirements to ../../build/my_robot/my_robot.egg-info/requires.txt
[2.327s] writing top-level names to ../../build/my_robot/my_robot.egg-info/top_level.txt
[2.399s] reading manifest file '../../build/my_robot/my_robot.egg-info/SOURCES.txt'
[2.402s] writing manifest file '../../build/my_robot/my_robot.egg-info/SOURCES.txt'
[2.402s] running build
[2.402s] running build_py
[2.403s] copying my_robot/reactive_avoidance.py -> /home/waesco704/ydlidar_ws/build/my_robot/build/lib/my_robot
[2.404s] copying my_robot/serial_bridge.py -> /home/waesco704/ydlidar_ws/build/my_robot/build/lib/my_robot
[2.404s] copying my_robot/cmd_vel_bridge.py -> /home/waesco704/ydlidar_ws/build/my_robot/build/lib/my_robot
[2.404s] copying my_robot/__init__.py -> /home/waesco704/ydlidar_ws/build/my_robot/build/lib/my_robot
[2.405s] copying my_robot/lidar_processor.py -> /home/waesco704/ydlidar_ws/build/my_robot/build/lib/my_robot
[2.406s] running install
[2.414s] running install_lib
[2.449s] copying /home/waesco704/ydlidar_ws/build/my_robot/build/lib/my_robot/cmd_vel_bridge.py -> /home/waesco704/ydlidar_ws/install/my_robot/lib/python3.10/site-packages/my_robot
[2.450s] byte-compiling /home/waesco704/ydlidar_ws/install/my_robot/lib/python3.10/site-packages/my_robot/cmd_vel_bridge.py to cmd_vel_bridge.cpython-310.pyc
[2.454s] running install_data
[2.454s] copying resource/my_robot -> /home/waesco704/ydlidar_ws/install/my_robot/share/ament_index/resource_index/packages
[2.455s] copying package.xml -> /home/waesco704/ydlidar_ws/install/my_robot/share/my_robot
[2.455s] copying launch/bringup_slam.launch.py -> /home/waesco704/ydlidar_ws/install/my_robot/share/my_robot/launch
[2.456s] copying launch/bringup_localization.launch.py -> /home/waesco704/ydlidar_ws/install/my_robot/share/my_robot/launch
[2.456s] copying launch/bringup_navigation.launch.py -> /home/waesco704/ydlidar_ws/install/my_robot/share/my_robot/launch
[2.457s] copying config/slam_params_online_async.yaml -> /home/waesco704/ydlidar_ws/install/my_robot/share/my_robot/config
[2.457s] copying config/localization_params.yaml -> /home/waesco704/ydlidar_ws/install/my_robot/share/my_robot/config
[2.458s] copying config/nav2_params.yaml -> /home/waesco704/ydlidar_ws/install/my_robot/share/my_robot/config
[2.458s] copying config/ydlidar_slam_view.rviz -> /home/waesco704/ydlidar_ws/install/my_robot/share/my_robot/config
[2.459s] copying config/navigation_view.rviz -> /home/waesco704/ydlidar_ws/install/my_robot/share/my_robot/config
[2.459s] running install_egg_info
[2.497s] removing '/home/waesco704/ydlidar_ws/install/my_robot/lib/python3.10/site-packages/my_robot-0.0.0-py3.10.egg-info' (and everything under it)
[2.497s] Copying ../../build/my_robot/my_robot.egg-info to /home/waesco704/ydlidar_ws/install/my_robot/lib/python3.10/site-packages/my_robot-0.0.0-py3.10.egg-info
[2.500s] running install_scripts
[2.777s] Installing cmd_vel_bridge script to /home/waesco704/ydlidar_ws/install/my_robot/lib/my_robot
[2.778s] Installing reactive_avoidance script to /home/waesco704/ydlidar_ws/install/my_robot/lib/my_robot
[2.778s] Installing serial_bridge script to /home/waesco704/ydlidar_ws/install/my_robot/lib/my_robot
[2.779s] writing list of installed files to '/home/waesco704/ydlidar_ws/build/my_robot/install.log'
[2.854s] Invoked command in '/home/waesco704/ydlidar_ws/src/my_robot' returned '0': PYTHONPATH=/home/waesco704/ydlidar_ws/build/my_robot/prefix_override:/home/waesco704/.local/lib/python3.10/site-packages/colcon_core/task/python/colcon_distutils_commands:/home/waesco704/ydlidar_ws/install/my_robot/lib/python3.10/site-packages:${PYTHONPATH} /usr/bin/python3 -W ignore:setup.py install is deprecated -W ignore:easy_install command is deprecated setup.py egg_info --egg-base ../../build/my_robot build --build-base /home/waesco704/ydlidar_ws/build/my_robot/build install --record /home/waesco704/ydlidar_ws/build/my_robot/install.log --single-version-externally-managed install_data
