[0.333s] DEBUG:colcon:Command line arguments: ['/home/waesco704/.local/bin/colcon', 'build', '--packages-select', 'yolo_testing']
[0.333s] DEBUG:colcon:Parsed command line arguments: Namespace(log_base=None, log_level=None, verb_name='build', build_base='build', install_base='install', merge_install=False, symlink_install=False, test_result_base=None, continue_on_error=False, executor='parallel', parallel_workers=8, event_handlers=None, ignore_user_meta=False, metas=['./colcon.meta'], base_paths=['.'], packages_ignore=None, packages_ignore_regex=None, paths=None, packages_up_to=None, packages_up_to_regex=None, packages_above=None, packages_above_and_dependencies=None, packages_above_depth=None, packages_select_by_dep=None, packages_skip_by_dep=None, packages_skip_up_to=None, packages_select_build_failed=False, packages_skip_build_finished=False, packages_select_test_failures=False, packages_skip_test_passed=False, packages_select=['yolo_testing'], packages_skip=None, packages_select_regex=None, packages_skip_regex=None, packages_start=None, packages_end=None, cmake_args=None, cmake_target=None, cmake_target_skip_unavailable=False, cmake_clean_cache=False, cmake_clean_first=False, cmake_force_configure=False, ament_cmake_args=None, catkin_cmake_args=None, catkin_skip_building_tests=False, verb_parser=<colcon_defaults.argument_parser.defaults.DefaultArgumentsDecorator object at 0xffff82b99a50>, verb_extension=<colcon_core.verb.build.BuildVerb object at 0xffff82b99450>, main=<bound method BuildVerb.main of <colcon_core.verb.build.BuildVerb object at 0xffff82b99450>>)
[0.432s] Level 1:colcon.colcon_core.package_discovery:discover_packages(colcon_meta) check parameters
[0.432s] Level 1:colcon.colcon_core.package_discovery:discover_packages(recursive) check parameters
[0.432s] Level 1:colcon.colcon_core.package_discovery:discover_packages(ignore) check parameters
[0.433s] Level 1:colcon.colcon_core.package_discovery:discover_packages(path) check parameters
[0.433s] Level 1:colcon.colcon_core.package_discovery:discover_packages(colcon_meta) discover
[0.433s] Level 1:colcon.colcon_core.package_discovery:discover_packages(recursive) discover
[0.433s] INFO:colcon.colcon_core.package_discovery:Crawling recursively for packages in '/home/waesco704/ydlidar_ws'
[0.433s] Level 1:colcon.colcon_core.package_identification:_identify(.) by extensions ['ignore', 'ignore_ament_install']
[0.433s] Level 1:colcon.colcon_core.package_identification:_identify(.) by extension 'ignore'
[0.434s] Level 1:colcon.colcon_core.package_identification:_identify(.) by extension 'ignore_ament_install'
[0.434s] Level 1:colcon.colcon_core.package_identification:_identify(.) by extensions ['colcon_pkg']
[0.434s] Level 1:colcon.colcon_core.package_identification:_identify(.) by extension 'colcon_pkg'
[0.434s] Level 1:colcon.colcon_core.package_identification:_identify(.) by extensions ['colcon_meta']
[0.434s] Level 1:colcon.colcon_core.package_identification:_identify(.) by extension 'colcon_meta'
[0.434s] Level 1:colcon.colcon_core.package_identification:_identify(.) by extensions ['ros']
[0.434s] Level 1:colcon.colcon_core.package_identification:_identify(.) by extension 'ros'
[0.466s] Level 1:colcon.colcon_core.package_identification:_identify(.) by extensions ['cmake', 'python']
[0.466s] Level 1:colcon.colcon_core.package_identification:_identify(.) by extension 'cmake'
[0.466s] Level 1:colcon.colcon_core.package_identification:_identify(.) by extension 'python'
[0.466s] Level 1:colcon.colcon_core.package_identification:_identify(.) by extensions ['python_setup_py']
[0.466s] Level 1:colcon.colcon_core.package_identification:_identify(.) by extension 'python_setup_py'
[0.467s] Level 1:colcon.colcon_core.package_identification:_identify(build) by extensions ['ignore', 'ignore_ament_install']
[0.467s] Level 1:colcon.colcon_core.package_identification:_identify(build) by extension 'ignore'
[0.467s] Level 1:colcon.colcon_core.package_identification:_identify(build) ignored
[0.467s] Level 1:colcon.colcon_core.package_identification:_identify(install) by extensions ['ignore', 'ignore_ament_install']
[0.467s] Level 1:colcon.colcon_core.package_identification:_identify(install) by extension 'ignore'
[0.467s] Level 1:colcon.colcon_core.package_identification:_identify(install) ignored
[0.468s] Level 1:colcon.colcon_core.package_identification:_identify(log) by extensions ['ignore', 'ignore_ament_install']
[0.468s] Level 1:colcon.colcon_core.package_identification:_identify(log) by extension 'ignore'
[0.468s] Level 1:colcon.colcon_core.package_identification:_identify(log) ignored
[0.468s] Level 1:colcon.colcon_core.package_identification:_identify(src) by extensions ['ignore', 'ignore_ament_install']
[0.468s] Level 1:colcon.colcon_core.package_identification:_identify(src) by extension 'ignore'
[0.468s] Level 1:colcon.colcon_core.package_identification:_identify(src) by extension 'ignore_ament_install'
[0.469s] Level 1:colcon.colcon_core.package_identification:_identify(src) by extensions ['colcon_pkg']
[0.469s] Level 1:colcon.colcon_core.package_identification:_identify(src) by extension 'colcon_pkg'
[0.469s] Level 1:colcon.colcon_core.package_identification:_identify(src) by extensions ['colcon_meta']
[0.469s] Level 1:colcon.colcon_core.package_identification:_identify(src) by extension 'colcon_meta'
[0.469s] Level 1:colcon.colcon_core.package_identification:_identify(src) by extensions ['ros']
[0.469s] Level 1:colcon.colcon_core.package_identification:_identify(src) by extension 'ros'
[0.469s] Level 1:colcon.colcon_core.package_identification:_identify(src) by extensions ['cmake', 'python']
[0.469s] Level 1:colcon.colcon_core.package_identification:_identify(src) by extension 'cmake'
[0.469s] Level 1:colcon.colcon_core.package_identification:_identify(src) by extension 'python'
[0.469s] Level 1:colcon.colcon_core.package_identification:_identify(src) by extensions ['python_setup_py']
[0.469s] Level 1:colcon.colcon_core.package_identification:_identify(src) by extension 'python_setup_py'
[0.470s] Level 1:colcon.colcon_core.package_identification:_identify(src/YDLidar-SDK) by extensions ['ignore', 'ignore_ament_install']
[0.470s] Level 1:colcon.colcon_core.package_identification:_identify(src/YDLidar-SDK) by extension 'ignore'
[0.470s] Level 1:colcon.colcon_core.package_identification:_identify(src/YDLidar-SDK) by extension 'ignore_ament_install'
[0.470s] Level 1:colcon.colcon_core.package_identification:_identify(src/YDLidar-SDK) by extensions ['colcon_pkg']
[0.470s] Level 1:colcon.colcon_core.package_identification:_identify(src/YDLidar-SDK) by extension 'colcon_pkg'
[0.470s] Level 1:colcon.colcon_core.package_identification:_identify(src/YDLidar-SDK) by extensions ['colcon_meta']
[0.470s] Level 1:colcon.colcon_core.package_identification:_identify(src/YDLidar-SDK) by extension 'colcon_meta'
[0.470s] Level 1:colcon.colcon_core.package_identification:_identify(src/YDLidar-SDK) by extensions ['ros']
[0.470s] Level 1:colcon.colcon_core.package_identification:_identify(src/YDLidar-SDK) by extension 'ros'
[0.471s] Level 1:colcon.colcon_core.package_identification:_identify(src/YDLidar-SDK) by extensions ['cmake', 'python']
[0.471s] Level 1:colcon.colcon_core.package_identification:_identify(src/YDLidar-SDK) by extension 'cmake'
[0.511s] Level 1:colcon.colcon_core.package_identification:_identify(src/YDLidar-SDK) by extension 'python'
[0.511s] DEBUG:colcon.colcon_core.package_identification:Package 'src/YDLidar-SDK' with type 'cmake' and name 'ydlidar_sdk'
[0.512s] Level 1:colcon.colcon_core.package_identification:_identify(src/lidar_manual) by extensions ['ignore', 'ignore_ament_install']
[0.512s] Level 1:colcon.colcon_core.package_identification:_identify(src/lidar_manual) by extension 'ignore'
[0.512s] Level 1:colcon.colcon_core.package_identification:_identify(src/lidar_manual) by extension 'ignore_ament_install'
[0.512s] Level 1:colcon.colcon_core.package_identification:_identify(src/lidar_manual) by extensions ['colcon_pkg']
[0.512s] Level 1:colcon.colcon_core.package_identification:_identify(src/lidar_manual) by extension 'colcon_pkg'
[0.512s] Level 1:colcon.colcon_core.package_identification:_identify(src/lidar_manual) by extensions ['colcon_meta']
[0.512s] Level 1:colcon.colcon_core.package_identification:_identify(src/lidar_manual) by extension 'colcon_meta'
[0.513s] Level 1:colcon.colcon_core.package_identification:_identify(src/lidar_manual) by extensions ['ros']
[0.513s] Level 1:colcon.colcon_core.package_identification:_identify(src/lidar_manual) by extension 'ros'
[0.513s] Level 1:colcon.colcon_core.package_identification:_identify(src/lidar_manual) by extensions ['cmake', 'python']
[0.513s] Level 1:colcon.colcon_core.package_identification:_identify(src/lidar_manual) by extension 'cmake'
[0.517s] Level 1:colcon.colcon_core.package_identification:_identify(src/lidar_manual) by extension 'python'
[0.517s] DEBUG:colcon.colcon_core.package_identification:Package 'src/lidar_manual' with type 'cmake' and name 'lidar_manual'
[0.517s] Level 1:colcon.colcon_core.package_identification:_identify(src/lidar_test) by extensions ['ignore', 'ignore_ament_install']
[0.517s] Level 1:colcon.colcon_core.package_identification:_identify(src/lidar_test) by extension 'ignore'
[0.518s] Level 1:colcon.colcon_core.package_identification:_identify(src/lidar_test) by extension 'ignore_ament_install'
[0.518s] Level 1:colcon.colcon_core.package_identification:_identify(src/lidar_test) by extensions ['colcon_pkg']
[0.518s] Level 1:colcon.colcon_core.package_identification:_identify(src/lidar_test) by extension 'colcon_pkg'
[0.518s] Level 1:colcon.colcon_core.package_identification:_identify(src/lidar_test) by extensions ['colcon_meta']
[0.518s] Level 1:colcon.colcon_core.package_identification:_identify(src/lidar_test) by extension 'colcon_meta'
[0.518s] Level 1:colcon.colcon_core.package_identification:_identify(src/lidar_test) by extensions ['ros']
[0.518s] Level 1:colcon.colcon_core.package_identification:_identify(src/lidar_test) by extension 'ros'
[0.518s] Level 1:colcon.colcon_core.package_identification:_identify(src/lidar_test) by extensions ['cmake', 'python']
[0.518s] Level 1:colcon.colcon_core.package_identification:_identify(src/lidar_test) by extension 'cmake'
[0.522s] Level 1:colcon.colcon_core.package_identification:_identify(src/lidar_test) by extension 'python'
[0.523s] DEBUG:colcon.colcon_core.package_identification:Package 'src/lidar_test' with type 'cmake' and name 'lidar_test'
[0.523s] Level 1:colcon.colcon_core.package_identification:_identify(src/my_robot) by extensions ['ignore', 'ignore_ament_install']
[0.523s] Level 1:colcon.colcon_core.package_identification:_identify(src/my_robot) by extension 'ignore'
[0.523s] Level 1:colcon.colcon_core.package_identification:_identify(src/my_robot) by extension 'ignore_ament_install'
[0.523s] Level 1:colcon.colcon_core.package_identification:_identify(src/my_robot) by extensions ['colcon_pkg']
[0.523s] Level 1:colcon.colcon_core.package_identification:_identify(src/my_robot) by extension 'colcon_pkg'
[0.523s] Level 1:colcon.colcon_core.package_identification:_identify(src/my_robot) by extensions ['colcon_meta']
[0.523s] Level 1:colcon.colcon_core.package_identification:_identify(src/my_robot) by extension 'colcon_meta'
[0.524s] Level 1:colcon.colcon_core.package_identification:_identify(src/my_robot) by extensions ['ros']
[0.524s] Level 1:colcon.colcon_core.package_identification:_identify(src/my_robot) by extension 'ros'
[0.529s] DEBUG:colcon.colcon_core.package_identification:Package 'src/my_robot' with type 'ros.ament_python' and name 'my_robot'
[0.529s] Level 1:colcon.colcon_core.package_identification:_identify(src/ydlidar_ros2_driver) by extensions ['ignore', 'ignore_ament_install']
[0.529s] Level 1:colcon.colcon_core.package_identification:_identify(src/ydlidar_ros2_driver) by extension 'ignore'
[0.529s] Level 1:colcon.colcon_core.package_identification:_identify(src/ydlidar_ros2_driver) by extension 'ignore_ament_install'
[0.529s] Level 1:colcon.colcon_core.package_identification:_identify(src/ydlidar_ros2_driver) by extensions ['colcon_pkg']
[0.529s] Level 1:colcon.colcon_core.package_identification:_identify(src/ydlidar_ros2_driver) by extension 'colcon_pkg'
[0.530s] Level 1:colcon.colcon_core.package_identification:_identify(src/ydlidar_ros2_driver) by extensions ['colcon_meta']
[0.530s] Level 1:colcon.colcon_core.package_identification:_identify(src/ydlidar_ros2_driver) by extension 'colcon_meta'
[0.530s] Level 1:colcon.colcon_core.package_identification:_identify(src/ydlidar_ros2_driver) by extensions ['ros']
[0.530s] Level 1:colcon.colcon_core.package_identification:_identify(src/ydlidar_ros2_driver) by extension 'ros'
[0.531s] DEBUG:colcon.colcon_core.package_identification:Package 'src/ydlidar_ros2_driver' with type 'ros.ament_cmake' and name 'ydlidar_ros2_driver'
[0.532s] Level 1:colcon.colcon_core.package_identification:_identify(src/yolo_testing) by extensions ['ignore', 'ignore_ament_install']
[0.532s] Level 1:colcon.colcon_core.package_identification:_identify(src/yolo_testing) by extension 'ignore'
[0.532s] Level 1:colcon.colcon_core.package_identification:_identify(src/yolo_testing) by extension 'ignore_ament_install'
[0.532s] Level 1:colcon.colcon_core.package_identification:_identify(src/yolo_testing) by extensions ['colcon_pkg']
[0.532s] Level 1:colcon.colcon_core.package_identification:_identify(src/yolo_testing) by extension 'colcon_pkg'
[0.533s] Level 1:colcon.colcon_core.package_identification:_identify(src/yolo_testing) by extensions ['colcon_meta']
[0.533s] Level 1:colcon.colcon_core.package_identification:_identify(src/yolo_testing) by extension 'colcon_meta'
[0.533s] Level 1:colcon.colcon_core.package_identification:_identify(src/yolo_testing) by extensions ['ros']
[0.533s] Level 1:colcon.colcon_core.package_identification:_identify(src/yolo_testing) by extension 'ros'
[0.535s] DEBUG:colcon.colcon_core.package_identification:Package 'src/yolo_testing' with type 'ros.ament_python' and name 'yolo_testing'
[0.535s] Level 1:colcon.colcon_core.package_discovery:discover_packages(recursive) using defaults
[0.536s] Level 1:colcon.colcon_core.package_discovery:discover_packages(ignore) discover
[0.536s] Level 1:colcon.colcon_core.package_discovery:discover_packages(ignore) using defaults
[0.536s] Level 1:colcon.colcon_core.package_discovery:discover_packages(path) discover
[0.536s] Level 1:colcon.colcon_core.package_discovery:discover_packages(path) using defaults
[0.580s] INFO:colcon.colcon_core.package_selection:Skipping not selected package 'lidar_manual' in 'src/lidar_manual'
[0.581s] INFO:colcon.colcon_core.package_selection:Skipping not selected package 'lidar_test' in 'src/lidar_test'
[0.581s] INFO:colcon.colcon_core.package_selection:Skipping not selected package 'my_robot' in 'src/my_robot'
[0.581s] INFO:colcon.colcon_core.package_selection:Skipping not selected package 'ydlidar_ros2_driver' in 'src/ydlidar_ros2_driver'
[0.581s] INFO:colcon.colcon_core.package_selection:Skipping not selected package 'ydlidar_sdk' in 'src/YDLidar-SDK'
[0.582s] Level 5:colcon.colcon_core.verb:set package 'yolo_testing' build argument 'cmake_args' from command line to 'None'
[0.582s] Level 5:colcon.colcon_core.verb:set package 'yolo_testing' build argument 'cmake_target' from command line to 'None'
[0.582s] Level 5:colcon.colcon_core.verb:set package 'yolo_testing' build argument 'cmake_target_skip_unavailable' from command line to 'False'
[0.582s] Level 5:colcon.colcon_core.verb:set package 'yolo_testing' build argument 'cmake_clean_cache' from command line to 'False'
[0.582s] Level 5:colcon.colcon_core.verb:set package 'yolo_testing' build argument 'cmake_clean_first' from command line to 'False'
[0.582s] Level 5:colcon.colcon_core.verb:set package 'yolo_testing' build argument 'cmake_force_configure' from command line to 'False'
[0.582s] Level 5:colcon.colcon_core.verb:set package 'yolo_testing' build argument 'ament_cmake_args' from command line to 'None'
[0.582s] Level 5:colcon.colcon_core.verb:set package 'yolo_testing' build argument 'catkin_cmake_args' from command line to 'None'
[0.582s] Level 5:colcon.colcon_core.verb:set package 'yolo_testing' build argument 'catkin_skip_building_tests' from command line to 'False'
[0.582s] DEBUG:colcon.colcon_core.verb:Building package 'yolo_testing' with the following arguments: {'ament_cmake_args': None, 'build_base': '/home/waesco704/ydlidar_ws/build/yolo_testing', 'catkin_cmake_args': None, 'catkin_skip_building_tests': False, 'cmake_args': None, 'cmake_clean_cache': False, 'cmake_clean_first': False, 'cmake_force_configure': False, 'cmake_target': None, 'cmake_target_skip_unavailable': False, 'install_base': '/home/waesco704/ydlidar_ws/install/yolo_testing', 'merge_install': False, 'path': '/home/waesco704/ydlidar_ws/src/yolo_testing', 'symlink_install': False, 'test_result_base': None}
[0.583s] INFO:colcon.colcon_core.executor:Executing jobs using 'parallel' executor
[0.585s] DEBUG:colcon.colcon_parallel_executor.executor.parallel:run_until_complete
[0.586s] INFO:colcon.colcon_ros.task.ament_python.build:Building ROS package in '/home/waesco704/ydlidar_ws/src/yolo_testing' with build type 'ament_python'
[0.586s] Level 1:colcon.colcon_core.shell:create_environment_hook('yolo_testing', 'ament_prefix_path')
[0.591s] INFO:colcon.colcon_core.plugin_system:Skipping extension 'colcon_core.shell.bat': Not used on non-Windows systems
[0.591s] INFO:colcon.colcon_core.shell:Creating environment hook '/home/waesco704/ydlidar_ws/install/yolo_testing/share/yolo_testing/hook/ament_prefix_path.ps1'
[0.593s] INFO:colcon.colcon_core.shell:Creating environment descriptor '/home/waesco704/ydlidar_ws/install/yolo_testing/share/yolo_testing/hook/ament_prefix_path.dsv'
[0.594s] INFO:colcon.colcon_core.shell:Creating environment hook '/home/waesco704/ydlidar_ws/install/yolo_testing/share/yolo_testing/hook/ament_prefix_path.sh'
[0.595s] INFO:colcon.colcon_core.shell:Skip shell extension 'powershell' for command environment: Not usable outside of PowerShell
[0.595s] DEBUG:colcon.colcon_core.shell:Skip shell extension 'dsv' for command environment
[1.076s] INFO:colcon.colcon_core.task.python.build:Building Python package in '/home/waesco704/ydlidar_ws/src/yolo_testing'
[1.077s] INFO:colcon.colcon_core.shell:Skip shell extension 'powershell' for command environment: Not usable outside of PowerShell
[1.077s] DEBUG:colcon.colcon_core.shell:Skip shell extension 'dsv' for command environment
[2.428s] DEBUG:colcon.colcon_core.event_handler.log_command:Invoking command in '/home/waesco704/ydlidar_ws/build/yolo_testing': PYTHONPATH=/home/waesco704/ydlidar_ws/build/yolo_testing/prefix_override:/home/waesco704/.local/lib/python3.10/site-packages/colcon_core/task/python/colcon_distutils_commands:/home/waesco704/ydlidar_ws/install/yolo_testing/lib/python3.10/site-packages:${PYTHONPATH} /usr/bin/python3 -W ignore:setup.py install is deprecated -W ignore:easy_install command is deprecated setup.py develop --uninstall --editable --build-directory /home/waesco704/ydlidar_ws/build/yolo_testing/build
[3.643s] DEBUG:colcon.colcon_core.event_handler.log_command:Invoked command in '/home/waesco704/ydlidar_ws/build/yolo_testing' returned '0': PYTHONPATH=/home/waesco704/ydlidar_ws/build/yolo_testing/prefix_override:/home/waesco704/.local/lib/python3.10/site-packages/colcon_core/task/python/colcon_distutils_commands:/home/waesco704/ydlidar_ws/install/yolo_testing/lib/python3.10/site-packages:${PYTHONPATH} /usr/bin/python3 -W ignore:setup.py install is deprecated -W ignore:easy_install command is deprecated setup.py develop --uninstall --editable --build-directory /home/waesco704/ydlidar_ws/build/yolo_testing/build
[3.648s] DEBUG:colcon.colcon_core.event_handler.log_command:Invoking command in '/home/waesco704/ydlidar_ws/src/yolo_testing': PYTHONPATH=/home/waesco704/ydlidar_ws/build/yolo_testing/prefix_override:/home/waesco704/.local/lib/python3.10/site-packages/colcon_core/task/python/colcon_distutils_commands:/home/waesco704/ydlidar_ws/install/yolo_testing/lib/python3.10/site-packages:${PYTHONPATH} /usr/bin/python3 -W ignore:setup.py install is deprecated -W ignore:easy_install command is deprecated setup.py egg_info --egg-base ../../build/yolo_testing build --build-base /home/waesco704/ydlidar_ws/build/yolo_testing/build install --record /home/waesco704/ydlidar_ws/build/yolo_testing/install.log --single-version-externally-managed install_data --force
[4.853s] DEBUG:colcon.colcon_core.event_handler.log_command:Invoked command in '/home/waesco704/ydlidar_ws/src/yolo_testing' returned '0': PYTHONPATH=/home/waesco704/ydlidar_ws/build/yolo_testing/prefix_override:/home/waesco704/.local/lib/python3.10/site-packages/colcon_core/task/python/colcon_distutils_commands:/home/waesco704/ydlidar_ws/install/yolo_testing/lib/python3.10/site-packages:${PYTHONPATH} /usr/bin/python3 -W ignore:setup.py install is deprecated -W ignore:easy_install command is deprecated setup.py egg_info --egg-base ../../build/yolo_testing build --build-base /home/waesco704/ydlidar_ws/build/yolo_testing/build install --record /home/waesco704/ydlidar_ws/build/yolo_testing/install.log --single-version-externally-managed install_data --force
[4.862s] Level 1:colcon.colcon_core.environment:checking '/home/waesco704/ydlidar_ws/install/yolo_testing' for CMake module files
[4.863s] Level 1:colcon.colcon_core.environment:checking '/home/waesco704/ydlidar_ws/install/yolo_testing' for CMake config files
[4.866s] Level 1:colcon.colcon_core.environment:checking '/home/waesco704/ydlidar_ws/install/yolo_testing/lib'
[4.867s] Level 1:colcon.colcon_core.environment:checking '/home/waesco704/ydlidar_ws/install/yolo_testing/bin'
[4.867s] Level 1:colcon.colcon_core.environment:checking '/home/waesco704/ydlidar_ws/install/yolo_testing/lib/pkgconfig/yolo_testing.pc'
[4.867s] Level 1:colcon.colcon_core.environment:checking '/home/waesco704/ydlidar_ws/install/yolo_testing/lib/python3.10/site-packages'
[4.868s] Level 1:colcon.colcon_core.shell:create_environment_hook('yolo_testing', 'pythonpath')
[4.868s] INFO:colcon.colcon_core.shell:Creating environment hook '/home/waesco704/ydlidar_ws/install/yolo_testing/share/yolo_testing/hook/pythonpath.ps1'
[4.870s] INFO:colcon.colcon_core.shell:Creating environment descriptor '/home/waesco704/ydlidar_ws/install/yolo_testing/share/yolo_testing/hook/pythonpath.dsv'
[4.872s] INFO:colcon.colcon_core.shell:Creating environment hook '/home/waesco704/ydlidar_ws/install/yolo_testing/share/yolo_testing/hook/pythonpath.sh'
[4.873s] Level 1:colcon.colcon_core.environment:checking '/home/waesco704/ydlidar_ws/install/yolo_testing/bin'
[4.873s] Level 1:colcon.colcon_core.environment:create_environment_scripts_only(yolo_testing)
[4.874s] INFO:colcon.colcon_core.shell:Creating package script '/home/waesco704/ydlidar_ws/install/yolo_testing/share/yolo_testing/package.ps1'
[4.876s] INFO:colcon.colcon_core.shell:Creating package descriptor '/home/waesco704/ydlidar_ws/install/yolo_testing/share/yolo_testing/package.dsv'
[4.878s] INFO:colcon.colcon_core.shell:Creating package script '/home/waesco704/ydlidar_ws/install/yolo_testing/share/yolo_testing/package.sh'
[4.880s] INFO:colcon.colcon_core.shell:Creating package script '/home/waesco704/ydlidar_ws/install/yolo_testing/share/yolo_testing/package.bash'
[4.883s] INFO:colcon.colcon_core.shell:Creating package script '/home/waesco704/ydlidar_ws/install/yolo_testing/share/yolo_testing/package.zsh'
[4.886s] Level 1:colcon.colcon_core.environment:create_file_with_runtime_dependencies(/home/waesco704/ydlidar_ws/install/yolo_testing/share/colcon-core/packages/yolo_testing)
[4.887s] DEBUG:colcon.colcon_parallel_executor.executor.parallel:closing loop
[4.888s] DEBUG:colcon.colcon_parallel_executor.executor.parallel:loop closed
[4.889s] DEBUG:colcon.colcon_parallel_executor.executor.parallel:run_until_complete finished with '0'
[4.889s] DEBUG:colcon.colcon_core.event_reactor:joining thread
[4.909s] INFO:colcon.colcon_core.plugin_system:Skipping extension 'colcon_notification.desktop_notification.terminal_notifier': Not used on non-Darwin systems
[4.909s] INFO:colcon.colcon_core.plugin_system:Skipping extension 'colcon_notification.desktop_notification.win32': Not used on non-Windows systems
[4.909s] INFO:colcon.colcon_notification.desktop_notification:Sending desktop notification using 'notify2'
[4.953s] DEBUG:colcon.colcon_core.event_reactor:joined thread
[4.954s] INFO:colcon.colcon_core.shell:Creating prefix script '/home/waesco704/ydlidar_ws/install/local_setup.ps1'
[4.957s] INFO:colcon.colcon_core.shell:Creating prefix util module '/home/waesco704/ydlidar_ws/install/_local_setup_util_ps1.py'
[4.961s] INFO:colcon.colcon_core.shell:Creating prefix chain script '/home/waesco704/ydlidar_ws/install/setup.ps1'
[4.965s] INFO:colcon.colcon_core.shell:Creating prefix script '/home/waesco704/ydlidar_ws/install/local_setup.sh'
[4.967s] INFO:colcon.colcon_core.shell:Creating prefix util module '/home/waesco704/ydlidar_ws/install/_local_setup_util_sh.py'
[4.969s] INFO:colcon.colcon_core.shell:Creating prefix chain script '/home/waesco704/ydlidar_ws/install/setup.sh'
[4.973s] INFO:colcon.colcon_core.shell:Creating prefix script '/home/waesco704/ydlidar_ws/install/local_setup.bash'
[4.975s] INFO:colcon.colcon_core.shell:Creating prefix chain script '/home/waesco704/ydlidar_ws/install/setup.bash'
[4.979s] INFO:colcon.colcon_core.shell:Creating prefix script '/home/waesco704/ydlidar_ws/install/local_setup.zsh'
[4.981s] INFO:colcon.colcon_core.shell:Creating prefix chain script '/home/waesco704/ydlidar_ws/install/setup.zsh'
